02:09:41 --->   row_id 0 - Actual: Allergy / Immunology | Predicted: Allergy / Immunology

02:10:12 --->   row_id 3 - Actual: Cardiovascular / Pulmonary | Predicted: Cardiovascular / Pulmonary

02:10:52 --->   row_id 4 - Actual: Cardiovascular / Pulmonary | Predicted: Cardiovascular / Pulmonary

02:11:20 --->   row_id 7 - Actual: Cardiovascular / Pulmonary | Predicted: Cardiovascular / Pulmonary

02:11:34 --->   row_id 9 - Actual: Cardiovascular / Pulmonary | Predicted: Cardiovascular / Pulmonary

02:12:05 --->   row_id 11 - Actual: Cardiovascular / Pulmonary | Predicted: Cardiovascular / Pulmonary

02:12:33 --->   row_id 16 - Actual: Cardiovascular / Pulmonary | Predicted: Cardiovascular / Pulmonary

02:13:05 --->   row_id 19 - Actual: General Medicine | Predicted: Gastroenterology

02:13:44 --->   row_id 1454 - Actual: Sleep Medicine | Predicted: Sleep Medicine

02:14:15 --->   row_id 1457 - Actual: Sleep Medicine | Predicted: Sleep Medicine

02:14:47 --->   row_id 1458 - Actual: Sleep Medicine | Predicted: Sleep Medicine

02:15:34 --->   row_id 1459 - Actual: Sleep Medicine | Predicted: Sleep Medicine

02:16:12 --->   row_id 1460 - Actual: Sleep Medicine | Predicted: Sleep Medicine

02:16:58 --->   row_id 1461 - Actual: Sleep Medicine | Predicted: Sleep Medicine

02:17:42 --->   row_id 1462 - Actual: Sleep Medicine | Predicted: Sleep Medicine

02:18:23 --->   row_id 1463 - Actual: Sleep Medicine | Predicted: Sleep Medicine

02:18:45 --->   row_id 1464 - Actual: Sleep Medicine | Predicted: Sleep Medicine

02:19:11 --->   row_id 1465 - Actual: Sleep Medicine | Predicted: Sleep Medicine

02:20:24 --->   row_id 1466 - Actual: Sleep Medicine | Predicted: Sleep Medicine

02:21:04 --->   row_id 1467 - Actual: Sleep Medicine | Predicted: Sleep Medicine

02:21:30 --->   row_id 1468 - Actual: Sleep Medicine | Predicted: Sleep Medicine

02:22:05 --->   row_id 1469 - Actual: Sleep Medicine | Predicted: Sleep Medicine

02:22:33 --->   row_id 1470 - Actual: Sleep Medicine | Predicted: Sleep Medicine

02:23:19 --->   row_id 1471 - Actual: Sleep Medicine | Predicted: General Medicine

02:23:49 --->   row_id 1472 - Actual: Sleep Medicine | Predicted: General Medicine

02:24:25 --->   row_id 1473 - Actual: Sleep Medicine | Predicted: General Medicine

02:24:44 --->   row_id 1474 - Actual: Sleep Medicine | Predicted: Sleep Medicine

02:25:31 --->   row_id 1475 - Actual: Rheumatology | Predicted: Rheumatology

02:26:00 --->   row_id 1476 - Actual: Sleep Medicine | Predicted: Sleep Medicine

02:26:33 --->   row_id 1477 - Actual: Rheumatology | Predicted: Rheumatology

02:27:17 --->   row_id 1478 - Actual: Rheumatology | Predicted: none

02:28:03 --->   row_id 1479 - Actual: Rheumatology | Predicted: Rheumatology

02:28:25 --->   row_id 1480 - Actual: Rheumatology | Predicted: Rheumatology

02:29:01 --->   row_id 1481 - Actual: Rheumatology | Predicted: Rheumatology

02:29:46 --->   row_id 1482 - Actual: Rheumatology | Predicted: Rheumatology

02:30:55 --->   row_id 1483 - Actual: Rheumatology | Predicted: none

02:31:41 --->   row_id 1484 - Actual: Rheumatology | Predicted: Rheumatology

02:32:08 --->   row_id 1487 - Actual: Rheumatology | Predicted: Rheumatology

02:32:35 --->   row_id 2974 - Actual: Nephrology | Predicted: Nephrology

02:32:48 --->   row_id 2975 - Actual: Nephrology | Predicted: Nephrology

02:33:19 --->   row_id 2977 - Actual: Nephrology | Predicted: Nephrology

02:34:00 --->   row_id 2978 - Actual: Nephrology | Predicted: Nephrology

02:34:47 --->   row_id 2979 - Actual: Nephrology | Predicted: Cardiovascular / Pulmonary

02:35:08 --->   row_id 2981 - Actual: Nephrology | Predicted: Nephrology

02:35:27 --->   row_id 2983 - Actual: Nephrology | Predicted: Cardiovascular / Pulmonary

02:36:12 --->   row_id 2984 - Actual: Nephrology | Predicted: Nephrology

02:36:26 --->   row_id 2985 - Actual: Nephrology | Predicted: Nephrology

02:36:54 --->   row_id 2986 - Actual: Nephrology | Predicted: Nephrology

02:37:20 --->   row_id 2987 - Actual: Nephrology | Predicted: Nephrology

02:38:00 --->   row_id 2988 - Actual: Nephrology | Predicted: Nephrology

02:38:12 --->   row_id 2989 - Actual: Nephrology | Predicted: Nephrology

02:38:52 --->   row_id 2990 - Actual: Nephrology | Predicted: Nephrology

02:39:22 --->   row_id 2991 - Actual: Nephrology | Predicted: Nephrology

02:39:50 --->   row_id 2992 - Actual: Nephrology | Predicted: General Medicine

02:40:26 --->   row_id 2993 - Actual: Nephrology | Predicted: Nephrology

02:40:57 --->   row_id 2994 - Actual: Nephrology | Predicted: Nephrology

02:41:27 --->   row_id 2995 - Actual: Nephrology | Predicted: Nephrology

02:41:58 --->   row_id 2996 - Actual: Nephrology | Predicted: Nephrology

02:42:25 --->   row_id 2997 - Actual: Nephrology | Predicted: Nephrology

02:42:53 --->   row_id 2998 - Actual: Nephrology | Predicted: Nephrology

02:43:14 --->   row_id 2999 - Actual: Nephrology | Predicted: Nephrology

02:43:46 --->   row_id 3000 - Actual: Nephrology | Predicted: Nephrology

02:44:14 --->   row_id 3001 - Actual: Nephrology | Predicted: Nephrology

02:44:43 --->   row_id 3002 - Actual: Nephrology | Predicted: Nephrology

02:45:16 --->   row_id 3003 - Actual: Nephrology | Predicted: Nephrology

02:45:40 --->   row_id 3004 - Actual: Nephrology | Predicted: Nephrology

02:45:58 --->   row_id 3005 - Actual: Nephrology | Predicted: Nephrology

02:46:12 --->   row_id 3006 - Actual: Nephrology | Predicted: Nephrology

02:46:32 --->   row_id 3007 - Actual: Nephrology | Predicted: Nephrology

02:47:00 --->   row_id 3008 - Actual: Nephrology | Predicted: Nephrology

02:47:27 --->   row_id 3009 - Actual: Nephrology | Predicted: Nephrology

02:48:06 --->   row_id 3010 - Actual: Nephrology | Predicted: Nephrology

02:48:36 --->   row_id 3011 - Actual: Nephrology | Predicted: General Medicine

02:49:06 --->   row_id 3012 - Actual: Nephrology | Predicted: Nephrology

02:49:55 --->   row_id 3013 - Actual: Nephrology | Predicted: Nephrology

02:50:21 --->   row_id 3014 - Actual: Nephrology | Predicted: Nephrology

02:50:45 --->   row_id 3015 - Actual: Nephrology | Predicted: Nephrology

02:51:23 --->   row_id 3016 - Actual: Nephrology | Predicted: Nephrology

02:51:41 --->   row_id 3017 - Actual: Nephrology | Predicted: Nephrology

02:52:12 --->   row_id 3018 - Actual: Nephrology | Predicted: Nephrology

02:52:34 --->   row_id 3019 - Actual: Nephrology | Predicted: Nephrology

02:53:14 --->   row_id 3020 - Actual: Nephrology | Predicted: none

02:53:51 --->   row_id 3021 - Actual: Nephrology | Predicted: Nephrology

02:54:20 --->   row_id 3022 - Actual: Nephrology | Predicted: Nephrology

02:54:44 --->   row_id 3023 - Actual: Nephrology | Predicted: Nephrology

02:55:15 --->   row_id 3024 - Actual: Nephrology | Predicted: Nephrology

02:55:44 --->   row_id 3025 - Actual: Nephrology | Predicted: Nephrology

02:56:17 --->   row_id 3026 - Actual: Nephrology | Predicted: Gastroenterology

02:56:58 --->   row_id 3027 - Actual: Nephrology | Predicted: Gastroenterology

02:57:17 --->   row_id 3028 - Actual: Nephrology | Predicted: Nephrology

02:57:44 --->   row_id 3029 - Actual: Nephrology | Predicted: Nephrology

02:58:07 --->   row_id 3030 - Actual: Nephrology | Predicted: Nephrology

02:58:26 --->   row_id 3031 - Actual: Nephrology | Predicted: Gastroenterology

02:59:01 --->   row_id 3032 - Actual: Nephrology | Predicted: Nephrology

02:59:24 --->   row_id 3033 - Actual: Nephrology | Predicted: Nephrology

03:00:04 --->   row_id 3034 - Actual: Nephrology | Predicted: General Medicine

03:00:28 --->   row_id 3035 - Actual: Nephrology | Predicted: Gastroenterology

03:01:09 --->   row_id 3036 - Actual: Nephrology | Predicted: Gastroenterology

03:01:52 --->   row_id 3037 - Actual: Nephrology | Predicted: Cardiovascular / Pulmonary

03:02:23 --->   row_id 3038 - Actual: Nephrology | Predicted: General Medicine

03:03:07 --->   row_id 3039 - Actual: Nephrology | Predicted: Gastroenterology

03:03:31 --->   row_id 3040 - Actual: Nephrology | Predicted: Gastroenterology

03:03:57 --->   row_id 3041 - Actual: Nephrology | Predicted: Cardiovascular / Pulmonary

03:04:20 --->   row_id 3042 - Actual: Nephrology | Predicted: Nephrology

03:04:50 --->   row_id 3043 - Actual: Nephrology | Predicted: Endocrinology

03:05:17 --->   row_id 3044 - Actual: Nephrology | Predicted: Gastroenterology

03:05:44 --->   row_id 3045 - Actual: Nephrology | Predicted: Nephrology

03:06:03 --->   row_id 3046 - Actual: Nephrology | Predicted: Nephrology

03:06:56 --->   row_id 3047 - Actual: Nephrology | Predicted: Nephrology

03:07:12 --->   row_id 3048 - Actual: Nephrology | Predicted: Nephrology

03:07:45 --->   row_id 3049 - Actual: Nephrology | Predicted: Nephrology

03:08:03 --->   row_id 3050 - Actual: Nephrology | Predicted: Nephrology

03:08:16 --->   row_id 3051 - Actual: Nephrology | Predicted: Nephrology

03:09:03 --->   row_id 3052 - Actual: Nephrology | Predicted: none

03:09:40 --->   row_id 3053 - Actual: Nephrology | Predicted: Nephrology

03:10:12 --->   row_id 3054 - Actual: Nephrology | Predicted: Nephrology

03:10:33 --->   row_id 3055 - Actual: Nephrology | Predicted: Nephrology

03:11:13 --->   row_id 3056 - Actual: Nephrology | Predicted: Nephrology

03:11:51 --->   row_id 3063 - Actual: Nephrology | Predicted: Nephrology

03:12:09 --->   row_id 3110 - Actual: Hematology - Oncology | Predicted: Endocrinology

03:12:39 --->   row_id 3112 - Actual: Hematology - Oncology | Predicted: none

03:13:08 --->   row_id 3113 - Actual: Hematology - Oncology | Predicted: none

03:13:35 --->   row_id 3114 - Actual: Hematology - Oncology | Predicted: none

03:13:58 --->   row_id 3115 - Actual: Hematology - Oncology | Predicted: none

03:14:36 --->   row_id 3116 - Actual: Hematology - Oncology | Predicted: Gastroenterology

03:15:05 --->   row_id 3117 - Actual: Hematology - Oncology | Predicted: none

03:15:40 --->   row_id 3118 - Actual: Hematology - Oncology | Predicted: none

03:16:04 --->   row_id 3119 - Actual: Hematology - Oncology | Predicted: none

03:16:38 --->   row_id 3120 - Actual: Hematology - Oncology | Predicted: none

03:17:16 --->   row_id 3121 - Actual: Hematology - Oncology | Predicted: none

03:17:40 --->   row_id 3122 - Actual: Hematology - Oncology | Predicted: none

03:18:05 --->   row_id 3123 - Actual: Hematology - Oncology | Predicted: none

03:18:31 --->   row_id 3124 - Actual: Hematology - Oncology | Predicted: none

03:19:15 --->   row_id 3125 - Actual: Hematology - Oncology | Predicted: Nephrology

03:19:44 --->   row_id 3126 - Actual: Hematology - Oncology | Predicted: Endocrinology

03:20:22 --->   row_id 3127 - Actual: Hematology - Oncology | Predicted: none

03:20:54 --->   row_id 3128 - Actual: Hematology - Oncology | Predicted: none

03:21:14 --->   row_id 3129 - Actual: Hematology - Oncology | Predicted: none

03:21:57 --->   row_id 3130 - Actual: Hematology - Oncology | Predicted: General Medicine

03:22:36 --->   row_id 3131 - Actual: Hematology - Oncology | Predicted: none

03:22:59 --->   row_id 3132 - Actual: Hematology - Oncology | Predicted: none

03:23:45 --->   row_id 3133 - Actual: Hematology - Oncology | Predicted: none

03:24:06 --->   row_id 3134 - Actual: Hematology - Oncology | Predicted: Endocrinology

03:24:43 --->   row_id 3135 - Actual: Hematology - Oncology | Predicted: Cardiovascular / Pulmonary

03:25:07 --->   row_id 3136 - Actual: Hematology - Oncology | Predicted: none

03:25:35 --->   row_id 3137 - Actual: Hematology - Oncology | Predicted: none

03:26:02 --->   row_id 3138 - Actual: Hematology - Oncology | Predicted: none

03:26:48 --->   row_id 3139 - Actual: Hematology - Oncology | Predicted: none

03:27:25 --->   row_id 3140 - Actual: Hematology - Oncology | Predicted: none

03:28:17 --->   row_id 3141 - Actual: Hematology - Oncology | Predicted: none

03:28:47 --->   row_id 3142 - Actual: Hematology - Oncology | Predicted: none

03:29:06 --->   row_id 3143 - Actual: Hematology - Oncology | Predicted: none

03:29:38 --->   row_id 3144 - Actual: Hematology - Oncology | Predicted: Cardiovascular / Pulmonary

03:30:01 --->   row_id 3145 - Actual: Hematology - Oncology | Predicted: none

03:30:27 --->   row_id 3146 - Actual: Hematology - Oncology | Predicted: none

03:31:29 --->   row_id 3147 - Actual: Hematology - Oncology | Predicted: Gastroenterology

03:32:07 --->   row_id 3148 - Actual: Hematology - Oncology | Predicted: none

03:32:47 --->   row_id 3149 - Actual: Hematology - Oncology | Predicted: none

03:33:15 --->   row_id 3150 - Actual: Hematology - Oncology | Predicted: none

03:33:51 --->   row_id 3151 - Actual: Hematology - Oncology | Predicted: General Medicine

03:34:21 --->   row_id 3152 - Actual: Hematology - Oncology | Predicted: none

03:34:45 --->   row_id 3153 - Actual: Hematology - Oncology | Predicted: none

03:35:13 --->   row_id 3154 - Actual: Hematology - Oncology | Predicted: none

03:35:40 --->   row_id 3155 - Actual: Hematology - Oncology | Predicted: none

03:36:31 --->   row_id 3156 - Actual: Hematology - Oncology | Predicted: none

03:36:56 --->   row_id 3157 - Actual: Hematology - Oncology | Predicted: none

03:37:21 --->   row_id 3158 - Actual: Hematology - Oncology | Predicted: none

03:38:27 --->   row_id 3159 - Actual: Hematology - Oncology | Predicted: Cardiovascular / Pulmonary

03:38:53 --->   row_id 3160 - Actual: Hematology - Oncology | Predicted: none

03:39:22 --->   row_id 3161 - Actual: Hematology - Oncology | Predicted: none

03:40:00 --->   row_id 3162 - Actual: Hematology - Oncology | Predicted: none

03:40:29 --->   row_id 3163 - Actual: Hematology - Oncology | Predicted: none

03:40:43 --->   row_id 3164 - Actual: Hematology - Oncology | Predicted: none

03:41:20 --->   row_id 3165 - Actual: Hematology - Oncology | Predicted: none

03:41:56 --->   row_id 3166 - Actual: Hematology - Oncology | Predicted: none

03:42:50 --->   row_id 3167 - Actual: Hematology - Oncology | Predicted: Cardiovascular / Pulmonary

03:43:14 --->   row_id 3168 - Actual: Hematology - Oncology | Predicted: none

03:43:41 --->   row_id 3169 - Actual: Hematology - Oncology | Predicted: none

03:44:10 --->   row_id 3170 - Actual: Hematology - Oncology | Predicted: none

03:44:41 --->   row_id 3171 - Actual: Hematology - Oncology | Predicted: Endocrinology

03:45:02 --->   row_id 3172 - Actual: Hematology - Oncology | Predicted: none

03:45:28 --->   row_id 3173 - Actual: Hematology - Oncology | Predicted: none

03:45:43 --->   row_id 3174 - Actual: Hematology - Oncology | Predicted: none

03:46:14 --->   row_id 3175 - Actual: Hematology - Oncology | Predicted: Gastroenterology

03:46:39 --->   row_id 3176 - Actual: Hematology - Oncology | Predicted: Gastroenterology

03:47:18 --->   row_id 3177 - Actual: Hematology - Oncology | Predicted: none

03:48:04 --->   row_id 3178 - Actual: Hematology - Oncology | Predicted: General Medicine

03:48:45 --->   row_id 3179 - Actual: Hematology - Oncology | Predicted: none

03:49:30 --->   row_id 3180 - Actual: Hematology - Oncology | Predicted: none

03:50:12 --->   row_id 3181 - Actual: Hematology - Oncology | Predicted: none

03:50:59 --->   row_id 3182 - Actual: Hematology - Oncology | Predicted: none

03:51:20 --->   row_id 3183 - Actual: Hematology - Oncology | Predicted: none

03:51:56 --->   row_id 3184 - Actual: Hematology - Oncology | Predicted: none

03:52:34 --->   row_id 3185 - Actual: Hematology - Oncology | Predicted: none

03:52:58 --->   row_id 3186 - Actual: Hematology - Oncology | Predicted: General Medicine

03:53:21 --->   row_id 3187 - Actual: Hematology - Oncology | Predicted: none

03:53:40 --->   row_id 3188 - Actual: Hematology - Oncology | Predicted: none

03:54:07 --->   row_id 3189 - Actual: Hematology - Oncology | Predicted: General Medicine

03:54:44 --->   row_id 3190 - Actual: Hematology - Oncology | Predicted: none

03:55:22 --->   row_id 3191 - Actual: Hematology - Oncology | Predicted: none

03:55:46 --->   row_id 3192 - Actual: Hematology - Oncology | Predicted: none

03:56:09 --->   row_id 3193 - Actual: Hematology - Oncology | Predicted: none

03:56:22 --->   row_id 3194 - Actual: Hematology - Oncology | Predicted: none

03:57:10 --->   row_id 3195 - Actual: Hematology - Oncology | Predicted: none

03:57:43 --->   row_id 3196 - Actual: Hematology - Oncology | Predicted: General Medicine

03:58:21 --->   row_id 3197 - Actual: Hematology - Oncology | Predicted: none

03:59:00 --->   row_id 3198 - Actual: Hematology - Oncology | Predicted: none

03:59:21 --->   row_id 3199 - Actual: Hematology - Oncology | Predicted: Endocrinology

04:00:00 --->   row_id 3200 - Actual: General Medicine | Predicted: Cardiovascular / Pulmonary

04:00:36 --->   row_id 3201 - Actual: General Medicine | Predicted: General Medicine

04:01:07 --->   row_id 3202 - Actual: General Medicine | Predicted: Endocrinology

04:02:14 --->   row_id 3203 - Actual: General Medicine | Predicted: Cardiovascular / Pulmonary

04:02:40 --->   row_id 3204 - Actual: Hematology - Oncology | Predicted: none

04:03:06 --->   row_id 3205 - Actual: General Medicine | Predicted: Cardiovascular / Pulmonary

04:03:39 --->   row_id 3206 - Actual: General Medicine | Predicted: General Medicine

04:04:37 --->   row_id 3207 - Actual: General Medicine | Predicted: General Medicine

04:05:09 --->   row_id 3208 - Actual: General Medicine | Predicted: none

04:06:19 --->   row_id 3209 - Actual: General Medicine | Predicted: General Medicine

04:07:00 --->   row_id 3210 - Actual: General Medicine | Predicted: Nephrology

04:07:27 --->   row_id 3211 - Actual: General Medicine | Predicted: Cardiovascular / Pulmonary

04:08:05 --->   row_id 3212 - Actual: General Medicine | Predicted: Sleep Medicine

04:08:24 --->   row_id 3213 - Actual: General Medicine | Predicted: General Medicine

04:08:43 --->   row_id 3214 - Actual: General Medicine | Predicted: Sleep Medicine

04:09:24 --->   row_id 3215 - Actual: General Medicine | Predicted: General Medicine

04:09:38 --->   row_id 3216 - Actual: General Medicine | Predicted: none

04:10:26 --->   row_id 3217 - Actual: General Medicine | Predicted: Sleep Medicine

04:11:06 --->   row_id 3218 - Actual: General Medicine | Predicted: Rheumatology

04:11:40 --->   row_id 3219 - Actual: General Medicine | Predicted: General Medicine

04:12:34 --->   row_id 3220 - Actual: General Medicine | Predicted: Gastroenterology

04:13:00 --->   row_id 3221 - Actual: General Medicine | Predicted: Cardiovascular / Pulmonary

04:13:24 --->   row_id 3222 - Actual: General Medicine | Predicted: Endocrinology

04:14:04 --->   row_id 3223 - Actual: General Medicine | Predicted: Cardiovascular / Pulmonary

04:14:37 --->   row_id 3224 - Actual: General Medicine | Predicted: Cardiovascular / Pulmonary

04:15:21 --->   row_id 3225 - Actual: General Medicine | Predicted: General Medicine

04:15:47 --->   row_id 3226 - Actual: General Medicine | Predicted: General Medicine

04:16:24 --->   row_id 3227 - Actual: General Medicine | Predicted: Rheumatology

04:17:00 --->   row_id 3228 - Actual: General Medicine | Predicted: Nephrology

04:17:24 --->   row_id 3229 - Actual: General Medicine | Predicted: Nephrology

04:17:54 --->   row_id 3230 - Actual: General Medicine | Predicted: Sleep Medicine

04:18:44 --->   row_id 3231 - Actual: General Medicine | Predicted: General Medicine

04:19:26 --->   row_id 3232 - Actual: General Medicine | Predicted: Cardiovascular / Pulmonary

04:20:10 --->   row_id 3233 - Actual: General Medicine | Predicted: General Medicine

04:21:06 --->   row_id 3234 - Actual: General Medicine | Predicted: General Medicine

04:21:35 --->   row_id 3235 - Actual: General Medicine | Predicted: General Medicine

04:22:04 --->   row_id 3236 - Actual: General Medicine | Predicted: General Medicine

04:22:29 --->   row_id 3237 - Actual: General Medicine | Predicted: General Medicine

04:22:53 --->   row_id 3238 - Actual: General Medicine | Predicted: General Medicine

04:23:18 --->   row_id 3239 - Actual: General Medicine | Predicted: General Medicine

04:23:57 --->   row_id 3240 - Actual: General Medicine | Predicted: General Medicine

04:24:21 --->   row_id 3241 - Actual: General Medicine | Predicted: General Medicine

04:25:04 --->   row_id 3242 - Actual: General Medicine | Predicted: General Medicine

04:25:19 --->   row_id 3243 - Actual: General Medicine | Predicted: General Medicine

04:25:56 --->   row_id 3244 - Actual: General Medicine | Predicted: General Medicine

04:26:33 --->   row_id 3245 - Actual: General Medicine | Predicted: General Medicine

04:27:01 --->   row_id 3246 - Actual: General Medicine | Predicted: General Medicine

04:27:25 --->   row_id 3247 - Actual: General Medicine | Predicted: General Medicine

04:27:53 --->   row_id 3248 - Actual: General Medicine | Predicted: General Medicine

04:28:11 --->   row_id 3249 - Actual: General Medicine | Predicted: General Medicine

04:28:51 --->   row_id 3250 - Actual: General Medicine | Predicted: General Medicine

04:29:17 --->   row_id 3251 - Actual: General Medicine | Predicted: General Medicine

04:30:00 --->   row_id 3252 - Actual: General Medicine | Predicted: General Medicine

04:30:16 --->   row_id 3253 - Actual: General Medicine | Predicted: General Medicine

04:30:46 --->   row_id 3254 - Actual: General Medicine | Predicted: General Medicine

04:31:36 --->   row_id 3255 - Actual: General Medicine | Predicted: General Medicine

04:32:28 --->   row_id 3256 - Actual: General Medicine | Predicted: Rheumatology

04:32:53 --->   row_id 3257 - Actual: General Medicine | Predicted: General Medicine

04:33:21 --->   row_id 3258 - Actual: General Medicine | Predicted: General Medicine

04:34:26 --->   row_id 3259 - Actual: General Medicine | Predicted: General Medicine

04:35:03 --->   row_id 3260 - Actual: General Medicine | Predicted: General Medicine

04:35:22 --->   row_id 3261 - Actual: General Medicine | Predicted: General Medicine

04:36:03 --->   row_id 3262 - Actual: General Medicine | Predicted: General Medicine

04:36:36 --->   row_id 3263 - Actual: General Medicine | Predicted: General Medicine

04:37:12 --->   row_id 3264 - Actual: General Medicine | Predicted: General Medicine

04:38:17 --->   row_id 3265 - Actual: General Medicine | Predicted: none

04:39:01 --->   row_id 3266 - Actual: General Medicine | Predicted: General Medicine

04:39:15 --->   row_id 3267 - Actual: General Medicine | Predicted: none

04:39:30 --->   row_id 3268 - Actual: General Medicine | Predicted: General Medicine

04:40:54 --->   row_id 3269 - Actual: General Medicine | Predicted: Gastroenterology

04:41:37 --->   row_id 3270 - Actual: General Medicine | Predicted: Sleep Medicine

04:42:03 --->   row_id 3271 - Actual: General Medicine | Predicted: Allergy / Immunology

04:42:33 --->   row_id 3272 - Actual: General Medicine | Predicted: Endocrinology

04:43:04 --->   row_id 3273 - Actual: General Medicine | Predicted: Cardiovascular / Pulmonary

04:43:23 --->   row_id 3274 - Actual: General Medicine | Predicted: Allergy / Immunology

04:43:47 --->   row_id 3275 - Actual: General Medicine | Predicted: none

04:44:13 --->   row_id 3276 - Actual: General Medicine | Predicted: Endocrinology

04:44:37 --->   row_id 3277 - Actual: General Medicine | Predicted: General Medicine

04:45:24 --->   row_id 3278 - Actual: General Medicine | Predicted: Endocrinology

04:45:58 --->   row_id 3279 - Actual: General Medicine | Predicted: Endocrinology

04:46:25 --->   row_id 3280 - Actual: General Medicine | Predicted: Cardiovascular / Pulmonary

04:47:09 --->   row_id 3281 - Actual: General Medicine | Predicted: none

04:47:49 --->   row_id 3282 - Actual: General Medicine | Predicted: Allergy / Immunology

04:48:39 --->   row_id 3283 - Actual: General Medicine | Predicted: none

04:49:40 --->   row_id 3284 - Actual: General Medicine | Predicted: Cardiovascular / Pulmonary

04:50:05 --->   row_id 3285 - Actual: General Medicine | Predicted: Cardiovascular / Pulmonary

04:50:25 --->   row_id 3286 - Actual: General Medicine | Predicted: Endocrinology

04:51:17 --->   row_id 3287 - Actual: General Medicine | Predicted: Cardiovascular / Pulmonary

04:51:47 --->   row_id 3288 - Actual: General Medicine | Predicted: General Medicine

04:53:00 --->   row_id 3289 - Actual: General Medicine | Predicted: General Medicine

04:53:31 --->   row_id 3290 - Actual: General Medicine | Predicted: Gastroenterology

04:54:05 --->   row_id 3291 - Actual: General Medicine | Predicted: General Medicine

04:55:27 --->   row_id 3292 - Actual: General Medicine | Predicted: Gastroenterology

04:56:30 --->   row_id 3293 - Actual: General Medicine | Predicted: General Medicine

04:57:10 --->   row_id 3294 - Actual: General Medicine | Predicted: General Medicine

04:57:33 --->   row_id 3295 - Actual: General Medicine | Predicted: Rheumatology

04:58:01 --->   row_id 3296 - Actual: General Medicine | Predicted: Nephrology

04:58:47 --->   row_id 3297 - Actual: General Medicine | Predicted: Gastroenterology

04:59:15 --->   row_id 3298 - Actual: General Medicine | Predicted: Cardiovascular / Pulmonary

05:00:06 --->   row_id 3299 - Actual: General Medicine | Predicted: Cardiovascular / Pulmonary

05:00:33 --->   row_id 3300 - Actual: General Medicine | Predicted: Cardiovascular / Pulmonary

05:00:56 --->   row_id 3301 - Actual: General Medicine | Predicted: Endocrinology

05:01:49 --->   row_id 3302 - Actual: General Medicine | Predicted: Cardiovascular / Pulmonary

05:02:35 --->   row_id 3303 - Actual: General Medicine | Predicted: Gastroenterology

05:03:19 --->   row_id 3304 - Actual: General Medicine | Predicted: General Medicine

05:03:48 --->   row_id 3305 - Actual: General Medicine | Predicted: General Medicine

05:04:45 --->   row_id 3306 - Actual: General Medicine | Predicted: Endocrinology

05:05:31 --->   row_id 3307 - Actual: General Medicine | Predicted: Endocrinology

05:06:04 --->   row_id 3308 - Actual: General Medicine | Predicted: Gastroenterology

05:06:29 --->   row_id 3309 - Actual: General Medicine | Predicted: Gastroenterology

05:07:07 --->   row_id 3310 - Actual: General Medicine | Predicted: none

05:07:22 --->   row_id 3311 - Actual: General Medicine | Predicted: Cardiovascular / Pulmonary

05:07:49 --->   row_id 3312 - Actual: General Medicine | Predicted: Nephrology

05:08:29 --->   row_id 3313 - Actual: General Medicine | Predicted: General Medicine

05:09:10 --->   row_id 3314 - Actual: General Medicine | Predicted: Cardiovascular / Pulmonary

05:10:35 --->   row_id 3315 - Actual: General Medicine | Predicted: Cardiovascular / Pulmonary

05:11:26 --->   row_id 3316 - Actual: General Medicine | Predicted: General Medicine

05:12:04 --->   row_id 3317 - Actual: General Medicine | Predicted: Endocrinology

05:12:40 --->   row_id 3318 - Actual: General Medicine | Predicted: Endocrinology

05:13:00 --->   row_id 3319 - Actual: General Medicine | Predicted: Cardiovascular / Pulmonary

05:13:32 --->   row_id 3320 - Actual: General Medicine | Predicted: General Medicine

05:14:03 --->   row_id 3321 - Actual: General Medicine | Predicted: Nephrology

05:15:08 --->   row_id 3322 - Actual: General Medicine | Predicted: General Medicine

05:15:22 --->   row_id 3323 - Actual: General Medicine | Predicted: Endocrinology

05:16:14 --->   row_id 3324 - Actual: General Medicine | Predicted: none

05:17:16 --->   row_id 3325 - Actual: General Medicine | Predicted: Cardiovascular / Pulmonary

05:18:07 --->   row_id 3326 - Actual: General Medicine | Predicted: General Medicine

05:18:34 --->   row_id 3327 - Actual: General Medicine | Predicted: Gastroenterology

05:19:16 --->   row_id 3328 - Actual: General Medicine | Predicted: Gastroenterology

05:19:45 --->   row_id 3329 - Actual: General Medicine | Predicted: none

05:21:00 --->   row_id 3330 - Actual: General Medicine | Predicted: Rheumatology

05:21:29 --->   row_id 3331 - Actual: General Medicine | Predicted: Cardiovascular / Pulmonary

05:22:00 --->   row_id 3332 - Actual: General Medicine | Predicted: Gastroenterology

05:22:38 --->   row_id 3333 - Actual: General Medicine | Predicted: none

05:23:42 --->   row_id 3334 - Actual: General Medicine | Predicted: Cardiovascular / Pulmonary

05:24:16 --->   row_id 3335 - Actual: General Medicine | Predicted: Rheumatology

05:24:52 --->   row_id 3336 - Actual: General Medicine | Predicted: Nephrology

05:25:36 --->   row_id 3337 - Actual: General Medicine | Predicted: Cardiovascular / Pulmonary

05:26:44 --->   row_id 3338 - Actual: General Medicine | Predicted: Cardiovascular / Pulmonary

05:27:43 --->   row_id 3339 - Actual: General Medicine | Predicted: Cardiovascular / Pulmonary

05:28:44 --->   row_id 3340 - Actual: General Medicine | Predicted: Gastroenterology

05:29:57 --->   row_id 3341 - Actual: General Medicine | Predicted: Nephrology

05:30:45 --->   row_id 3342 - Actual: General Medicine | Predicted: Cardiovascular / Pulmonary

05:31:30 --->   row_id 3343 - Actual: General Medicine | Predicted: Endocrinology

05:32:12 --->   row_id 3344 - Actual: General Medicine | Predicted: General Medicine

05:33:21 --->   row_id 3345 - Actual: General Medicine | Predicted: Gastroenterology

05:34:12 --->   row_id 3346 - Actual: General Medicine | Predicted: Gastroenterology

05:35:47 --->   row_id 3347 - Actual: General Medicine | Predicted: Rheumatology

05:36:07 --->   row_id 3348 - Actual: General Medicine | Predicted: Endocrinology

05:37:08 --->   row_id 3349 - Actual: General Medicine | Predicted: Cardiovascular / Pulmonary

05:37:51 --->   row_id 3350 - Actual: General Medicine | Predicted: Endocrinology

05:38:30 --->   row_id 3351 - Actual: General Medicine | Predicted: Rheumatology

05:39:09 --->   row_id 3352 - Actual: General Medicine | Predicted: General Medicine

05:39:37 --->   row_id 3353 - Actual: General Medicine | Predicted: General Medicine

05:40:29 --->   row_id 3354 - Actual: General Medicine | Predicted: Allergy / Immunology

05:41:23 --->   row_id 3355 - Actual: General Medicine | Predicted: none

05:41:51 --->   row_id 3356 - Actual: General Medicine | Predicted: Gastroenterology

05:42:28 --->   row_id 3357 - Actual: General Medicine | Predicted: Allergy / Immunology

05:42:46 --->   row_id 3358 - Actual: General Medicine | Predicted: Allergy / Immunology

05:43:37 --->   row_id 3359 - Actual: General Medicine | Predicted: General Medicine

05:44:25 --->   row_id 3360 - Actual: General Medicine | Predicted: Cardiovascular / Pulmonary

05:44:51 --->   row_id 3361 - Actual: General Medicine | Predicted: Allergy / Immunology

05:45:38 --->   row_id 3362 - Actual: General Medicine | Predicted: Allergy / Immunology

05:46:11 --->   row_id 3363 - Actual: General Medicine | Predicted: General Medicine

05:46:52 --->   row_id 3364 - Actual: General Medicine | Predicted: Allergy / Immunology

05:47:37 --->   row_id 3365 - Actual: General Medicine | Predicted: Cardiovascular / Pulmonary

05:48:09 --->   row_id 3366 - Actual: General Medicine | Predicted: Allergy / Immunology

05:48:37 --->   row_id 3367 - Actual: General Medicine | Predicted: General Medicine

05:49:11 --->   row_id 3368 - Actual: General Medicine | Predicted: Allergy / Immunology

05:49:52 --->   row_id 3369 - Actual: General Medicine | Predicted: Cardiovascular / Pulmonary

05:50:19 --->   row_id 3370 - Actual: General Medicine | Predicted: Rheumatology

05:50:51 --->   row_id 3371 - Actual: General Medicine | Predicted: Cardiovascular / Pulmonary

05:51:54 --->   row_id 3372 - Actual: General Medicine | Predicted: General Medicine

05:52:24 --->   row_id 3373 - Actual: General Medicine | Predicted: General Medicine

05:53:07 --->   row_id 3374 - Actual: General Medicine | Predicted: General Medicine

05:53:33 --->   row_id 3375 - Actual: General Medicine | Predicted: Endocrinology

05:54:22 --->   row_id 3376 - Actual: General Medicine | Predicted: Allergy / Immunology

05:54:47 --->   row_id 3377 - Actual: General Medicine | Predicted: Nephrology

05:55:29 --->   row_id 3378 - Actual: General Medicine | Predicted: Nephrology

05:55:50 --->   row_id 3379 - Actual: General Medicine | Predicted: General Medicine

05:56:25 --->   row_id 3380 - Actual: General Medicine | Predicted: General Medicine

05:57:10 --->   row_id 3381 - Actual: General Medicine | Predicted: General Medicine

05:57:48 --->   row_id 3382 - Actual: General Medicine | Predicted: General Medicine

05:58:34 --->   row_id 3383 - Actual: General Medicine | Predicted: Cardiovascular / Pulmonary

05:59:25 --->   row_id 3384 - Actual: General Medicine | Predicted: General Medicine

05:59:53 --->   row_id 3385 - Actual: General Medicine | Predicted: General Medicine

06:00:32 --->   row_id 3386 - Actual: General Medicine | Predicted: General Medicine

06:00:58 --->   row_id 3387 - Actual: General Medicine | Predicted: Endocrinology

06:01:19 --->   row_id 3388 - Actual: General Medicine | Predicted: General Medicine

06:01:47 --->   row_id 3389 - Actual: General Medicine | Predicted: General Medicine

06:02:29 --->   row_id 3390 - Actual: General Medicine | Predicted: Cardiovascular / Pulmonary

06:03:14 --->   row_id 3391 - Actual: General Medicine | Predicted: General Medicine

06:04:02 --->   row_id 3392 - Actual: General Medicine | Predicted: General Medicine

06:04:45 --->   row_id 3393 - Actual: General Medicine | Predicted: General Medicine

06:05:29 --->   row_id 3394 - Actual: General Medicine | Predicted: General Medicine

06:06:09 --->   row_id 3395 - Actual: General Medicine | Predicted: none

06:06:47 --->   row_id 3396 - Actual: General Medicine | Predicted: Cardiovascular / Pulmonary

06:07:17 --->   row_id 3397 - Actual: General Medicine | Predicted: none

06:07:51 --->   row_id 3398 - Actual: General Medicine | Predicted: none

06:08:20 --->   row_id 3399 - Actual: General Medicine | Predicted: none

06:09:33 --->   row_id 3400 - Actual: General Medicine | Predicted: Gastroenterology

06:10:06 --->   row_id 3401 - Actual: General Medicine | Predicted: Cardiovascular / Pulmonary

06:10:54 --->   row_id 3402 - Actual: General Medicine | Predicted: General Medicine

06:11:22 --->   row_id 3403 - Actual: General Medicine | Predicted: Cardiovascular / Pulmonary

06:11:50 --->   row_id 3404 - Actual: General Medicine | Predicted: Allergy / Immunology

06:12:57 --->   row_id 3405 - Actual: General Medicine | Predicted: General Medicine

06:13:28 --->   row_id 3406 - Actual: General Medicine | Predicted: General Medicine

06:14:12 --->   row_id 3407 - Actual: General Medicine | Predicted: General Medicine

06:14:43 --->   row_id 3408 - Actual: General Medicine | Predicted: Cardiovascular / Pulmonary

06:15:19 --->   row_id 3409 - Actual: General Medicine | Predicted: Cardiovascular / Pulmonary

06:16:12 --->   row_id 3410 - Actual: General Medicine | Predicted: Cardiovascular / Pulmonary

06:16:44 --->   row_id 3411 - Actual: General Medicine | Predicted: Gastroenterology

06:17:10 --->   row_id 3412 - Actual: General Medicine | Predicted: Endocrinology

06:17:48 --->   row_id 3413 - Actual: General Medicine | Predicted: General Medicine

06:18:17 --->   row_id 3414 - Actual: General Medicine | Predicted: Gastroenterology

06:18:41 --->   row_id 3415 - Actual: General Medicine | Predicted: Endocrinology

06:19:24 --->   row_id 3416 - Actual: General Medicine | Predicted: Cardiovascular / Pulmonary

06:20:08 --->   row_id 3417 - Actual: General Medicine | Predicted: General Medicine

06:20:53 --->   row_id 3418 - Actual: General Medicine | Predicted: General Medicine

06:21:46 --->   row_id 3419 - Actual: General Medicine | Predicted: Nephrology

06:22:20 --->   row_id 3420 - Actual: General Medicine | Predicted: Nephrology

06:23:13 --->   row_id 3421 - Actual: General Medicine | Predicted: General Medicine

06:23:58 --->   row_id 3422 - Actual: General Medicine | Predicted: none

06:24:46 --->   row_id 3423 - Actual: General Medicine | Predicted: Endocrinology

06:25:16 --->   row_id 3424 - Actual: General Medicine | Predicted: Cardiovascular / Pulmonary

06:26:21 --->   row_id 3425 - Actual: General Medicine | Predicted: General Medicine

06:26:43 --->   row_id 3426 - Actual: General Medicine | Predicted: Cardiovascular / Pulmonary

06:27:23 --->   row_id 3427 - Actual: General Medicine | Predicted: Cardiovascular / Pulmonary

06:28:02 --->   row_id 3428 - Actual: General Medicine | Predicted: Gastroenterology

06:29:06 --->   row_id 3429 - Actual: General Medicine | Predicted: Cardiovascular / Pulmonary

06:29:35 --->   row_id 3430 - Actual: General Medicine | Predicted: Cardiovascular / Pulmonary

06:30:05 --->   row_id 3431 - Actual: General Medicine | Predicted: General Medicine

06:30:46 --->   row_id 3432 - Actual: General Medicine | Predicted: Cardiovascular / Pulmonary

06:31:22 --->   row_id 3433 - Actual: General Medicine | Predicted: Gastroenterology

06:32:07 --->   row_id 3434 - Actual: General Medicine | Predicted: Cardiovascular / Pulmonary

06:32:39 --->   row_id 3435 - Actual: General Medicine | Predicted: Cardiovascular / Pulmonary

06:33:24 --->   row_id 3436 - Actual: General Medicine | Predicted: General Medicine

06:34:14 --->   row_id 3437 - Actual: General Medicine | Predicted: none

06:34:40 --->   row_id 3438 - Actual: General Medicine | Predicted: Gastroenterology

06:35:09 --->   row_id 3439 - Actual: General Medicine | Predicted: none

06:35:40 --->   row_id 3440 - Actual: General Medicine | Predicted: General Medicine

06:36:04 --->   row_id 3441 - Actual: General Medicine | Predicted: General Medicine

06:36:34 --->   row_id 3442 - Actual: General Medicine | Predicted: none

06:37:28 --->   row_id 3443 - Actual: General Medicine | Predicted: General Medicine

06:38:03 --->   row_id 3444 - Actual: General Medicine | Predicted: Cardiovascular / Pulmonary

06:38:48 --->   row_id 3445 - Actual: General Medicine | Predicted: Cardiovascular / Pulmonary

06:39:33 --->   row_id 3446 - Actual: General Medicine | Predicted: none

06:40:09 --->   row_id 3447 - Actual: General Medicine | Predicted: Cardiovascular / Pulmonary

06:41:30 --->   row_id 3448 - Actual: General Medicine | Predicted: Endocrinology

06:42:01 --->   row_id 3449 - Actual: General Medicine | Predicted: General Medicine

06:42:33 --->   row_id 3450 - Actual: General Medicine | Predicted: none

06:43:35 --->   row_id 3451 - Actual: General Medicine | Predicted: none

06:44:18 --->   row_id 3452 - Actual: General Medicine | Predicted: Gastroenterology

06:44:42 --->   row_id 3453 - Actual: General Medicine | Predicted: Cardiovascular / Pulmonary

06:45:07 --->   row_id 3454 - Actual: General Medicine | Predicted: General Medicine

06:45:37 --->   row_id 3455 - Actual: Gastroenterology | Predicted: Gastroenterology

06:46:19 --->   row_id 3456 - Actual: Gastroenterology | Predicted: Gastroenterology

06:46:51 --->   row_id 3457 - Actual: General Medicine | Predicted: Gastroenterology

06:47:33 --->   row_id 3458 - Actual: Gastroenterology | Predicted: General Medicine

06:49:22 --->   row_id 3459 - Actual: General Medicine | Predicted: Gastroenterology

06:50:28 --->   row_id 3460 - Actual: General Medicine | Predicted: General Medicine

06:50:54 --->   row_id 3461 - Actual: General Medicine | Predicted: Gastroenterology

06:51:28 --->   row_id 3462 - Actual: Gastroenterology | Predicted: Gastroenterology

06:52:01 --->   row_id 3463 - Actual: Gastroenterology | Predicted: Gastroenterology

06:52:44 --->   row_id 3464 - Actual: Gastroenterology | Predicted: General Medicine

06:53:01 --->   row_id 3465 - Actual: Gastroenterology | Predicted: Gastroenterology

06:53:47 --->   row_id 3466 - Actual: Gastroenterology | Predicted: Allergy / Immunology

06:54:14 --->   row_id 3467 - Actual: Gastroenterology | Predicted: Gastroenterology

06:55:08 --->   row_id 3468 - Actual: Gastroenterology | Predicted: General Medicine

06:55:31 --->   row_id 3469 - Actual: Gastroenterology | Predicted: Gastroenterology

06:56:03 --->   row_id 3470 - Actual: Gastroenterology | Predicted: Gastroenterology

06:56:28 --->   row_id 3471 - Actual: Gastroenterology | Predicted: Gastroenterology

06:56:57 --->   row_id 3472 - Actual: Gastroenterology | Predicted: Gastroenterology

06:57:27 --->   row_id 3473 - Actual: Gastroenterology | Predicted: Gastroenterology

06:58:00 --->   row_id 3474 - Actual: Gastroenterology | Predicted: Gastroenterology

06:58:40 --->   row_id 3475 - Actual: Gastroenterology | Predicted: Gastroenterology

06:59:01 --->   row_id 3476 - Actual: Gastroenterology | Predicted: Gastroenterology

06:59:24 --->   row_id 3477 - Actual: Gastroenterology | Predicted: Nephrology

06:59:56 --->   row_id 3478 - Actual: Gastroenterology | Predicted: Gastroenterology

07:00:20 --->   row_id 3479 - Actual: Gastroenterology | Predicted: Gastroenterology

07:01:36 --->   row_id 3480 - Actual: Gastroenterology | Predicted: Gastroenterology

07:02:03 --->   row_id 3481 - Actual: Gastroenterology | Predicted: Sleep Medicine

07:02:28 --->   row_id 3482 - Actual: Gastroenterology | Predicted: Gastroenterology

07:02:50 --->   row_id 3483 - Actual: Gastroenterology | Predicted: Gastroenterology

07:03:15 --->   row_id 3484 - Actual: Gastroenterology | Predicted: Gastroenterology

07:03:48 --->   row_id 3485 - Actual: Gastroenterology | Predicted: Gastroenterology

07:05:09 --->   row_id 3486 - Actual: Gastroenterology | Predicted: none

07:05:37 --->   row_id 3487 - Actual: Gastroenterology | Predicted: Gastroenterology

07:06:48 --->   row_id 3488 - Actual: Gastroenterology | Predicted: Gastroenterology

07:07:28 --->   row_id 3489 - Actual: Gastroenterology | Predicted: Gastroenterology

07:07:58 --->   row_id 3490 - Actual: Gastroenterology | Predicted: Cardiovascular / Pulmonary

07:08:26 --->   row_id 3491 - Actual: Gastroenterology | Predicted: Gastroenterology

07:08:53 --->   row_id 3492 - Actual: Gastroenterology | Predicted: Gastroenterology

07:09:10 --->   row_id 3493 - Actual: Gastroenterology | Predicted: General Medicine

07:09:37 --->   row_id 3494 - Actual: Gastroenterology | Predicted: General Medicine

07:10:13 --->   row_id 3495 - Actual: Gastroenterology | Predicted: Gastroenterology

07:10:41 --->   row_id 3496 - Actual: Gastroenterology | Predicted: Gastroenterology

07:11:16 --->   row_id 3497 - Actual: Gastroenterology | Predicted: Gastroenterology

07:11:44 --->   row_id 3498 - Actual: Gastroenterology | Predicted: Gastroenterology

07:12:09 --->   row_id 3499 - Actual: Gastroenterology | Predicted: Gastroenterology

07:12:45 --->   row_id 3500 - Actual: Gastroenterology | Predicted: Gastroenterology

07:12:58 --->   row_id 3501 - Actual: Gastroenterology | Predicted: Gastroenterology

07:13:21 --->   row_id 3502 - Actual: Gastroenterology | Predicted: Gastroenterology

07:13:52 --->   row_id 3503 - Actual: Gastroenterology | Predicted: Gastroenterology

07:14:27 --->   row_id 3504 - Actual: Gastroenterology | Predicted: Gastroenterology

07:15:02 --->   row_id 3505 - Actual: Gastroenterology | Predicted: Gastroenterology

07:15:32 --->   row_id 3506 - Actual: Gastroenterology | Predicted: Gastroenterology

07:16:02 --->   row_id 3507 - Actual: Gastroenterology | Predicted: Gastroenterology

07:16:37 --->   row_id 3508 - Actual: Gastroenterology | Predicted: Gastroenterology

07:16:59 --->   row_id 3509 - Actual: Gastroenterology | Predicted: Gastroenterology

07:17:32 --->   row_id 3510 - Actual: Gastroenterology | Predicted: Gastroenterology

07:17:55 --->   row_id 3511 - Actual: Gastroenterology | Predicted: Gastroenterology

07:18:23 --->   row_id 3512 - Actual: Gastroenterology | Predicted: Gastroenterology

07:18:47 --->   row_id 3513 - Actual: Gastroenterology | Predicted: Gastroenterology

07:19:10 --->   row_id 3514 - Actual: Gastroenterology | Predicted: Gastroenterology

07:19:37 --->   row_id 3515 - Actual: Gastroenterology | Predicted: Cardiovascular / Pulmonary

07:20:06 --->   row_id 3516 - Actual: Gastroenterology | Predicted: Gastroenterology

07:21:41 --->   row_id 3517 - Actual: Gastroenterology | Predicted: General Medicine

07:22:22 --->   row_id 3518 - Actual: Gastroenterology | Predicted: General Medicine

07:23:10 --->   row_id 3519 - Actual: Gastroenterology | Predicted: General Medicine

07:23:38 --->   row_id 3520 - Actual: Gastroenterology | Predicted: Gastroenterology

07:24:00 --->   row_id 3521 - Actual: Gastroenterology | Predicted: Gastroenterology

07:24:25 --->   row_id 3522 - Actual: Gastroenterology | Predicted: Gastroenterology

07:24:49 --->   row_id 3523 - Actual: Gastroenterology | Predicted: Gastroenterology

07:25:24 --->   row_id 3524 - Actual: Gastroenterology | Predicted: Gastroenterology

07:26:02 --->   row_id 3525 - Actual: Gastroenterology | Predicted: Gastroenterology

07:26:37 --->   row_id 3526 - Actual: Gastroenterology | Predicted: Gastroenterology

07:27:08 --->   row_id 3527 - Actual: Gastroenterology | Predicted: Gastroenterology

07:27:42 --->   row_id 3528 - Actual: Gastroenterology | Predicted: Gastroenterology

07:28:05 --->   row_id 3529 - Actual: Gastroenterology | Predicted: Gastroenterology

07:28:34 --->   row_id 3530 - Actual: Gastroenterology | Predicted: Gastroenterology

07:29:11 --->   row_id 3531 - Actual: Gastroenterology | Predicted: Gastroenterology

07:29:45 --->   row_id 3532 - Actual: Gastroenterology | Predicted: Gastroenterology

07:30:16 --->   row_id 3533 - Actual: Gastroenterology | Predicted: Gastroenterology

07:30:42 --->   row_id 3534 - Actual: Gastroenterology | Predicted: Gastroenterology

07:31:10 --->   row_id 3535 - Actual: Gastroenterology | Predicted: none

07:31:42 --->   row_id 3536 - Actual: Gastroenterology | Predicted: Gastroenterology

07:32:01 --->   row_id 3537 - Actual: Gastroenterology | Predicted: Gastroenterology

07:32:24 --->   row_id 3538 - Actual: Gastroenterology | Predicted: Gastroenterology

07:33:05 --->   row_id 3539 - Actual: Gastroenterology | Predicted: Gastroenterology

07:33:38 --->   row_id 3540 - Actual: Gastroenterology | Predicted: Gastroenterology

07:34:11 --->   row_id 3541 - Actual: Gastroenterology | Predicted: Gastroenterology

07:34:59 --->   row_id 3542 - Actual: Gastroenterology | Predicted: Gastroenterology

07:35:25 --->   row_id 3543 - Actual: Gastroenterology | Predicted: Gastroenterology

07:35:51 --->   row_id 3544 - Actual: Gastroenterology | Predicted: Gastroenterology

07:36:33 --->   row_id 3545 - Actual: Gastroenterology | Predicted: General Medicine

07:37:02 --->   row_id 3546 - Actual: Gastroenterology | Predicted: Gastroenterology

07:37:25 --->   row_id 3547 - Actual: Gastroenterology | Predicted: Gastroenterology

07:37:51 --->   row_id 3548 - Actual: Gastroenterology | Predicted: Gastroenterology

07:38:38 --->   row_id 3549 - Actual: Gastroenterology | Predicted: Gastroenterology

07:39:07 --->   row_id 3550 - Actual: Gastroenterology | Predicted: Gastroenterology

07:40:15 --->   row_id 3551 - Actual: Gastroenterology | Predicted: Gastroenterology

07:40:39 --->   row_id 3552 - Actual: Gastroenterology | Predicted: Gastroenterology

07:40:57 --->   row_id 3553 - Actual: Gastroenterology | Predicted: Gastroenterology

07:41:20 --->   row_id 3554 - Actual: Gastroenterology | Predicted: Gastroenterology

07:41:57 --->   row_id 3555 - Actual: Gastroenterology | Predicted: Gastroenterology

07:42:40 --->   row_id 3556 - Actual: Gastroenterology | Predicted: Gastroenterology

07:43:03 --->   row_id 3557 - Actual: Gastroenterology | Predicted: Gastroenterology

07:43:23 --->   row_id 3558 - Actual: Gastroenterology | Predicted: Gastroenterology

07:43:58 --->   row_id 3559 - Actual: Gastroenterology | Predicted: Gastroenterology

07:44:41 --->   row_id 3560 - Actual: Gastroenterology | Predicted: Gastroenterology

07:45:05 --->   row_id 3561 - Actual: Gastroenterology | Predicted: Gastroenterology

07:45:21 --->   row_id 3562 - Actual: Gastroenterology | Predicted: Gastroenterology

07:45:49 --->   row_id 3563 - Actual: Gastroenterology | Predicted: Gastroenterology

07:46:31 --->   row_id 3564 - Actual: Gastroenterology | Predicted: Gastroenterology

07:46:54 --->   row_id 3565 - Actual: Gastroenterology | Predicted: Gastroenterology

07:47:11 --->   row_id 3566 - Actual: Gastroenterology | Predicted: Gastroenterology

07:47:53 --->   row_id 3567 - Actual: Gastroenterology | Predicted: Gastroenterology

07:48:17 --->   row_id 3568 - Actual: Gastroenterology | Predicted: Gastroenterology

07:48:52 --->   row_id 3569 - Actual: Gastroenterology | Predicted: Cardiovascular / Pulmonary

07:49:15 --->   row_id 3570 - Actual: Gastroenterology | Predicted: Gastroenterology

07:49:47 --->   row_id 3571 - Actual: Gastroenterology | Predicted: Gastroenterology

07:50:08 --->   row_id 3572 - Actual: Gastroenterology | Predicted: Gastroenterology

07:50:35 --->   row_id 3573 - Actual: Gastroenterology | Predicted: Gastroenterology

07:51:07 --->   row_id 3574 - Actual: Gastroenterology | Predicted: Gastroenterology

07:51:34 --->   row_id 3575 - Actual: Gastroenterology | Predicted: Gastroenterology

07:51:59 --->   row_id 3576 - Actual: Gastroenterology | Predicted: Gastroenterology

07:52:44 --->   row_id 3577 - Actual: Gastroenterology | Predicted: Gastroenterology

07:53:06 --->   row_id 3578 - Actual: Gastroenterology | Predicted: Gastroenterology

07:53:32 --->   row_id 3579 - Actual: Gastroenterology | Predicted: Gastroenterology

07:53:59 --->   row_id 3580 - Actual: Gastroenterology | Predicted: Gastroenterology

07:54:17 --->   row_id 3581 - Actual: Gastroenterology | Predicted: Gastroenterology

07:54:53 --->   row_id 3582 - Actual: Gastroenterology | Predicted: Gastroenterology

07:55:17 --->   row_id 3583 - Actual: Gastroenterology | Predicted: Gastroenterology

07:55:47 --->   row_id 3584 - Actual: Gastroenterology | Predicted: Gastroenterology

07:56:16 --->   row_id 3585 - Actual: Gastroenterology | Predicted: Gastroenterology

07:56:52 --->   row_id 3586 - Actual: Gastroenterology | Predicted: Gastroenterology

07:57:35 --->   row_id 3587 - Actual: Gastroenterology | Predicted: Gastroenterology

07:57:53 --->   row_id 3588 - Actual: Gastroenterology | Predicted: Gastroenterology

07:58:13 --->   row_id 3589 - Actual: Gastroenterology | Predicted: Gastroenterology

07:58:32 --->   row_id 3590 - Actual: Gastroenterology | Predicted: Gastroenterology

07:59:09 --->   row_id 3591 - Actual: Gastroenterology | Predicted: Gastroenterology

07:59:44 --->   row_id 3592 - Actual: Gastroenterology | Predicted: Gastroenterology

08:00:04 --->   row_id 3593 - Actual: Gastroenterology | Predicted: Gastroenterology

08:00:28 --->   row_id 3594 - Actual: Gastroenterology | Predicted: Gastroenterology

08:01:12 --->   row_id 3595 - Actual: Gastroenterology | Predicted: Gastroenterology

08:01:45 --->   row_id 3596 - Actual: Gastroenterology | Predicted: Gastroenterology

08:02:12 --->   row_id 3597 - Actual: Gastroenterology | Predicted: Gastroenterology

08:02:32 --->   row_id 3598 - Actual: Gastroenterology | Predicted: Cardiovascular / Pulmonary

08:03:07 --->   row_id 3599 - Actual: Gastroenterology | Predicted: Gastroenterology

08:03:33 --->   row_id 3600 - Actual: Gastroenterology | Predicted: Gastroenterology

08:04:18 --->   row_id 3601 - Actual: Gastroenterology | Predicted: Gastroenterology

08:05:06 --->   row_id 3602 - Actual: Gastroenterology | Predicted: Gastroenterology

08:05:26 --->   row_id 3603 - Actual: Gastroenterology | Predicted: General Medicine

08:06:10 --->   row_id 3604 - Actual: Gastroenterology | Predicted: General Medicine

08:06:36 --->   row_id 3605 - Actual: Gastroenterology | Predicted: Nephrology

08:07:15 --->   row_id 3606 - Actual: Gastroenterology | Predicted: Gastroenterology

08:07:42 --->   row_id 3607 - Actual: Gastroenterology | Predicted: Gastroenterology

08:08:15 --->   row_id 3608 - Actual: Gastroenterology | Predicted: Cardiovascular / Pulmonary

08:08:50 --->   row_id 3609 - Actual: Gastroenterology | Predicted: Gastroenterology

08:09:23 --->   row_id 3610 - Actual: Gastroenterology | Predicted: Gastroenterology

08:09:58 --->   row_id 3611 - Actual: Gastroenterology | Predicted: Gastroenterology

08:10:35 --->   row_id 3612 - Actual: Gastroenterology | Predicted: Gastroenterology

08:11:15 --->   row_id 3613 - Actual: Gastroenterology | Predicted: Nephrology

08:11:46 --->   row_id 3614 - Actual: Gastroenterology | Predicted: Gastroenterology

08:12:18 --->   row_id 3615 - Actual: Gastroenterology | Predicted: Gastroenterology

08:12:37 --->   row_id 3616 - Actual: Gastroenterology | Predicted: Gastroenterology

08:13:00 --->   row_id 3617 - Actual: Gastroenterology | Predicted: Gastroenterology

08:14:28 --->   row_id 3618 - Actual: Gastroenterology | Predicted: Gastroenterology

08:15:00 --->   row_id 3619 - Actual: Gastroenterology | Predicted: Gastroenterology

08:15:18 --->   row_id 3620 - Actual: Gastroenterology | Predicted: Gastroenterology

08:15:42 --->   row_id 3621 - Actual: Gastroenterology | Predicted: Gastroenterology

08:16:02 --->   row_id 3622 - Actual: Gastroenterology | Predicted: Gastroenterology

08:16:33 --->   row_id 3623 - Actual: Gastroenterology | Predicted: Gastroenterology

08:16:59 --->   row_id 3624 - Actual: Gastroenterology | Predicted: Gastroenterology

08:17:23 --->   row_id 3625 - Actual: Gastroenterology | Predicted: Gastroenterology

08:17:48 --->   row_id 3626 - Actual: Gastroenterology | Predicted: Gastroenterology

08:18:12 --->   row_id 3627 - Actual: Gastroenterology | Predicted: Gastroenterology

08:18:41 --->   row_id 3628 - Actual: Gastroenterology | Predicted: Gastroenterology

08:18:59 --->   row_id 3629 - Actual: Gastroenterology | Predicted: Gastroenterology

08:19:26 --->   row_id 3630 - Actual: Gastroenterology | Predicted: Gastroenterology

08:19:51 --->   row_id 3631 - Actual: Gastroenterology | Predicted: Gastroenterology

08:20:26 --->   row_id 3632 - Actual: Gastroenterology | Predicted: Gastroenterology

08:20:48 --->   row_id 3633 - Actual: Gastroenterology | Predicted: Gastroenterology

08:21:49 --->   row_id 3634 - Actual: Gastroenterology | Predicted: Gastroenterology

08:22:26 --->   row_id 3635 - Actual: Gastroenterology | Predicted: Gastroenterology

08:22:54 --->   row_id 3636 - Actual: Gastroenterology | Predicted: Gastroenterology

08:23:26 --->   row_id 3637 - Actual: Gastroenterology | Predicted: Gastroenterology

08:23:54 --->   row_id 3638 - Actual: Gastroenterology | Predicted: Gastroenterology

08:24:18 --->   row_id 3639 - Actual: Gastroenterology | Predicted: Gastroenterology

08:24:50 --->   row_id 3640 - Actual: Gastroenterology | Predicted: Gastroenterology

08:25:12 --->   row_id 3641 - Actual: Gastroenterology | Predicted: Gastroenterology

08:25:41 --->   row_id 3642 - Actual: Gastroenterology | Predicted: Gastroenterology

08:26:00 --->   row_id 3643 - Actual: Gastroenterology | Predicted: Gastroenterology

08:26:40 --->   row_id 3644 - Actual: Gastroenterology | Predicted: Gastroenterology

08:27:12 --->   row_id 3645 - Actual: Gastroenterology | Predicted: Gastroenterology

08:27:42 --->   row_id 3646 - Actual: Gastroenterology | Predicted: Gastroenterology

08:28:10 --->   row_id 3647 - Actual: Gastroenterology | Predicted: Gastroenterology

08:28:39 --->   row_id 3648 - Actual: Gastroenterology | Predicted: Gastroenterology

08:29:08 --->   row_id 3649 - Actual: Gastroenterology | Predicted: Gastroenterology

08:29:44 --->   row_id 3650 - Actual: Gastroenterology | Predicted: Gastroenterology

08:30:11 --->   row_id 3651 - Actual: Gastroenterology | Predicted: General Medicine

08:30:43 --->   row_id 3652 - Actual: Gastroenterology | Predicted: Gastroenterology

08:31:08 --->   row_id 3653 - Actual: Gastroenterology | Predicted: Gastroenterology

08:31:39 --->   row_id 3654 - Actual: Gastroenterology | Predicted: Gastroenterology

08:32:23 --->   row_id 3655 - Actual: Gastroenterology | Predicted: Gastroenterology

08:32:49 --->   row_id 3656 - Actual: Gastroenterology | Predicted: Gastroenterology

08:33:19 --->   row_id 3657 - Actual: Gastroenterology | Predicted: Gastroenterology

08:33:38 --->   row_id 3658 - Actual: Gastroenterology | Predicted: Gastroenterology

08:34:33 --->   row_id 3659 - Actual: Gastroenterology | Predicted: none

08:35:23 --->   row_id 3660 - Actual: Gastroenterology | Predicted: Gastroenterology

08:35:44 --->   row_id 3661 - Actual: Gastroenterology | Predicted: Gastroenterology

08:36:22 --->   row_id 3662 - Actual: Gastroenterology | Predicted: Gastroenterology

08:36:50 --->   row_id 3663 - Actual: Gastroenterology | Predicted: Gastroenterology

08:37:34 --->   row_id 3664 - Actual: Gastroenterology | Predicted: Gastroenterology

08:38:13 --->   row_id 3665 - Actual: Gastroenterology | Predicted: Gastroenterology

08:38:41 --->   row_id 3666 - Actual: Gastroenterology | Predicted: Gastroenterology

08:39:09 --->   row_id 3667 - Actual: Gastroenterology | Predicted: General Medicine

08:39:57 --->   row_id 3668 - Actual: Gastroenterology | Predicted: Gastroenterology

08:40:24 --->   row_id 3669 - Actual: Gastroenterology | Predicted: Gastroenterology

08:41:02 --->   row_id 3670 - Actual: Gastroenterology | Predicted: Gastroenterology

08:42:32 --->   row_id 3671 - Actual: Gastroenterology | Predicted: Gastroenterology

08:42:59 --->   row_id 3672 - Actual: Gastroenterology | Predicted: Gastroenterology

08:43:40 --->   row_id 3673 - Actual: Gastroenterology | Predicted: Gastroenterology

08:44:10 --->   row_id 3674 - Actual: Gastroenterology | Predicted: Gastroenterology

08:44:44 --->   row_id 3675 - Actual: Gastroenterology | Predicted: Gastroenterology

08:45:21 --->   row_id 3676 - Actual: Gastroenterology | Predicted: Gastroenterology

08:46:05 --->   row_id 3677 - Actual: Gastroenterology | Predicted: Gastroenterology

08:46:33 --->   row_id 3678 - Actual: Gastroenterology | Predicted: Gastroenterology

08:47:11 --->   row_id 3679 - Actual: Gastroenterology | Predicted: Gastroenterology

08:47:36 --->   row_id 3680 - Actual: Gastroenterology | Predicted: Gastroenterology

08:48:10 --->   row_id 3681 - Actual: Gastroenterology | Predicted: Cardiovascular / Pulmonary

08:49:08 --->   row_id 3682 - Actual: Gastroenterology | Predicted: Endocrinology

08:49:35 --->   row_id 3683 - Actual: Gastroenterology | Predicted: Gastroenterology

08:50:07 --->   row_id 3684 - Actual: Gastroenterology | Predicted: Gastroenterology

08:50:43 --->   row_id 3685 - Actual: Gastroenterology | Predicted: Gastroenterology

08:51:11 --->   row_id 3686 - Actual: Gastroenterology | Predicted: Gastroenterology

08:51:47 --->   row_id 3688 - Actual: Gastroenterology | Predicted: none

08:52:10 --->   row_id 3689 - Actual: Gastroenterology | Predicted: Gastroenterology

08:52:40 --->   row_id 3786 - Actual: Endocrinology | Predicted: Endocrinology

08:53:13 --->   row_id 3788 - Actual: Endocrinology | Predicted: Cardiovascular / Pulmonary

08:53:50 --->   row_id 3789 - Actual: Endocrinology | Predicted: General Medicine

08:54:57 --->   row_id 3790 - Actual: Endocrinology | Predicted: Rheumatology

08:55:25 --->   row_id 3791 - Actual: Endocrinology | Predicted: Endocrinology

08:55:52 --->   row_id 3792 - Actual: Endocrinology | Predicted: Endocrinology

08:56:40 --->   row_id 3793 - Actual: Endocrinology | Predicted: Endocrinology

08:57:05 --->   row_id 3794 - Actual: Endocrinology | Predicted: General Medicine

08:57:39 --->   row_id 3795 - Actual: Endocrinology | Predicted: Endocrinology

08:58:08 --->   row_id 3796 - Actual: Endocrinology | Predicted: Endocrinology

08:58:29 --->   row_id 3797 - Actual: Endocrinology | Predicted: none

08:58:59 --->   row_id 3798 - Actual: Endocrinology | Predicted: Endocrinology

08:59:15 --->   row_id 3799 - Actual: Endocrinology | Predicted: none

08:59:25 --->   row_id 3800 - Actual: Endocrinology | Predicted: Endocrinology

08:59:53 --->   row_id 3801 - Actual: Endocrinology | Predicted: none

09:00:24 --->   row_id 3803 - Actual: Endocrinology | Predicted: Endocrinology

09:01:02 --->   row_id 3805 - Actual: Endocrinology | Predicted: Endocrinology

09:01:42 --->   row_id 3808 - Actual: Endocrinology | Predicted: Endocrinology

09:02:05 --->   row_id 3811 - Actual: Endocrinology | Predicted: Endocrinology

09:02:42 --->   row_id 4609 - Actual: Cardiovascular / Pulmonary | Predicted: Cardiovascular / Pulmonary

09:03:15 --->   row_id 4611 - Actual: Cardiovascular / Pulmonary | Predicted: Cardiovascular / Pulmonary

09:04:05 --->   row_id 4612 - Actual: Cardiovascular / Pulmonary | Predicted: Cardiovascular / Pulmonary

09:04:30 --->   row_id 4613 - Actual: Cardiovascular / Pulmonary | Predicted: Cardiovascular / Pulmonary

09:05:11 --->   row_id 4614 - Actual: Cardiovascular / Pulmonary | Predicted: Cardiovascular / Pulmonary

09:05:45 --->   row_id 4616 - Actual: Cardiovascular / Pulmonary | Predicted: Cardiovascular / Pulmonary

09:06:19 --->   row_id 4617 - Actual: Cardiovascular / Pulmonary | Predicted: Cardiovascular / Pulmonary

09:06:59 --->   row_id 4618 - Actual: Cardiovascular / Pulmonary | Predicted: Cardiovascular / Pulmonary

09:07:39 --->   row_id 4619 - Actual: Cardiovascular / Pulmonary | Predicted: Cardiovascular / Pulmonary

09:08:06 --->   row_id 4620 - Actual: Cardiovascular / Pulmonary | Predicted: Cardiovascular / Pulmonary

09:08:43 --->   row_id 4621 - Actual: Cardiovascular / Pulmonary | Predicted: Cardiovascular / Pulmonary

09:09:13 --->   row_id 4622 - Actual: Cardiovascular / Pulmonary | Predicted: Cardiovascular / Pulmonary

09:09:36 --->   row_id 4623 - Actual: Cardiovascular / Pulmonary | Predicted: Cardiovascular / Pulmonary

09:10:09 --->   row_id 4624 - Actual: Cardiovascular / Pulmonary | Predicted: Cardiovascular / Pulmonary

09:10:26 --->   row_id 4625 - Actual: Cardiovascular / Pulmonary | Predicted: Cardiovascular / Pulmonary

09:10:54 --->   row_id 4626 - Actual: Cardiovascular / Pulmonary | Predicted: Cardiovascular / Pulmonary

09:11:19 --->   row_id 4627 - Actual: Cardiovascular / Pulmonary | Predicted: Cardiovascular / Pulmonary

09:11:51 --->   row_id 4628 - Actual: Cardiovascular / Pulmonary | Predicted: Cardiovascular / Pulmonary

09:12:18 --->   row_id 4629 - Actual: Cardiovascular / Pulmonary | Predicted: Cardiovascular / Pulmonary

09:12:39 --->   row_id 4630 - Actual: Cardiovascular / Pulmonary | Predicted: Cardiovascular / Pulmonary

09:12:59 --->   row_id 4631 - Actual: Cardiovascular / Pulmonary | Predicted: Cardiovascular / Pulmonary

09:13:30 --->   row_id 4632 - Actual: Cardiovascular / Pulmonary | Predicted: Cardiovascular / Pulmonary

09:13:52 --->   row_id 4633 - Actual: Cardiovascular / Pulmonary | Predicted: Cardiovascular / Pulmonary

09:14:15 --->   row_id 4634 - Actual: Cardiovascular / Pulmonary | Predicted: Cardiovascular / Pulmonary

09:14:47 --->   row_id 4635 - Actual: Cardiovascular / Pulmonary | Predicted: Nephrology

09:15:19 --->   row_id 4636 - Actual: Cardiovascular / Pulmonary | Predicted: Cardiovascular / Pulmonary

09:15:54 --->   row_id 4637 - Actual: Cardiovascular / Pulmonary | Predicted: Nephrology

09:16:15 --->   row_id 4638 - Actual: Cardiovascular / Pulmonary | Predicted: Cardiovascular / Pulmonary

09:16:48 --->   row_id 4639 - Actual: Cardiovascular / Pulmonary | Predicted: Cardiovascular / Pulmonary

09:17:59 --->   row_id 4640 - Actual: Cardiovascular / Pulmonary | Predicted: Cardiovascular / Pulmonary

09:18:28 --->   row_id 4641 - Actual: Cardiovascular / Pulmonary | Predicted: General Medicine

09:18:59 --->   row_id 4642 - Actual: Cardiovascular / Pulmonary | Predicted: Gastroenterology

09:19:26 --->   row_id 4643 - Actual: Cardiovascular / Pulmonary | Predicted: Cardiovascular / Pulmonary

09:20:03 --->   row_id 4644 - Actual: Cardiovascular / Pulmonary | Predicted: Cardiovascular / Pulmonary

09:20:27 --->   row_id 4645 - Actual: Cardiovascular / Pulmonary | Predicted: none

09:20:59 --->   row_id 4646 - Actual: Cardiovascular / Pulmonary | Predicted: General Medicine

09:21:21 --->   row_id 4647 - Actual: Cardiovascular / Pulmonary | Predicted: Nephrology

09:21:49 --->   row_id 4648 - Actual: Cardiovascular / Pulmonary | Predicted: Cardiovascular / Pulmonary

09:22:23 --->   row_id 4649 - Actual: Cardiovascular / Pulmonary | Predicted: Cardiovascular / Pulmonary

09:22:50 --->   row_id 4650 - Actual: Cardiovascular / Pulmonary | Predicted: Cardiovascular / Pulmonary

09:23:20 --->   row_id 4651 - Actual: Cardiovascular / Pulmonary | Predicted: Nephrology

09:24:42 --->   row_id 4652 - Actual: Cardiovascular / Pulmonary | Predicted: none

09:25:15 --->   row_id 4653 - Actual: Cardiovascular / Pulmonary | Predicted: Cardiovascular / Pulmonary

09:25:37 --->   row_id 4654 - Actual: Cardiovascular / Pulmonary | Predicted: Cardiovascular / Pulmonary

09:26:10 --->   row_id 4655 - Actual: Cardiovascular / Pulmonary | Predicted: Cardiovascular / Pulmonary

09:26:42 --->   row_id 4656 - Actual: Cardiovascular / Pulmonary | Predicted: Cardiovascular / Pulmonary

09:27:14 --->   row_id 4657 - Actual: Cardiovascular / Pulmonary | Predicted: General Medicine

09:27:41 --->   row_id 4658 - Actual: Cardiovascular / Pulmonary | Predicted: Cardiovascular / Pulmonary

09:28:07 --->   row_id 4659 - Actual: Cardiovascular / Pulmonary | Predicted: Cardiovascular / Pulmonary

09:28:43 --->   row_id 4660 - Actual: Cardiovascular / Pulmonary | Predicted: Cardiovascular / Pulmonary

09:29:04 --->   row_id 4661 - Actual: Cardiovascular / Pulmonary | Predicted: Cardiovascular / Pulmonary

09:29:39 --->   row_id 4662 - Actual: Cardiovascular / Pulmonary | Predicted: Cardiovascular / Pulmonary

09:30:13 --->   row_id 4663 - Actual: Cardiovascular / Pulmonary | Predicted: Cardiovascular / Pulmonary

09:30:44 --->   row_id 4664 - Actual: Cardiovascular / Pulmonary | Predicted: Cardiovascular / Pulmonary

09:31:19 --->   row_id 4665 - Actual: Cardiovascular / Pulmonary | Predicted: Cardiovascular / Pulmonary

09:31:50 --->   row_id 4666 - Actual: Cardiovascular / Pulmonary | Predicted: Cardiovascular / Pulmonary

09:32:23 --->   row_id 4667 - Actual: Cardiovascular / Pulmonary | Predicted: Cardiovascular / Pulmonary

09:32:59 --->   row_id 4668 - Actual: Cardiovascular / Pulmonary | Predicted: Cardiovascular / Pulmonary

09:33:39 --->   row_id 4669 - Actual: Cardiovascular / Pulmonary | Predicted: Cardiovascular / Pulmonary

09:34:08 --->   row_id 4670 - Actual: Cardiovascular / Pulmonary | Predicted: Cardiovascular / Pulmonary

09:34:36 --->   row_id 4671 - Actual: Cardiovascular / Pulmonary | Predicted: Cardiovascular / Pulmonary

09:35:03 --->   row_id 4672 - Actual: Cardiovascular / Pulmonary | Predicted: Cardiovascular / Pulmonary

09:35:54 --->   row_id 4673 - Actual: Cardiovascular / Pulmonary | Predicted: General Medicine

09:36:41 --->   row_id 4674 - Actual: Cardiovascular / Pulmonary | Predicted: Cardiovascular / Pulmonary

09:37:10 --->   row_id 4675 - Actual: Cardiovascular / Pulmonary | Predicted: Cardiovascular / Pulmonary

09:37:32 --->   row_id 4676 - Actual: Cardiovascular / Pulmonary | Predicted: Cardiovascular / Pulmonary

09:38:01 --->   row_id 4677 - Actual: Cardiovascular / Pulmonary | Predicted: Cardiovascular / Pulmonary

09:38:15 --->   row_id 4678 - Actual: Cardiovascular / Pulmonary | Predicted: Cardiovascular / Pulmonary

09:38:49 --->   row_id 4679 - Actual: Cardiovascular / Pulmonary | Predicted: Cardiovascular / Pulmonary

09:39:26 --->   row_id 4680 - Actual: Cardiovascular / Pulmonary | Predicted: none

09:39:55 --->   row_id 4681 - Actual: Cardiovascular / Pulmonary | Predicted: Cardiovascular / Pulmonary

09:40:23 --->   row_id 4682 - Actual: Cardiovascular / Pulmonary | Predicted: Cardiovascular / Pulmonary

09:41:00 --->   row_id 4683 - Actual: Cardiovascular / Pulmonary | Predicted: Cardiovascular / Pulmonary

09:41:40 --->   row_id 4684 - Actual: Cardiovascular / Pulmonary | Predicted: Cardiovascular / Pulmonary

09:42:19 --->   row_id 4685 - Actual: Cardiovascular / Pulmonary | Predicted: Cardiovascular / Pulmonary

09:42:48 --->   row_id 4686 - Actual: Cardiovascular / Pulmonary | Predicted: Cardiovascular / Pulmonary

09:43:22 --->   row_id 4687 - Actual: Cardiovascular / Pulmonary | Predicted: Allergy / Immunology

09:43:36 --->   row_id 4688 - Actual: Cardiovascular / Pulmonary | Predicted: Cardiovascular / Pulmonary

09:44:30 --->   row_id 4689 - Actual: Cardiovascular / Pulmonary | Predicted: none

09:45:32 --->   row_id 4690 - Actual: Cardiovascular / Pulmonary | Predicted: Cardiovascular / Pulmonary

09:46:10 --->   row_id 4691 - Actual: Cardiovascular / Pulmonary | Predicted: Cardiovascular / Pulmonary

09:46:40 --->   row_id 4692 - Actual: Cardiovascular / Pulmonary | Predicted: Cardiovascular / Pulmonary

09:47:27 --->   row_id 4693 - Actual: Cardiovascular / Pulmonary | Predicted: none

09:48:00 --->   row_id 4694 - Actual: Cardiovascular / Pulmonary | Predicted: Rheumatology

09:48:50 --->   row_id 4695 - Actual: Cardiovascular / Pulmonary | Predicted: Cardiovascular / Pulmonary

09:49:29 --->   row_id 4696 - Actual: Cardiovascular / Pulmonary | Predicted: none

09:50:05 --->   row_id 4697 - Actual: Cardiovascular / Pulmonary | Predicted: Cardiovascular / Pulmonary

09:50:30 --->   row_id 4698 - Actual: Cardiovascular / Pulmonary | Predicted: Endocrinology

09:51:25 --->   row_id 4699 - Actual: Cardiovascular / Pulmonary | Predicted: Rheumatology

09:52:10 --->   row_id 4700 - Actual: Cardiovascular / Pulmonary | Predicted: Cardiovascular / Pulmonary

09:52:32 --->   row_id 4701 - Actual: Cardiovascular / Pulmonary | Predicted: Cardiovascular / Pulmonary

09:52:51 --->   row_id 4702 - Actual: Cardiovascular / Pulmonary | Predicted: Cardiovascular / Pulmonary

09:53:27 --->   row_id 4703 - Actual: Cardiovascular / Pulmonary | Predicted: Cardiovascular / Pulmonary

09:53:49 --->   row_id 4704 - Actual: Cardiovascular / Pulmonary | Predicted: Cardiovascular / Pulmonary

09:54:31 --->   row_id 4705 - Actual: Cardiovascular / Pulmonary | Predicted: Cardiovascular / Pulmonary

09:54:54 --->   row_id 4706 - Actual: Cardiovascular / Pulmonary | Predicted: Cardiovascular / Pulmonary

09:55:30 --->   row_id 4707 - Actual: Cardiovascular / Pulmonary | Predicted: Cardiovascular / Pulmonary

09:56:14 --->   row_id 4708 - Actual: Cardiovascular / Pulmonary | Predicted: Cardiovascular / Pulmonary

09:56:40 --->   row_id 4709 - Actual: Cardiovascular / Pulmonary | Predicted: Cardiovascular / Pulmonary

09:57:38 --->   row_id 4710 - Actual: Cardiovascular / Pulmonary | Predicted: General Medicine

09:58:12 --->   row_id 4711 - Actual: Cardiovascular / Pulmonary | Predicted: Cardiovascular / Pulmonary

09:58:44 --->   row_id 4712 - Actual: Cardiovascular / Pulmonary | Predicted: Cardiovascular / Pulmonary

09:59:25 --->   row_id 4713 - Actual: Cardiovascular / Pulmonary | Predicted: Cardiovascular / Pulmonary

09:59:50 --->   row_id 4714 - Actual: Cardiovascular / Pulmonary | Predicted: Cardiovascular / Pulmonary

10:00:10 --->   row_id 4715 - Actual: Cardiovascular / Pulmonary | Predicted: Cardiovascular / Pulmonary

10:00:30 --->   row_id 4716 - Actual: Cardiovascular / Pulmonary | Predicted: Cardiovascular / Pulmonary

10:00:55 --->   row_id 4717 - Actual: Cardiovascular / Pulmonary | Predicted: Cardiovascular / Pulmonary

10:01:34 --->   row_id 4718 - Actual: Cardiovascular / Pulmonary | Predicted: Cardiovascular / Pulmonary

10:01:57 --->   row_id 4719 - Actual: Cardiovascular / Pulmonary | Predicted: Cardiovascular / Pulmonary

10:02:35 --->   row_id 4720 - Actual: Cardiovascular / Pulmonary | Predicted: Cardiovascular / Pulmonary

10:03:23 --->   row_id 4721 - Actual: Cardiovascular / Pulmonary | Predicted: Cardiovascular / Pulmonary

10:03:49 --->   row_id 4722 - Actual: Cardiovascular / Pulmonary | Predicted: Cardiovascular / Pulmonary

10:04:11 --->   row_id 4723 - Actual: Cardiovascular / Pulmonary | Predicted: Cardiovascular / Pulmonary

10:04:33 --->   row_id 4724 - Actual: Cardiovascular / Pulmonary | Predicted: Cardiovascular / Pulmonary

10:04:54 --->   row_id 4725 - Actual: Cardiovascular / Pulmonary | Predicted: Cardiovascular / Pulmonary

10:05:16 --->   row_id 4726 - Actual: Cardiovascular / Pulmonary | Predicted: Cardiovascular / Pulmonary

10:05:59 --->   row_id 4727 - Actual: Cardiovascular / Pulmonary | Predicted: Cardiovascular / Pulmonary

10:06:39 --->   row_id 4728 - Actual: Cardiovascular / Pulmonary | Predicted: Cardiovascular / Pulmonary

10:07:02 --->   row_id 4729 - Actual: Cardiovascular / Pulmonary | Predicted: Cardiovascular / Pulmonary

10:07:27 --->   row_id 4730 - Actual: Cardiovascular / Pulmonary | Predicted: Cardiovascular / Pulmonary

10:07:50 --->   row_id 4731 - Actual: Cardiovascular / Pulmonary | Predicted: Cardiovascular / Pulmonary

10:08:22 --->   row_id 4732 - Actual: Cardiovascular / Pulmonary | Predicted: Cardiovascular / Pulmonary

10:08:49 --->   row_id 4733 - Actual: Cardiovascular / Pulmonary | Predicted: Cardiovascular / Pulmonary

10:09:57 --->   row_id 4734 - Actual: Cardiovascular / Pulmonary | Predicted: none

10:10:51 --->   row_id 4735 - Actual: Cardiovascular / Pulmonary | Predicted: none

10:11:15 --->   row_id 4736 - Actual: Cardiovascular / Pulmonary | Predicted: Cardiovascular / Pulmonary

10:12:06 --->   row_id 4737 - Actual: Cardiovascular / Pulmonary | Predicted: none

10:12:34 --->   row_id 4738 - Actual: Cardiovascular / Pulmonary | Predicted: Cardiovascular / Pulmonary

10:13:27 --->   row_id 4739 - Actual: Cardiovascular / Pulmonary | Predicted: none

10:13:51 --->   row_id 4740 - Actual: Cardiovascular / Pulmonary | Predicted: Cardiovascular / Pulmonary

10:14:13 --->   row_id 4741 - Actual: Cardiovascular / Pulmonary | Predicted: Cardiovascular / Pulmonary

10:14:39 --->   row_id 4742 - Actual: Cardiovascular / Pulmonary | Predicted: Cardiovascular / Pulmonary

10:15:10 --->   row_id 4743 - Actual: Cardiovascular / Pulmonary | Predicted: none

10:15:58 --->   row_id 4744 - Actual: Cardiovascular / Pulmonary | Predicted: none

10:16:38 --->   row_id 4745 - Actual: Cardiovascular / Pulmonary | Predicted: none

10:17:15 --->   row_id 4746 - Actual: Cardiovascular / Pulmonary | Predicted: Cardiovascular / Pulmonary

10:17:44 --->   row_id 4747 - Actual: Cardiovascular / Pulmonary | Predicted: none

10:18:18 --->   row_id 4748 - Actual: Cardiovascular / Pulmonary | Predicted: none

10:18:49 --->   row_id 4749 - Actual: Cardiovascular / Pulmonary | Predicted: Cardiovascular / Pulmonary

10:19:43 --->   row_id 4750 - Actual: Cardiovascular / Pulmonary | Predicted: none

10:20:17 --->   row_id 4751 - Actual: Cardiovascular / Pulmonary | Predicted: Cardiovascular / Pulmonary

10:20:37 --->   row_id 4752 - Actual: Cardiovascular / Pulmonary | Predicted: Cardiovascular / Pulmonary

10:21:29 --->   row_id 4753 - Actual: Cardiovascular / Pulmonary | Predicted: Cardiovascular / Pulmonary

10:22:06 --->   row_id 4754 - Actual: Cardiovascular / Pulmonary | Predicted: Gastroenterology

10:23:04 --->   row_id 4755 - Actual: Cardiovascular / Pulmonary | Predicted: Gastroenterology

10:23:39 --->   row_id 4756 - Actual: Cardiovascular / Pulmonary | Predicted: Cardiovascular / Pulmonary

10:24:02 --->   row_id 4757 - Actual: Cardiovascular / Pulmonary | Predicted: Endocrinology

10:24:29 --->   row_id 4758 - Actual: Cardiovascular / Pulmonary | Predicted: General Medicine

10:25:15 --->   row_id 4759 - Actual: Cardiovascular / Pulmonary | Predicted: Cardiovascular / Pulmonary

10:25:37 --->   row_id 4760 - Actual: Cardiovascular / Pulmonary | Predicted: Cardiovascular / Pulmonary

10:26:09 --->   row_id 4761 - Actual: Cardiovascular / Pulmonary | Predicted: Cardiovascular / Pulmonary

10:26:24 --->   row_id 4762 - Actual: Cardiovascular / Pulmonary | Predicted: Cardiovascular / Pulmonary

10:26:56 --->   row_id 4763 - Actual: Cardiovascular / Pulmonary | Predicted: Cardiovascular / Pulmonary

10:27:37 --->   row_id 4764 - Actual: Cardiovascular / Pulmonary | Predicted: Cardiovascular / Pulmonary

10:28:12 --->   row_id 4765 - Actual: Cardiovascular / Pulmonary | Predicted: Cardiovascular / Pulmonary

10:28:55 --->   row_id 4766 - Actual: Cardiovascular / Pulmonary | Predicted: Cardiovascular / Pulmonary

10:29:23 --->   row_id 4767 - Actual: Cardiovascular / Pulmonary | Predicted: none

10:29:52 --->   row_id 4768 - Actual: Cardiovascular / Pulmonary | Predicted: Cardiovascular / Pulmonary

10:30:21 --->   row_id 4769 - Actual: Cardiovascular / Pulmonary | Predicted: Cardiovascular / Pulmonary

10:30:45 --->   row_id 4770 - Actual: Cardiovascular / Pulmonary | Predicted: Cardiovascular / Pulmonary

10:31:08 --->   row_id 4771 - Actual: Cardiovascular / Pulmonary | Predicted: Cardiovascular / Pulmonary

10:31:45 --->   row_id 4772 - Actual: Cardiovascular / Pulmonary | Predicted: none

10:32:15 --->   row_id 4773 - Actual: Cardiovascular / Pulmonary | Predicted: Cardiovascular / Pulmonary

10:32:59 --->   row_id 4774 - Actual: Cardiovascular / Pulmonary | Predicted: Cardiovascular / Pulmonary

10:33:30 --->   row_id 4775 - Actual: Cardiovascular / Pulmonary | Predicted: Cardiovascular / Pulmonary

10:34:02 --->   row_id 4776 - Actual: Cardiovascular / Pulmonary | Predicted: Cardiovascular / Pulmonary

10:34:27 --->   row_id 4777 - Actual: Cardiovascular / Pulmonary | Predicted: Cardiovascular / Pulmonary

10:34:51 --->   row_id 4778 - Actual: Cardiovascular / Pulmonary | Predicted: Cardiovascular / Pulmonary

10:35:15 --->   row_id 4779 - Actual: Cardiovascular / Pulmonary | Predicted: Cardiovascular / Pulmonary

10:35:53 --->   row_id 4780 - Actual: Cardiovascular / Pulmonary | Predicted: Cardiovascular / Pulmonary

10:36:20 --->   row_id 4781 - Actual: Cardiovascular / Pulmonary | Predicted: Cardiovascular / Pulmonary

10:36:38 --->   row_id 4782 - Actual: Cardiovascular / Pulmonary | Predicted: Cardiovascular / Pulmonary

10:37:15 --->   row_id 4783 - Actual: Cardiovascular / Pulmonary | Predicted: Cardiovascular / Pulmonary

10:37:41 --->   row_id 4784 - Actual: Cardiovascular / Pulmonary | Predicted: Cardiovascular / Pulmonary

10:38:10 --->   row_id 4785 - Actual: Cardiovascular / Pulmonary | Predicted: Cardiovascular / Pulmonary

10:38:30 --->   row_id 4786 - Actual: Cardiovascular / Pulmonary | Predicted: Cardiovascular / Pulmonary

10:38:58 --->   row_id 4787 - Actual: Cardiovascular / Pulmonary | Predicted: Cardiovascular / Pulmonary

10:39:25 --->   row_id 4788 - Actual: Cardiovascular / Pulmonary | Predicted: Cardiovascular / Pulmonary

10:40:13 --->   row_id 4789 - Actual: Cardiovascular / Pulmonary | Predicted: Allergy / Immunology

10:40:50 --->   row_id 4790 - Actual: Cardiovascular / Pulmonary | Predicted: Cardiovascular / Pulmonary

10:41:06 --->   row_id 4791 - Actual: Cardiovascular / Pulmonary | Predicted: General Medicine

10:41:52 --->   row_id 4792 - Actual: Cardiovascular / Pulmonary | Predicted: Cardiovascular / Pulmonary

10:42:20 --->   row_id 4793 - Actual: Cardiovascular / Pulmonary | Predicted: Cardiovascular / Pulmonary

10:42:47 --->   row_id 4794 - Actual: Cardiovascular / Pulmonary | Predicted: Cardiovascular / Pulmonary

10:43:14 --->   row_id 4795 - Actual: Cardiovascular / Pulmonary | Predicted: Cardiovascular / Pulmonary

10:43:50 --->   row_id 4796 - Actual: Cardiovascular / Pulmonary | Predicted: Cardiovascular / Pulmonary

10:44:24 --->   row_id 4797 - Actual: Cardiovascular / Pulmonary | Predicted: Cardiovascular / Pulmonary

10:44:45 --->   row_id 4798 - Actual: Cardiovascular / Pulmonary | Predicted: Cardiovascular / Pulmonary

10:45:17 --->   row_id 4799 - Actual: Cardiovascular / Pulmonary | Predicted: Nephrology

10:45:57 --->   row_id 4800 - Actual: Cardiovascular / Pulmonary | Predicted: Cardiovascular / Pulmonary

10:46:40 --->   row_id 4801 - Actual: Cardiovascular / Pulmonary | Predicted: Cardiovascular / Pulmonary

10:47:20 --->   row_id 4802 - Actual: Cardiovascular / Pulmonary | Predicted: Cardiovascular / Pulmonary

10:47:45 --->   row_id 4803 - Actual: Cardiovascular / Pulmonary | Predicted: Cardiovascular / Pulmonary

10:48:22 --->   row_id 4804 - Actual: Cardiovascular / Pulmonary | Predicted: Cardiovascular / Pulmonary

10:48:56 --->   row_id 4805 - Actual: Cardiovascular / Pulmonary | Predicted: Cardiovascular / Pulmonary

10:49:33 --->   row_id 4806 - Actual: Cardiovascular / Pulmonary | Predicted: Cardiovascular / Pulmonary

10:50:21 --->   row_id 4807 - Actual: Cardiovascular / Pulmonary | Predicted: Cardiovascular / Pulmonary

10:50:47 --->   row_id 4808 - Actual: Cardiovascular / Pulmonary | Predicted: Cardiovascular / Pulmonary

10:51:23 --->   row_id 4809 - Actual: Cardiovascular / Pulmonary | Predicted: General Medicine

10:51:52 --->   row_id 4810 - Actual: Cardiovascular / Pulmonary | Predicted: Cardiovascular / Pulmonary

10:52:11 --->   row_id 4811 - Actual: Cardiovascular / Pulmonary | Predicted: Gastroenterology

10:52:37 --->   row_id 4812 - Actual: Cardiovascular / Pulmonary | Predicted: Cardiovascular / Pulmonary

10:53:01 --->   row_id 4813 - Actual: Cardiovascular / Pulmonary | Predicted: Cardiovascular / Pulmonary

10:53:40 --->   row_id 4814 - Actual: Cardiovascular / Pulmonary | Predicted: Cardiovascular / Pulmonary

10:54:08 --->   row_id 4815 - Actual: Cardiovascular / Pulmonary | Predicted: Cardiovascular / Pulmonary

10:54:43 --->   row_id 4816 - Actual: Cardiovascular / Pulmonary | Predicted: Cardiovascular / Pulmonary

10:55:09 --->   row_id 4817 - Actual: Cardiovascular / Pulmonary | Predicted: Cardiovascular / Pulmonary

10:55:35 --->   row_id 4818 - Actual: Cardiovascular / Pulmonary | Predicted: Cardiovascular / Pulmonary

10:56:07 --->   row_id 4819 - Actual: Cardiovascular / Pulmonary | Predicted: Cardiovascular / Pulmonary

10:56:36 --->   row_id 4820 - Actual: Cardiovascular / Pulmonary | Predicted: Cardiovascular / Pulmonary

10:57:03 --->   row_id 4821 - Actual: Cardiovascular / Pulmonary | Predicted: Cardiovascular / Pulmonary

10:57:37 --->   row_id 4822 - Actual: Cardiovascular / Pulmonary | Predicted: Cardiovascular / Pulmonary

10:58:04 --->   row_id 4823 - Actual: Cardiovascular / Pulmonary | Predicted: Cardiovascular / Pulmonary

10:58:38 --->   row_id 4824 - Actual: Cardiovascular / Pulmonary | Predicted: Cardiovascular / Pulmonary

10:58:55 --->   row_id 4825 - Actual: Cardiovascular / Pulmonary | Predicted: Cardiovascular / Pulmonary

10:59:24 --->   row_id 4826 - Actual: Cardiovascular / Pulmonary | Predicted: Cardiovascular / Pulmonary

10:59:44 --->   row_id 4827 - Actual: Cardiovascular / Pulmonary | Predicted: none

11:00:17 --->   row_id 4828 - Actual: Cardiovascular / Pulmonary | Predicted: Gastroenterology

11:00:51 --->   row_id 4829 - Actual: Cardiovascular / Pulmonary | Predicted: Cardiovascular / Pulmonary

11:01:13 --->   row_id 4830 - Actual: Cardiovascular / Pulmonary | Predicted: Cardiovascular / Pulmonary

11:01:55 --->   row_id 4831 - Actual: Cardiovascular / Pulmonary | Predicted: Cardiovascular / Pulmonary

11:02:29 --->   row_id 4832 - Actual: Cardiovascular / Pulmonary | Predicted: Cardiovascular / Pulmonary

11:02:59 --->   row_id 4833 - Actual: Cardiovascular / Pulmonary | Predicted: Cardiovascular / Pulmonary

11:03:29 --->   row_id 4834 - Actual: Cardiovascular / Pulmonary | Predicted: Cardiovascular / Pulmonary

11:03:53 --->   row_id 4835 - Actual: Cardiovascular / Pulmonary | Predicted: Cardiovascular / Pulmonary

11:04:21 --->   row_id 4836 - Actual: Cardiovascular / Pulmonary | Predicted: General Medicine

11:06:46 --->   row_id 4837 - Actual: Cardiovascular / Pulmonary | Predicted: none

11:07:22 --->   row_id 4838 - Actual: Cardiovascular / Pulmonary | Predicted: Cardiovascular / Pulmonary

11:07:50 --->   row_id 4839 - Actual: Cardiovascular / Pulmonary | Predicted: Cardiovascular / Pulmonary

11:08:20 --->   row_id 4840 - Actual: Cardiovascular / Pulmonary | Predicted: Cardiovascular / Pulmonary

11:08:42 --->   row_id 4841 - Actual: Cardiovascular / Pulmonary | Predicted: Cardiovascular / Pulmonary

11:09:25 --->   row_id 4842 - Actual: Cardiovascular / Pulmonary | Predicted: Cardiovascular / Pulmonary

11:10:06 --->   row_id 4843 - Actual: Cardiovascular / Pulmonary | Predicted: Cardiovascular / Pulmonary

11:11:07 --->   row_id 4844 - Actual: Cardiovascular / Pulmonary | Predicted: none

11:11:32 --->   row_id 4845 - Actual: Cardiovascular / Pulmonary | Predicted: Cardiovascular / Pulmonary

11:12:06 --->   row_id 4846 - Actual: Cardiovascular / Pulmonary | Predicted: Cardiovascular / Pulmonary

11:12:44 --->   row_id 4847 - Actual: Cardiovascular / Pulmonary | Predicted: Cardiovascular / Pulmonary

11:13:06 --->   row_id 4848 - Actual: Cardiovascular / Pulmonary | Predicted: Cardiovascular / Pulmonary

11:13:36 --->   row_id 4849 - Actual: Cardiovascular / Pulmonary | Predicted: Cardiovascular / Pulmonary

11:14:18 --->   row_id 4850 - Actual: Cardiovascular / Pulmonary | Predicted: General Medicine

11:14:52 --->   row_id 4851 - Actual: Cardiovascular / Pulmonary | Predicted: Cardiovascular / Pulmonary

11:15:35 --->   row_id 4852 - Actual: Cardiovascular / Pulmonary | Predicted: Cardiovascular / Pulmonary

11:16:05 --->   row_id 4853 - Actual: Cardiovascular / Pulmonary | Predicted: General Medicine

11:16:35 --->   row_id 4854 - Actual: Cardiovascular / Pulmonary | Predicted: Cardiovascular / Pulmonary

11:16:58 --->   row_id 4855 - Actual: Cardiovascular / Pulmonary | Predicted: Cardiovascular / Pulmonary

11:17:52 --->   row_id 4856 - Actual: Cardiovascular / Pulmonary | Predicted: Cardiovascular / Pulmonary

11:18:40 --->   row_id 4857 - Actual: Cardiovascular / Pulmonary | Predicted: Cardiovascular / Pulmonary

11:19:12 --->   row_id 4858 - Actual: Cardiovascular / Pulmonary | Predicted: Cardiovascular / Pulmonary

11:19:41 --->   row_id 4859 - Actual: Cardiovascular / Pulmonary | Predicted: Cardiovascular / Pulmonary

11:19:52 --->   row_id 4860 - Actual: Cardiovascular / Pulmonary | Predicted: Cardiovascular / Pulmonary

11:20:32 --->   row_id 4861 - Actual: Cardiovascular / Pulmonary | Predicted: Cardiovascular / Pulmonary

11:21:02 --->   row_id 4862 - Actual: Cardiovascular / Pulmonary | Predicted: Cardiovascular / Pulmonary

11:21:35 --->   row_id 4863 - Actual: Cardiovascular / Pulmonary | Predicted: Cardiovascular / Pulmonary

11:22:02 --->   row_id 4864 - Actual: Cardiovascular / Pulmonary | Predicted: Cardiovascular / Pulmonary

11:22:23 --->   row_id 4865 - Actual: Cardiovascular / Pulmonary | Predicted: Cardiovascular / Pulmonary

11:22:51 --->   row_id 4866 - Actual: Cardiovascular / Pulmonary | Predicted: Cardiovascular / Pulmonary

11:23:37 --->   row_id 4867 - Actual: Cardiovascular / Pulmonary | Predicted: Cardiovascular / Pulmonary

11:24:07 --->   row_id 4868 - Actual: Cardiovascular / Pulmonary | Predicted: Cardiovascular / Pulmonary

11:24:43 --->   row_id 4869 - Actual: Cardiovascular / Pulmonary | Predicted: Cardiovascular / Pulmonary

11:25:27 --->   row_id 4870 - Actual: Cardiovascular / Pulmonary | Predicted: Cardiovascular / Pulmonary

11:26:05 --->   row_id 4871 - Actual: Cardiovascular / Pulmonary | Predicted: Cardiovascular / Pulmonary

11:26:40 --->   row_id 4872 - Actual: Cardiovascular / Pulmonary | Predicted: Cardiovascular / Pulmonary

11:27:03 --->   row_id 4873 - Actual: Cardiovascular / Pulmonary | Predicted: Cardiovascular / Pulmonary

11:27:40 --->   row_id 4874 - Actual: Cardiovascular / Pulmonary | Predicted: Cardiovascular / Pulmonary

11:28:21 --->   row_id 4875 - Actual: Cardiovascular / Pulmonary | Predicted: Cardiovascular / Pulmonary

11:28:45 --->   row_id 4876 - Actual: Cardiovascular / Pulmonary | Predicted: Cardiovascular / Pulmonary

11:29:08 --->   row_id 4877 - Actual: Cardiovascular / Pulmonary | Predicted: none

11:29:52 --->   row_id 4878 - Actual: Cardiovascular / Pulmonary | Predicted: General Medicine

11:30:23 --->   row_id 4879 - Actual: Cardiovascular / Pulmonary | Predicted: Cardiovascular / Pulmonary

11:31:13 --->   row_id 4880 - Actual: Cardiovascular / Pulmonary | Predicted: Cardiovascular / Pulmonary

11:31:38 --->   row_id 4881 - Actual: Cardiovascular / Pulmonary | Predicted: Cardiovascular / Pulmonary

11:32:17 --->   row_id 4882 - Actual: Cardiovascular / Pulmonary | Predicted: Cardiovascular / Pulmonary

11:32:45 --->   row_id 4883 - Actual: Cardiovascular / Pulmonary | Predicted: Cardiovascular / Pulmonary

11:33:19 --->   row_id 4884 - Actual: Cardiovascular / Pulmonary | Predicted: Cardiovascular / Pulmonary

11:33:43 --->   row_id 4885 - Actual: Cardiovascular / Pulmonary | Predicted: Cardiovascular / Pulmonary

11:34:10 --->   row_id 4886 - Actual: Cardiovascular / Pulmonary | Predicted: Cardiovascular / Pulmonary

11:34:45 --->   row_id 4887 - Actual: Cardiovascular / Pulmonary | Predicted: Cardiovascular / Pulmonary

11:35:15 --->   row_id 4888 - Actual: Cardiovascular / Pulmonary | Predicted: Cardiovascular / Pulmonary

11:35:45 --->   row_id 4889 - Actual: Cardiovascular / Pulmonary | Predicted: Gastroenterology

11:36:16 --->   row_id 4890 - Actual: Cardiovascular / Pulmonary | Predicted: General Medicine

11:36:42 --->   row_id 4891 - Actual: Cardiovascular / Pulmonary | Predicted: Cardiovascular / Pulmonary

11:37:11 --->   row_id 4892 - Actual: Cardiovascular / Pulmonary | Predicted: Sleep Medicine

11:38:02 --->   row_id 4893 - Actual: Cardiovascular / Pulmonary | Predicted: General Medicine

11:38:20 --->   row_id 4894 - Actual: Cardiovascular / Pulmonary | Predicted: Cardiovascular / Pulmonary

11:38:55 --->   row_id 4895 - Actual: Cardiovascular / Pulmonary | Predicted: Cardiovascular / Pulmonary

11:39:23 --->   row_id 4896 - Actual: Cardiovascular / Pulmonary | Predicted: Cardiovascular / Pulmonary

11:39:46 --->   row_id 4897 - Actual: Cardiovascular / Pulmonary | Predicted: Cardiovascular / Pulmonary

11:40:28 --->   row_id 4898 - Actual: Cardiovascular / Pulmonary | Predicted: Cardiovascular / Pulmonary

11:41:20 --->   row_id 4899 - Actual: Cardiovascular / Pulmonary | Predicted: Cardiovascular / Pulmonary

11:41:44 --->   row_id 4900 - Actual: Cardiovascular / Pulmonary | Predicted: Cardiovascular / Pulmonary

11:42:33 --->   row_id 4901 - Actual: Cardiovascular / Pulmonary | Predicted: none

11:43:32 --->   row_id 4902 - Actual: Cardiovascular / Pulmonary | Predicted: Endocrinology

11:44:04 --->   row_id 4903 - Actual: Cardiovascular / Pulmonary | Predicted: Gastroenterology

11:44:33 --->   row_id 4904 - Actual: Cardiovascular / Pulmonary | Predicted: Cardiovascular / Pulmonary

11:45:32 --->   row_id 4905 - Actual: Cardiovascular / Pulmonary | Predicted: Gastroenterology

11:45:55 --->   row_id 4906 - Actual: Cardiovascular / Pulmonary | Predicted: Cardiovascular / Pulmonary

11:46:55 --->   row_id 4907 - Actual: Cardiovascular / Pulmonary | Predicted: Cardiovascular / Pulmonary

11:47:32 --->   row_id 4908 - Actual: Cardiovascular / Pulmonary | Predicted: Cardiovascular / Pulmonary

11:48:10 --->   row_id 4909 - Actual: Cardiovascular / Pulmonary | Predicted: Gastroenterology

11:48:31 --->   row_id 4910 - Actual: Cardiovascular / Pulmonary | Predicted: Cardiovascular / Pulmonary

11:49:14 --->   row_id 4911 - Actual: Cardiovascular / Pulmonary | Predicted: Cardiovascular / Pulmonary

11:49:58 --->   row_id 4912 - Actual: Cardiovascular / Pulmonary | Predicted: Cardiovascular / Pulmonary

11:50:24 --->   row_id 4913 - Actual: Cardiovascular / Pulmonary | Predicted: Cardiovascular / Pulmonary

11:51:02 --->   row_id 4914 - Actual: Cardiovascular / Pulmonary | Predicted: Cardiovascular / Pulmonary

11:51:27 --->   row_id 4915 - Actual: Cardiovascular / Pulmonary | Predicted: Cardiovascular / Pulmonary

11:51:52 --->   row_id 4916 - Actual: Cardiovascular / Pulmonary | Predicted: Cardiovascular / Pulmonary

11:52:17 --->   row_id 4917 - Actual: Cardiovascular / Pulmonary | Predicted: Cardiovascular / Pulmonary

11:52:45 --->   row_id 4918 - Actual: Cardiovascular / Pulmonary | Predicted: Cardiovascular / Pulmonary

11:53:16 --->   row_id 4919 - Actual: Cardiovascular / Pulmonary | Predicted: Cardiovascular / Pulmonary

11:53:38 --->   row_id 4920 - Actual: Cardiovascular / Pulmonary | Predicted: Cardiovascular / Pulmonary

11:54:07 --->   row_id 4921 - Actual: Cardiovascular / Pulmonary | Predicted: Cardiovascular / Pulmonary

11:54:39 --->   row_id 4922 - Actual: Cardiovascular / Pulmonary | Predicted: Cardiovascular / Pulmonary

11:55:16 --->   row_id 4923 - Actual: Cardiovascular / Pulmonary | Predicted: Cardiovascular / Pulmonary

11:55:45 --->   row_id 4924 - Actual: Cardiovascular / Pulmonary | Predicted: Cardiovascular / Pulmonary

11:56:23 --->   row_id 4925 - Actual: Cardiovascular / Pulmonary | Predicted: Cardiovascular / Pulmonary

11:56:46 --->   row_id 4926 - Actual: Cardiovascular / Pulmonary | Predicted: Cardiovascular / Pulmonary

11:57:33 --->   row_id 4927 - Actual: Cardiovascular / Pulmonary | Predicted: Cardiovascular / Pulmonary

11:58:01 --->   row_id 4928 - Actual: Cardiovascular / Pulmonary | Predicted: Cardiovascular / Pulmonary

11:58:28 --->   row_id 4929 - Actual: Cardiovascular / Pulmonary | Predicted: Cardiovascular / Pulmonary

11:58:51 --->   row_id 4930 - Actual: Cardiovascular / Pulmonary | Predicted: Cardiovascular / Pulmonary

11:59:17 --->   row_id 4931 - Actual: Cardiovascular / Pulmonary | Predicted: Cardiovascular / Pulmonary

11:59:47 --->   row_id 4932 - Actual: Cardiovascular / Pulmonary | Predicted: Cardiovascular / Pulmonary

12:00:35 --->   row_id 4933 - Actual: Cardiovascular / Pulmonary | Predicted: General Medicine

12:01:14 --->   row_id 4934 - Actual: Cardiovascular / Pulmonary | Predicted: Cardiovascular / Pulmonary

12:01:41 --->   row_id 4935 - Actual: Cardiovascular / Pulmonary | Predicted: Cardiovascular / Pulmonary

12:02:08 --->   row_id 4936 - Actual: Cardiovascular / Pulmonary | Predicted: Cardiovascular / Pulmonary

12:02:34 --->   row_id 4937 - Actual: Cardiovascular / Pulmonary | Predicted: Cardiovascular / Pulmonary

12:03:04 --->   row_id 4938 - Actual: Cardiovascular / Pulmonary | Predicted: Cardiovascular / Pulmonary

12:03:29 --->   row_id 4939 - Actual: Cardiovascular / Pulmonary | Predicted: Cardiovascular / Pulmonary

12:04:02 --->   row_id 4940 - Actual: Cardiovascular / Pulmonary | Predicted: Cardiovascular / Pulmonary

12:04:34 --->   row_id 4941 - Actual: Cardiovascular / Pulmonary | Predicted: Cardiovascular / Pulmonary

12:05:02 --->   row_id 4942 - Actual: Cardiovascular / Pulmonary | Predicted: Cardiovascular / Pulmonary

12:05:25 --->   row_id 4943 - Actual: Cardiovascular / Pulmonary | Predicted: Cardiovascular / Pulmonary

12:05:59 --->   row_id 4944 - Actual: Cardiovascular / Pulmonary | Predicted: Cardiovascular / Pulmonary

12:06:22 --->   row_id 4945 - Actual: Cardiovascular / Pulmonary | Predicted: Cardiovascular / Pulmonary

12:06:59 --->   row_id 4946 - Actual: Cardiovascular / Pulmonary | Predicted: Cardiovascular / Pulmonary

12:07:37 --->   row_id 4947 - Actual: Cardiovascular / Pulmonary | Predicted: Cardiovascular / Pulmonary

12:08:29 --->   row_id 4948 - Actual: Cardiovascular / Pulmonary | Predicted: Cardiovascular / Pulmonary

12:09:06 --->   row_id 4949 - Actual: Cardiovascular / Pulmonary | Predicted: Cardiovascular / Pulmonary

12:09:45 --->   row_id 4950 - Actual: Cardiovascular / Pulmonary | Predicted: Cardiovascular / Pulmonary

12:10:10 --->   row_id 4951 - Actual: Cardiovascular / Pulmonary | Predicted: Cardiovascular / Pulmonary

12:10:40 --->   row_id 4952 - Actual: Cardiovascular / Pulmonary | Predicted: Cardiovascular / Pulmonary

12:11:16 --->   row_id 4953 - Actual: Cardiovascular / Pulmonary | Predicted: Cardiovascular / Pulmonary

12:11:55 --->   row_id 4954 - Actual: Cardiovascular / Pulmonary | Predicted: Cardiovascular / Pulmonary

12:12:23 --->   row_id 4955 - Actual: Cardiovascular / Pulmonary | Predicted: Cardiovascular / Pulmonary

12:13:04 --->   row_id 4956 - Actual: Cardiovascular / Pulmonary | Predicted: General Medicine

12:13:41 --->   row_id 4957 - Actual: Cardiovascular / Pulmonary | Predicted: Cardiovascular / Pulmonary

12:14:07 --->   row_id 4958 - Actual: Cardiovascular / Pulmonary | Predicted: none

12:14:32 --->   row_id 4959 - Actual: Cardiovascular / Pulmonary | Predicted: Cardiovascular / Pulmonary

12:15:21 --->   row_id 4960 - Actual: Cardiovascular / Pulmonary | Predicted: Cardiovascular / Pulmonary

12:15:42 --->   row_id 4961 - Actual: Cardiovascular / Pulmonary | Predicted: Cardiovascular / Pulmonary

12:16:17 --->   row_id 4962 - Actual: Cardiovascular / Pulmonary | Predicted: Cardiovascular / Pulmonary

12:16:54 --->   row_id 4963 - Actual: Cardiovascular / Pulmonary | Predicted: Cardiovascular / Pulmonary

12:17:26 --->   row_id 4964 - Actual: Cardiovascular / Pulmonary | Predicted: Cardiovascular / Pulmonary

12:18:15 --->   row_id 4965 - Actual: Cardiovascular / Pulmonary | Predicted: Cardiovascular / Pulmonary

12:18:44 --->   row_id 4966 - Actual: Cardiovascular / Pulmonary | Predicted: Cardiovascular / Pulmonary

12:19:06 --->   row_id 4967 - Actual: Cardiovascular / Pulmonary | Predicted: Cardiovascular / Pulmonary

12:19:31 --->   row_id 4968 - Actual: Cardiovascular / Pulmonary | Predicted: Cardiovascular / Pulmonary

12:19:51 --->   row_id 4969 - Actual: Cardiovascular / Pulmonary | Predicted: Cardiovascular / Pulmonary

12:20:24 --->   row_id 4970 - Actual: Cardiovascular / Pulmonary | Predicted: Cardiovascular / Pulmonary

12:20:53 --->   row_id 4971 - Actual: Cardiovascular / Pulmonary | Predicted: Cardiovascular / Pulmonary

12:21:17 --->   row_id 4972 - Actual: Cardiovascular / Pulmonary | Predicted: Cardiovascular / Pulmonary

12:22:04 --->   row_id 4973 - Actual: Cardiovascular / Pulmonary | Predicted: Cardiovascular / Pulmonary

12:22:44 --->   row_id 4974 - Actual: Cardiovascular / Pulmonary | Predicted: Cardiovascular / Pulmonary

12:23:23 --->   row_id 4975 - Actual: Cardiovascular / Pulmonary | Predicted: Cardiovascular / Pulmonary

12:24:21 --->   row_id 4976 - Actual: Cardiovascular / Pulmonary | Predicted: Cardiovascular / Pulmonary

12:24:57 --->   row_id 4993 - Actual: Allergy / Immunology | Predicted: Allergy / Immunology

12:25:57 --->   row_id 4994 - Actual: Allergy / Immunology | Predicted: Allergy / Immunology

12:26:34 --->   row_id 4995 - Actual: Allergy / Immunology | Predicted: Rheumatology

12:27:13 --->   row_id 4996 - Actual: Allergy / Immunology | Predicted: Allergy / Immunology

12:27:41 --->   row_id 4997 - Actual: Allergy / Immunology | Predicted: Cardiovascular / Pulmonary

12:28:13 --->   row_id 4998 - Actual: Allergy / Immunology | Predicted: Allergy / Immunology

12:28:13 --->   

 Model Accuracy: 65.26%
