02:13:05 --->   row_id 19 - Actual: General Medicine | Predicted: Gastroenterology | The correct medical specialty is:

**Gastroenterology**

This specialty focuses on disorders of the digestive system, including conditions like having a foreign object stuck in the throat, such as a fishbone.

02:23:19 --->   row_id 1471 - Actual: Sleep Medicine | Predicted: General Medicine | The most appropriate medical specialty from the given list to address the patient's symptoms, particularly focusing on neurological issues and potential structural brain problems, is:

**General Medicine**

This choice is made because General Medicine can manage various systems and conditions, including the need for further testing and referral as necessary.

02:23:49 --->   row_id 1472 - Actual: Sleep Medicine | Predicted: General Medicine | The correct medical specialty in this context is: **General Medicine**

02:24:25 --->   row_id 1473 - Actual: Sleep Medicine | Predicted: General Medicine | The correct medical specialty in this scenario is **General Medicine**.

02:27:17 --->   row_id 1478 - Actual: Rheumatology | Predicted: none | The appropriate medical specialty for this patient is **Rheumatology**. 

**Step-by-Step Explanation:**
1. **Symptoms and Lab Results:** The patient presents with joint pain and swelling, particularly in both hands, along with elevated rheumatoid factor levels (52 U/ml), indicating a potential autoimmune condition such as rheumatoid arthritis.
2. **Family History:** Family history of rheumatoid arthritis suggests a possible genetic predisposition, further pointing towards an autoimmune or rheumatic disorder.
3. **Specialty Consideration:** Rheumatology specializes in diagnosing and treating conditions affecting joints, muscles, and bones, including rheumatoid arthritis and other autoimmune diseases.
4. **Other Specialties Evaluated:** Other specialties like Allergy/Immunology or General Medicine are less specific to joint inflammation caused by autoimmune processes.

**Conclusion:** The combination of symptoms, lab findings, and family history strongly aligns with a condition managed within Rheumatology.

02:30:55 --->   row_id 1483 - Actual: Rheumatology | Predicted: none | The correct medical specialty for this patient is:

**Rheumatology**

This is because polymyositis, an autoimmune disease affecting muscles and joints, falls under rheumatology. The patient's primary concern is related to this chronic condition, making Rheumatology the most appropriate specialty despite her other acute issues being managed by General Medicine or other specialties.

02:34:47 --->   row_id 2979 - Actual: Nephrology | Predicted: Cardiovascular / Pulmonary | The correct medical specialty for this individual is:

**Cardiovascular / Pulmonary**

This specialty addresses both the heart and lung conditions (heart disease, congestive heart failure, and COPD) that he is currently managing.

02:35:27 --->   row_id 2983 - Actual: Nephrology | Predicted: Cardiovascular / Pulmonary | The correct medical specialty in this case is:

**'Cardiovascular / Pulmonary'**

02:39:50 --->   row_id 2992 - Actual: Nephrology | Predicted: General Medicine | The correct medical specialty for the scenario described is:

**General Medicine**

This specialty is involved in the overall evaluation and suitability assessment for organ donation, encompassing medical history, risks, and post-surgery arrangements.

02:48:36 --->   row_id 3011 - Actual: Nephrology | Predicted: General Medicine | General Medicine

02:53:14 --->   row_id 3020 - Actual: Nephrology | Predicted: none | The correct medical specialty from the provided list is:

**Hematology - Oncology**

This is because bladder carcinoma refers to cancer, which falls under the domain of oncology. Although urology typically specializes in such cases, it isn't listed; thus, Hematology - Oncology is the appropriate choice as they manage cancer treatment.

02:56:17 --->   row_id 3026 - Actual: Nephrology | Predicted: Gastroenterology | Gastroenterology

02:56:58 --->   row_id 3027 - Actual: Nephrology | Predicted: Gastroenterology | The appropriate medical specialty for this case is **Gastroenterology**. 

**Explanation:**
The patient's symptoms and CT scan findings primarily involve the abdomen and pelvis, particularly the small bowel and colon, which are part of the digestive system. The thickened bowel section suggests a gastrointestinal issue such as infection or ischemia, aligning with the scope of Gastroenterology. Other specialties do not align with the described conditions.

02:58:26 --->   row_id 3031 - Actual: Nephrology | Predicted: Gastroenterology | Gastroenterology

03:00:04 --->   row_id 3034 - Actual: Nephrology | Predicted: General Medicine | The most appropriate medical specialty based on the scenario is:

**General Medicine**

This specialty is suitable because the patient did not exhibit any acute issues requiring specialized care, and General Medicine would handle follow-up or general health monitoring post-accident.

03:00:28 --->   row_id 3035 - Actual: Nephrology | Predicted: Gastroenterology | The correct medical specialty for the described condition is:

**Gastroenterology**

This specialty deals with disorders of the digestive system, including appendicitis.

03:01:09 --->   row_id 3036 - Actual: Nephrology | Predicted: Gastroenterology | Gastroenterology

03:01:52 --->   row_id 3037 - Actual: Nephrology | Predicted: Cardiovascular / Pulmonary | The medical specialty most suited for this situation is:

**Cardiovascular / Pulmonary**

This specialty is appropriate due to the identified lung nodules, air trapping, and soft tissue inflammation, which require further investigation and management.

03:02:23 --->   row_id 3038 - Actual: Nephrology | Predicted: General Medicine | The correct medical specialty is:

**General Medicine**

This is because the description indicates an ongoing abdominal pain with normal scan findings, suggesting a need for further evaluation by a primary care physician rather than a specialist.

03:03:07 --->   row_id 3039 - Actual: Nephrology | Predicted: Gastroenterology | Gastroenterology

03:03:31 --->   row_id 3040 - Actual: Nephrology | Predicted: Gastroenterology | The correct medical specialty for this case is **Gastroenterology**.

**Answer:** Gastroenterology

03:03:57 --->   row_id 3041 - Actual: Nephrology | Predicted: Cardiovascular / Pulmonary | **Cardiovascular / Pulmonary**

03:04:50 --->   row_id 3043 - Actual: Nephrology | Predicted: Endocrinology | 'Endocrinology'

03:05:17 --->   row_id 3044 - Actual: Nephrology | Predicted: Gastroenterology | The appropriate medical specialty is **Gastroenterology**.

03:09:03 --->   row_id 3052 - Actual: Nephrology | Predicted: none | The appropriate medical specialty for this patient is:

**Hematology - Oncology**

This is because the patient's condition involves a hypercoagulable state leading to multiple blood clots, including pulmonary embolism and renal vein thrombosis. These issues fall under Hematology, which deals with blood disorders and clotting problems.

03:12:09 --->   row_id 3110 - Actual: Hematology - Oncology | Predicted: Endocrinology | Endocrinology

03:12:39 --->   row_id 3112 - Actual: Hematology - Oncology | Predicted: none | Hematology - Oncology

03:13:08 --->   row_id 3113 - Actual: Hematology - Oncology | Predicted: none | Hematology - Oncology

03:13:35 --->   row_id 3114 - Actual: Hematology - Oncology | Predicted: none | Hematology - Oncology

03:13:58 --->   row_id 3115 - Actual: Hematology - Oncology | Predicted: none | The correct medical specialty is:

**Hematology - Oncology**

This is because the situation involves breast cancer, which falls under oncology, and Hematology - Oncology specialists diagnose and treat cancers.

03:14:36 --->   row_id 3116 - Actual: Hematology - Oncology | Predicted: Gastroenterology | Gastroenterology

03:15:05 --->   row_id 3117 - Actual: Hematology - Oncology | Predicted: none | The most appropriate medical specialty for this patient's concerns, particularly regarding her history of uterine cancer and the numbness she is experiencing post-chemotherapy, would be:

**Hematology - Oncology**

03:15:40 --->   row_id 3118 - Actual: Hematology - Oncology | Predicted: none | Hematology - Oncology

03:16:04 --->   row_id 3119 - Actual: Hematology - Oncology | Predicted: none | Hematology - Oncology

03:16:38 --->   row_id 3120 - Actual: Hematology - Oncology | Predicted: none | The correct medical specialty is: **Hematology - Oncology**

03:17:16 --->   row_id 3121 - Actual: Hematology - Oncology | Predicted: none | The appropriate medical specialty for the individual described is:

**Hematology - Oncology**

03:17:40 --->   row_id 3122 - Actual: Hematology - Oncology | Predicted: none | The correct medical specialty for the described procedure is:

**Hematology - Oncology**

03:18:05 --->   row_id 3123 - Actual: Hematology - Oncology | Predicted: none | Hematology - Oncology

03:18:31 --->   row_id 3124 - Actual: Hematology - Oncology | Predicted: none | The correct medical specialty is:

**Hematology - Oncology**

This specialty focuses on the diagnosis and treatment of blood disorders and cancer, which includes conditions like breast cancer that the individual underwent surgery for.

03:19:15 --->   row_id 3125 - Actual: Hematology - Oncology | Predicted: Nephrology | Nephrology

03:19:44 --->   row_id 3126 - Actual: Hematology - Oncology | Predicted: Endocrinology | Endocrinology

03:20:22 --->   row_id 3127 - Actual: Hematology - Oncology | Predicted: none | The correct medical specialty for Mr. A based on the described conditions and treatment considerations is:

**Hematology - Oncology**

This specialty addresses blood disorders such as polycythemia vera and myelofibrosis, and involves treatments like lenalidomide and potential bone marrow transplants.

03:20:54 --->   row_id 3128 - Actual: Hematology - Oncology | Predicted: none | Hematology - Oncology

03:21:14 --->   row_id 3129 - Actual: Hematology - Oncology | Predicted: none | Hematology - Oncology

03:21:57 --->   row_id 3130 - Actual: Hematology - Oncology | Predicted: General Medicine | The correct medical specialty for this scenario is:

**General Medicine**

This choice is based on the understanding that while the procedure itself is surgical, the primary care physician (in General Medicine) would typically assess and refer the patient for such a surgical intervention.

03:22:36 --->   row_id 3131 - Actual: Hematology - Oncology | Predicted: none | Hematology - Oncology

03:22:59 --->   row_id 3132 - Actual: Hematology - Oncology | Predicted: none | The correct medical specialty is **Hematology - Oncology**.

03:23:45 --->   row_id 3133 - Actual: Hematology - Oncology | Predicted: none | Hematology - Oncology

03:24:06 --->   row_id 3134 - Actual: Hematology - Oncology | Predicted: Endocrinology | Endocrinology

03:24:43 --->   row_id 3135 - Actual: Hematology - Oncology | Predicted: Cardiovascular / Pulmonary | The appropriate medical specialty for this patient is:

**Cardiovascular / Pulmonary**

This specialty addresses her respiratory issues, including pleural effusions, pneumonia, and pulmonary embolism, which are central to her current condition.

03:25:07 --->   row_id 3136 - Actual: Hematology - Oncology | Predicted: none | Hematology - Oncology

03:25:35 --->   row_id 3137 - Actual: Hematology - Oncology | Predicted: none | The appropriate medical specialty based on the description is:

**Hematology - Oncology**

This specialty deals with conditions like MGUS and monitoring for potential progression to multiple myeloma.

03:26:02 --->   row_id 3138 - Actual: Hematology - Oncology | Predicted: none | Hematology - Oncology

03:26:48 --->   row_id 3139 - Actual: Hematology - Oncology | Predicted: none | The correct medical specialty associated with deception or fraud in this context is:

**Hematology - Oncology**

This specialty was chosen because it involves complex treatments, such as chemotherapy, which can be costly and potentially misused for fraudulent purposes.

03:27:25 --->   row_id 3140 - Actual: Hematology - Oncology | Predicted: none | The correct medical specialty for placing a MediPort device in preparation for chemotherapy due to rhabdomyosarcoma is:

**Hematology - Oncology**

03:28:17 --->   row_id 3141 - Actual: Hematology - Oncology | Predicted: none | The correct medical specialty for this case is:

**Hematology - Oncology**

This specialty is responsible for managing the cancer treatment and diagnosis, which aligns with the patient's rare form of lung cancer and the surgical intervention described.

03:28:47 --->   row_id 3142 - Actual: Hematology - Oncology | Predicted: none | The appropriate medical specialty for this individual, given their diagnosis of marginal zone lymphoma and other health details, is:

**Hematology - Oncology**

03:29:06 --->   row_id 3143 - Actual: Hematology - Oncology | Predicted: none | Hematology - Oncology

03:29:38 --->   row_id 3144 - Actual: Hematology - Oncology | Predicted: Cardiovascular / Pulmonary | The correct medical specialty involved in this case is:

**Cardiovascular / Pulmonary**

This specialty focuses on conditions affecting the lungs, including pleural effusion and suspected malignancies like mesothelioma, which aligns with the scenario described.

03:30:01 --->   row_id 3145 - Actual: Hematology - Oncology | Predicted: none | Hematology - Oncology

03:30:27 --->   row_id 3146 - Actual: Hematology - Oncology | Predicted: none | The correct medical specialty is **Hematology - Oncology**.

This choice is based on the patient’s diagnosis of metastatic non-small cell lung cancer, which falls under oncology, and the management of complications such as myocardial infarction, which may involve hematology due to treatments like heparin.

03:31:29 --->   row_id 3147 - Actual: Hematology - Oncology | Predicted: Gastroenterology | The correct medical specialty in this case is **Gastroenterology**.

Step-by-step explanation:

1. The patient experienced rectal bleeding and was referred to a gastroenterologist, who conducted an endoscopy revealing benign polyps.
2. While the patient has a history of mantle cell lymphoma and other conditions, the immediate concern addressed by the gastroenterologist pertains to gastrointestinal symptoms and findings.
3. Therefore, Gastroenterology is the appropriate specialty based on the described scenario.

Answer: Gastroenterology

03:32:07 --->   row_id 3148 - Actual: Hematology - Oncology | Predicted: none | The correct medical specialty based on the description is:

**Hematology - Oncology**

This specialty is appropriate because the individual's primary condition is small cell lung cancer, which is treated through oncology, and they have received chemotherapy. The platelet transfusion also relates to hematology.

03:32:47 --->   row_id 3149 - Actual: Hematology - Oncology | Predicted: none | The correct medical specialty is **Hematology - Oncology**.

03:33:15 --->   row_id 3150 - Actual: Hematology - Oncology | Predicted: none | Hematology - Oncology

03:33:51 --->   row_id 3151 - Actual: Hematology - Oncology | Predicted: General Medicine | General Medicine

03:34:21 --->   row_id 3152 - Actual: Hematology - Oncology | Predicted: none | The appropriate medical specialty based on the description of treatment for mantle cell lymphoma is:

**'Hematology - Oncology'**

03:34:45 --->   row_id 3153 - Actual: Hematology - Oncology | Predicted: none | The correct medical specialty is **Hematology - Oncology**.

03:35:13 --->   row_id 3154 - Actual: Hematology - Oncology | Predicted: none | Hematology - Oncology

03:35:40 --->   row_id 3155 - Actual: Hematology - Oncology | Predicted: none | The correct medical specialty for Intensity-Modulated Radiation Therapy (IMRT) is:

**Hematology - Oncology**

This specialty focuses on cancer treatment, including radiation therapies like IMRT.

03:36:31 --->   row_id 3156 - Actual: Hematology - Oncology | Predicted: none | The correct medical specialty based on the patient's condition is:

**Hematology - Oncology**

This specialty is appropriate due to the ongoing management of her glioma with consideration of chemotherapy medications like Temodar.

03:36:56 --->   row_id 3157 - Actual: Hematology - Oncology | Predicted: none | The correct medical specialty for hyperfractionated radiotherapy is:

**Hematology - Oncology**

This specialty focuses on treating cancers, including the use of radiation therapy methods like hyperfractionation.

03:37:21 --->   row_id 3158 - Actual: Hematology - Oncology | Predicted: none | Hematology - Oncology

03:38:27 --->   row_id 3159 - Actual: Hematology - Oncology | Predicted: Cardiovascular / Pulmonary | The most appropriate medical specialty for this patient's condition is:

**Cardiovascular / Pulmonary**

This specialty addresses the primary issues of pulmonary embolism and deep vein thrombosis, which are central to the patient's presenting symptoms. While other specialties may be involved in managing complications like renal infarction, the core focus remains on cardiovascular and pulmonary concerns.

03:38:53 --->   row_id 3160 - Actual: Hematology - Oncology | Predicted: none | The correct medical specialty associated with the described intensity-modulated radiation therapy (IMRT) procedure is:

**'Hematology - Oncology'**

This specialty is involved in treating cancers, which would include coordinating with radiation oncologists for treatments like IMRT.

03:39:22 --->   row_id 3161 - Actual: Hematology - Oncology | Predicted: none | The appropriate medical specialty for this situation is:

**Hematology - Oncology**

03:40:00 --->   row_id 3162 - Actual: Hematology - Oncology | Predicted: none | Hematology - Oncology

03:40:29 --->   row_id 3163 - Actual: Hematology - Oncology | Predicted: none | The correct medical specialty for HDR Brachytherapy is:

**Hematology - Oncology**

This procedure is a form of radiation therapy often used in cancer treatment, which falls under the specialty of Hematology and Oncology.

03:40:43 --->   row_id 3164 - Actual: Hematology - Oncology | Predicted: none | The correct medical specialty is **Hematology - Oncology**.

This is because the patient has undergone surgery and chemotherapy for endometrial cancer, which falls under oncological treatment.

03:41:20 --->   row_id 3165 - Actual: Hematology - Oncology | Predicted: none | Hematology - Oncology

03:41:56 --->   row_id 3166 - Actual: Hematology - Oncology | Predicted: none | The correct medical specialty is:

**Hematology - Oncology**

This specialty deals with the diagnosis and treatment of cancers, including squamous cell carcinoma, making it the appropriate choice for this scenario involving skin cancer removal and reconstruction.

03:42:50 --->   row_id 3167 - Actual: Hematology - Oncology | Predicted: Cardiovascular / Pulmonary | The correct medical specialty is:

**Cardiovascular / Pulmonary**

This specialty addresses both heart (atrial fibrillation) and lung-related issues (mesothelioma, pleural effusion), as well as other conditions like ascites and esophageal reflux which may have overlapping causes or management.

03:43:14 --->   row_id 3168 - Actual: Hematology - Oncology | Predicted: none | Hematology - Oncology

03:43:41 --->   row_id 3169 - Actual: Hematology - Oncology | Predicted: none | Hematology - Oncology

03:44:10 --->   row_id 3170 - Actual: Hematology - Oncology | Predicted: none | The correct medical specialty for the scenario described is:

**Hematology - Oncology**

03:44:41 --->   row_id 3171 - Actual: Hematology - Oncology | Predicted: Endocrinology | The correct medical specialty is:

**Endocrinology**

This specialty is relevant because craniopharyngioma can affect the pituitary gland, which is part of the endocrine system. Monitoring and managing any resulting hormonal issues would fall under endocrinology.

03:45:02 --->   row_id 3172 - Actual: Hematology - Oncology | Predicted: none | Hematology - Oncology

03:45:28 --->   row_id 3173 - Actual: Hematology - Oncology | Predicted: none | The correct medical specialty for this situation is:

**Hematology - Oncology**

This specialty focuses on the diagnosis and treatment of cancers, which aligns with the breast cancer diagnosis described.

03:45:43 --->   row_id 3174 - Actual: Hematology - Oncology | Predicted: none | The correct medical specialty from the list for this scenario is:

**Hematology - Oncology**

03:46:14 --->   row_id 3175 - Actual: Hematology - Oncology | Predicted: Gastroenterology | The correct medical specialty based on the provided description is:

**Gastroenterology**

This specialty pertains to the diagnosis and treatment of disorders affecting the gastrointestinal tract, including conditions like colon polyps and related concerns.

03:46:39 --->   row_id 3176 - Actual: Hematology - Oncology | Predicted: Gastroenterology | Gastroenterology

03:47:18 --->   row_id 3177 - Actual: Hematology - Oncology | Predicted: none | The correct medical specialty for this patient is:

**Hematology - Oncology**

This specialty focuses on treating cancers, including breast cancer, using chemotherapy and radiation therapy, which aligns with the patient's treatment plan involving carboplatin, Taxol, and radiation.

03:48:04 --->   row_id 3178 - Actual: Hematology - Oncology | Predicted: General Medicine | The correct medical specialty is: 'General Medicine'

Step-by-Step Explanation:

1. **Identify the procedure**: The scenario involves surgery to remove a breast lump, which typically falls under Surgical procedures.

2. **Consider the specialties listed**: Since Surgical isn't an option, evaluate which specialty might be involved in managing such cases before or after surgery.

3. **Determine the role of General Medicine**: General Medicine often handles initial evaluations and referrals for lumps, making it the most fitting choice from the provided list.

Answer: 'General Medicine'

03:48:45 --->   row_id 3179 - Actual: Hematology - Oncology | Predicted: none | The correct medical specialty for this individual's case is:

**Hematology - Oncology**

This specialty is appropriate because breast cancer is a form of cancer, and the treatments involved, including hormone therapy and radiation, fall under oncological care.

03:49:30 --->   row_id 3180 - Actual: Hematology - Oncology | Predicted: none | The appropriate medical specialty in this case is **Hematology - Oncology**. This specialty focuses on the diagnosis and treatment of cancers, including nasopharyngeal cancer, which was the primary concern here. The treatments mentioned, such as radiation therapy and chemotherapy with cisplatin, are standard oncological interventions. While other specialists might address side effects like hearing loss or dry mouth, the primary focus is on the oncology aspect.

03:50:12 --->   row_id 3181 - Actual: Hematology - Oncology | Predicted: none | Hematology - Oncology

03:50:59 --->   row_id 3182 - Actual: Hematology - Oncology | Predicted: none | Hematology - Oncology

03:51:20 --->   row_id 3183 - Actual: Hematology - Oncology | Predicted: none | Hematology - Oncology

03:51:56 --->   row_id 3184 - Actual: Hematology - Oncology | Predicted: none | Hematology - Oncology

03:52:34 --->   row_id 3185 - Actual: Hematology - Oncology | Predicted: none | The appropriate medical specialty for this patient is:

**Hematology - Oncology**

This specialty is specifically focused on treating cancers like metastatic breast cancer, including managing treatments such as ixabepilone and Avastin, and addressing treatment-related side effects.

03:52:58 --->   row_id 3186 - Actual: Hematology - Oncology | Predicted: General Medicine | General Medicine

03:53:21 --->   row_id 3187 - Actual: Hematology - Oncology | Predicted: none | Hematology - Oncology

03:53:40 --->   row_id 3188 - Actual: Hematology - Oncology | Predicted: none | Hematology - Oncology

03:54:07 --->   row_id 3189 - Actual: Hematology - Oncology | Predicted: General Medicine | The correct medical specialty for the described procedure is:

**General Medicine**

03:54:44 --->   row_id 3190 - Actual: Hematology - Oncology | Predicted: none | The appropriate medical specialty in this scenario is:

**Hematology - Oncology**

This specialty focuses on conditions such as lymphoma, which affects the lymphatic system and blood components like platelets. The biopsy procedure to diagnose lymphoma further supports that Hematology-Oncology is the correct choice.

03:55:22 --->   row_id 3191 - Actual: Hematology - Oncology | Predicted: none | Hematology - Oncology

03:55:46 --->   row_id 3192 - Actual: Hematology - Oncology | Predicted: none | The correct medical specialty in this case would be **Hematology - Oncology**.

03:56:09 --->   row_id 3193 - Actual: Hematology - Oncology | Predicted: none | Hematology - Oncology

03:56:22 --->   row_id 3194 - Actual: Hematology - Oncology | Predicted: none | Hematology - Oncology

03:57:10 --->   row_id 3195 - Actual: Hematology - Oncology | Predicted: none | The correct medical specialty in this scenario is **Hematology - Oncology**. This specialty deals with conditions like cancer (including lymphoma) and is relevant given the patient's history and the concern for possible recurrence leading to surgical intervention.

03:57:43 --->   row_id 3196 - Actual: Hematology - Oncology | Predicted: General Medicine | The correct medical specialty based on the situation described is:

**General Medicine**

03:58:21 --->   row_id 3197 - Actual: Hematology - Oncology | Predicted: none | The correct medical specialty for this individual's primary condition, aplastic anemia, is:

**Hematology - Oncology**

This specialty addresses blood disorders and is directly related to their diagnosis and treatment.

03:59:00 --->   row_id 3198 - Actual: Hematology - Oncology | Predicted: none | The appropriate medical specialty for the patient's condition is:

**Hematology - Oncology**

This is based on the patient's issues with red blood cell production, low hemoglobin levels requiring transfusions, and suspected bone marrow problems, which are directly related to Hematology.

03:59:21 --->   row_id 3199 - Actual: Hematology - Oncology | Predicted: Endocrinology | Endocrinology

04:00:00 --->   row_id 3200 - Actual: General Medicine | Predicted: Cardiovascular / Pulmonary | The appropriate medical specialty for John in this scenario is:

**Cardiovascular / Pulmonary**

This choice is based on John's persistent cough, which likely relates to his pulmonary system, along with his existing cardiovascular condition. The specialty addresses both heart and lung issues, making it suitable given his symptoms and medical history.

04:01:07 --->   row_id 3202 - Actual: General Medicine | Predicted: Endocrinology | Endocrinology

04:02:14 --->   row_id 3203 - Actual: General Medicine | Predicted: Cardiovascular / Pulmonary | The correct medical specialty based on the described symptoms is:

**Cardiovascular / Pulmonary**

This specialty is appropriate because the primary concern is severe, persistent shortness of breath, which can stem from various cardiac or pulmonary conditions requiring specialized evaluation.

04:02:40 --->   row_id 3204 - Actual: Hematology - Oncology | Predicted: none | The correct medical specialty associated with 3-dimensional simulation for radiation therapy is:

**Hematology - Oncology**

This specialty focuses on the treatment of cancer, including the use of advanced techniques like 3D simulation to precisely target radiation therapy while minimizing harm to healthy tissues.

04:03:06 --->   row_id 3205 - Actual: General Medicine | Predicted: Cardiovascular / Pulmonary | The most appropriate medical specialty for this individual's condition is **Cardiovascular / Pulmonary**. This specialty focuses on both heart and lung conditions, which aligns with his history of COPD, CAD, and current respiratory symptoms.

04:05:09 --->   row_id 3208 - Actual: General Medicine | Predicted: none | Hematology - Oncology

04:07:00 --->   row_id 3210 - Actual: General Medicine | Predicted: Nephrology | **Answer:** Nephrology

04:07:27 --->   row_id 3211 - Actual: General Medicine | Predicted: Cardiovascular / Pulmonary | The correct medical specialty is **'Cardiovascular / Pulmonary'**.

04:08:05 --->   row_id 3212 - Actual: General Medicine | Predicted: Sleep Medicine | The appropriate medical specialty for addressing chronic snoring and potential conditions like obstructive sleep apnea or upper airway resistance syndrome in a child is:

**Sleep Medicine**

This specialty focuses on diagnosing and treating disorders that affect sleep quality, which directly addresses the issues described.

04:08:43 --->   row_id 3214 - Actual: General Medicine | Predicted: Sleep Medicine | Sleep Medicine

04:09:38 --->   row_id 3216 - Actual: General Medicine | Predicted: none | Hematology - Oncology

04:10:26 --->   row_id 3217 - Actual: General Medicine | Predicted: Sleep Medicine | Sleep Medicine

04:11:06 --->   row_id 3218 - Actual: General Medicine | Predicted: Rheumatology | The correct medical specialty for this case is:

**Rheumatology**

This specialty is appropriate because the primary concern involves an autoimmune disease (rheumatoid arthritis) and its treatment with methotrexate, which impacts multiple systems including the mouth.

04:12:34 --->   row_id 3220 - Actual: General Medicine | Predicted: Gastroenterology | Gastroenterology

04:13:00 --->   row_id 3221 - Actual: General Medicine | Predicted: Cardiovascular / Pulmonary | The most appropriate medical specialty for this patient is **Cardiovascular / Pulmonary**. This specialty addresses heart and lung conditions, which are central to the patient's symptoms of breathing difficulties and heart failure.

04:13:24 --->   row_id 3222 - Actual: General Medicine | Predicted: Endocrinology | Endocrinology

04:14:04 --->   row_id 3223 - Actual: General Medicine | Predicted: Cardiovascular / Pulmonary | The correct medical specialty based on the description is:

**Cardiovascular / Pulmonary**

This specialty addresses both the lung issues (pneumoconiosis and fibrosis) and any related heart conditions, which are central to his current hospitalization.

04:14:37 --->   row_id 3224 - Actual: General Medicine | Predicted: Cardiovascular / Pulmonary | Cardiovascular / Pulmonary

04:16:24 --->   row_id 3227 - Actual: General Medicine | Predicted: Rheumatology | The correct medical specialty for this patient's situation is:

**Rheumatology**

This conclusion is based on the need to consult with a rheumatologist regarding the potential effects of methotrexate on lung health, particularly concerning pneumonitis.

04:17:00 --->   row_id 3228 - Actual: General Medicine | Predicted: Nephrology | The correct medical specialty in this case is:

**Nephrology**

This specialty is focused on diagnosing and treating conditions related to the kidneys, which aligns with the individual's symptoms of high blood pressure, mild kidney insufficiency, and complications from a Foley catheter in their ileal conduit.

04:17:24 --->   row_id 3229 - Actual: General Medicine | Predicted: Nephrology | Nephrology

04:17:54 --->   row_id 3230 - Actual: General Medicine | Predicted: Sleep Medicine | Sleep Medicine

04:19:26 --->   row_id 3232 - Actual: General Medicine | Predicted: Cardiovascular / Pulmonary | The correct medical specialty in this case is **'Cardiovascular / Pulmonary'.** 

**Explanation:**
The patient's concerns primarily revolve around cardiovascular health, including peripheral vascular disease and an irregular heartbeat. The doctor's focus on assessing blood vessels via angiogram aligns with cardiovascular expertise.

04:32:28 --->   row_id 3256 - Actual: General Medicine | Predicted: Rheumatology | Rheumatology

04:38:17 --->   row_id 3265 - Actual: General Medicine | Predicted: none | The correct medical specialty based on the described conditions is:

**Hematology - Oncology**

This specialty is specifically relevant due to her diagnosis of colon cancer and treatment under Dr. Z, her oncologist.

04:39:15 --->   row_id 3267 - Actual: General Medicine | Predicted: none | 'Hematology - Oncology'

04:40:54 --->   row_id 3269 - Actual: General Medicine | Predicted: Gastroenterology | The most appropriate medical specialty based on the patient's condition is:

**Gastroenterology**

This specialty addresses the ulcerative esophagitis and GI bleeding, which are significant factors in the patient's current care.

04:41:37 --->   row_id 3270 - Actual: General Medicine | Predicted: Sleep Medicine | The appropriate medical specialty in this case is:

**Sleep Medicine**

This specialty is suitable because the newborn's condition involves sleep-related jerks, which fall under sleep disorders or variations that a specialist in this area would evaluate.

04:42:03 --->   row_id 3271 - Actual: General Medicine | Predicted: Allergy / Immunology | Allergy / Immunology

04:42:33 --->   row_id 3272 - Actual: General Medicine | Predicted: Endocrinology | Endocrinology

04:43:04 --->   row_id 3273 - Actual: General Medicine | Predicted: Cardiovascular / Pulmonary | The correct medical specialty for this individual is:

**Cardiovascular / Pulmonary**

This specialty addresses their atrial fibrillation, high blood pressure, strokes, and potential cardiac clots, which are central to their current condition and treatment.

04:43:23 --->   row_id 3274 - Actual: General Medicine | Predicted: Allergy / Immunology | Allergy / Immunology

04:43:47 --->   row_id 3275 - Actual: General Medicine | Predicted: none | Hematology - Oncology

04:44:13 --->   row_id 3276 - Actual: General Medicine | Predicted: Endocrinology | Endocrinology

04:45:24 --->   row_id 3278 - Actual: General Medicine | Predicted: Endocrinology | Endocrinology

04:45:58 --->   row_id 3279 - Actual: General Medicine | Predicted: Endocrinology | Endocrinology

04:46:25 --->   row_id 3280 - Actual: General Medicine | Predicted: Cardiovascular / Pulmonary | 'Cardiovascular / Pulmonary'

04:47:09 --->   row_id 3281 - Actual: General Medicine | Predicted: none | Hematology - Oncology

04:47:49 --->   row_id 3282 - Actual: General Medicine | Predicted: Allergy / Immunology | Allergy / Immunology

04:48:39 --->   row_id 3283 - Actual: General Medicine | Predicted: none | The correct medical specialty is 'General Medicine'. 

**Step-by-Step Explanation:**

1. **Understanding the Condition:** The patient has a non-healing wound with excessive tissue growth (granulation), drainage, and planned treatment using chemical cauterization.

2. **Evaluating Specialties:**
   - **Allergy/Immunology:** Not relevant unless allergies are causing the issue.
   - **Cardiovascular/Pulmonary:** Irrelevant for a skin/tissue wound.
   - **General Medicine:** Broad scope, suitable for various acute and chronic conditions like wounds.
   - **Sleep Medicine, Rheumatology, Nephrology, Hematology-Onchology, Gastroenterology, Endocrinology:** Less likely unless underlying conditions are present.

3. **Conclusion:** The condition is best managed under General Medicine as it addresses the wound's non-healing nature and treatment with chemical cauterization without specific indication of another specialty being needed.

04:49:40 --->   row_id 3284 - Actual: General Medicine | Predicted: Cardiovascular / Pulmonary | The appropriate medical specialty for this individual's condition is:

**Cardiovascular / Pulmonary**

This specialty focuses on heart and lung conditions, particularly severe cases like pneumonia resulting from toxic substance aspiration.

04:50:05 --->   row_id 3285 - Actual: General Medicine | Predicted: Cardiovascular / Pulmonary | The correct medical specialty is **'Cardiovascular / Pulmonary'**. This is because the primary concerns involve heart rhythm issues (multifocal atrial tachycardia) managed with medication like verapamil, which falls under cardiology, and potential pulmonary involvement affecting her heart condition.

04:50:25 --->   row_id 3286 - Actual: General Medicine | Predicted: Endocrinology | Endocrinology

04:51:17 --->   row_id 3287 - Actual: General Medicine | Predicted: Cardiovascular / Pulmonary | **Answer:** 'Cardiovascular / Pulmonary'

04:53:31 --->   row_id 3290 - Actual: General Medicine | Predicted: Gastroenterology | The correct medical specialty for this patient's condition is **Gastroenterology**.

04:55:27 --->   row_id 3292 - Actual: General Medicine | Predicted: Gastroenterology | Gastroenterology

04:57:33 --->   row_id 3295 - Actual: General Medicine | Predicted: Rheumatology | Rheumatology

04:58:01 --->   row_id 3296 - Actual: General Medicine | Predicted: Nephrology | Nephrology

04:58:47 --->   row_id 3297 - Actual: General Medicine | Predicted: Gastroenterology | Gastroenterology

04:59:15 --->   row_id 3298 - Actual: General Medicine | Predicted: Cardiovascular / Pulmonary | The appropriate medical specialty for this individual's symptoms, particularly considering the possibility of bronchitis or an upper respiratory infection, is:

**Cardiovascular / Pulmonary**

This specialty focuses on heart and lung conditions, making it suitable for evaluating and managing respiratory issues like bronchitis.

05:00:06 --->   row_id 3299 - Actual: General Medicine | Predicted: Cardiovascular / Pulmonary | The correct medical specialty for this patient's situation is **Cardiovascular / Pulmonary**.

Step-by-step explanation:

1. **Identify Key Conditions:** The patient has atrial fibrillation (Afib), a cardiac condition, and is using Cardizem and Coumadin, which are related to heart and blood issues.
2. **Symptoms Analysis:** Dizziness and lightheadedness stem from the irregular heartbeat due to missed medication.
3. **Specialty Matching:** Since Afib is a cardiovascular issue, the appropriate specialty is Cardiovascular / Pulmonary.

**Answer: Cardiovascular / Pulmonary**

05:00:33 --->   row_id 3300 - Actual: General Medicine | Predicted: Cardiovascular / Pulmonary | 'Cardiovascular / Pulmonary'

05:00:56 --->   row_id 3301 - Actual: General Medicine | Predicted: Endocrinology | The correct medical specialty is **Endocrinology**.

05:01:49 --->   row_id 3302 - Actual: General Medicine | Predicted: Cardiovascular / Pulmonary | **Cardiovascular / Pulmonary**

The patient's symptoms, including leg swelling, weight gain, increased urination, and shortness of breath, along with her use of Lasix (a diuretic often used for heart conditions), suggest possible heart failure. This condition can cause fluid retention leading to swelling and weight gain, as well as pulmonary issues contributing to breathing difficulties. Therefore, the appropriate specialty is Cardiovascular / Pulmonary.

05:02:35 --->   row_id 3303 - Actual: General Medicine | Predicted: Gastroenterology | Gastroenterology

05:04:45 --->   row_id 3306 - Actual: General Medicine | Predicted: Endocrinology | The symptoms described—excessive fatigue, persistent headaches, orthostatic dizziness, and worsening condition—are indicative of potential endocrine-related issues. These could include hypothyroidism or hormonal imbalances affecting energy levels and autonomic functions. Given the options, the most appropriate medical specialty is:

**Endocrinology**

05:05:31 --->   row_id 3307 - Actual: General Medicine | Predicted: Endocrinology | **Endocrinology**

**Rationale:**
The patient's primary concerns include hypertension, lipid metabolism disorder, and rectal bleeding, which are managed within the scope of Endocrinology. Her family history of diabetes and colon cancer highlights genetic predisposition to metabolic disorders, aligning with the expertise of an endocrinologist in managing these conditions.

05:06:04 --->   row_id 3308 - Actual: General Medicine | Predicted: Gastroenterology | The correct medical specialty for the described situation is:

**Gastroenterology**

This specialty focuses on disorders of the digestive system, including vomiting, diarrhea, and related symptoms, which are central to the boy's condition.

05:06:29 --->   row_id 3309 - Actual: General Medicine | Predicted: Gastroenterology | Gastroenterology

05:07:07 --->   row_id 3310 - Actual: General Medicine | Predicted: none | Hematology - Oncology

05:07:22 --->   row_id 3311 - Actual: General Medicine | Predicted: Cardiovascular / Pulmonary | **Cardiovascular / Pulmonary**

05:07:49 --->   row_id 3312 - Actual: General Medicine | Predicted: Nephrology | Nephrology

05:09:10 --->   row_id 3314 - Actual: General Medicine | Predicted: Cardiovascular / Pulmonary | The patient's primary concerns are atrial fibrillation and congestive heart failure, which fall under Cardiovascular / Pulmonary. Although hyperthyroidism is an endocrine issue, the dominant conditions require specialized care in cardiovascular health.

**Answer:** 'Cardiovascular / Pulmonary'

05:10:35 --->   row_id 3315 - Actual: General Medicine | Predicted: Cardiovascular / Pulmonary | The appropriate medical specialty for this patient, given the focus on managing hypertension and hypercholesterolemia with monitoring of cardiovascular markers, is:

**Cardiovascular / Pulmonary**

This choice aligns with the emphasis on heart health and lipid management, even though pulmonary issues aren't a primary concern here.

05:12:04 --->   row_id 3317 - Actual: General Medicine | Predicted: Endocrinology | Endocrinology

05:12:40 --->   row_id 3318 - Actual: General Medicine | Predicted: Endocrinology | The correct medical specialty based on the description is:

**Endocrinology**

This specialty focuses on conditions like diabetes mellitus, which the individual was diagnosed with, and involves managing代谢 diseases.

05:13:00 --->   row_id 3319 - Actual: General Medicine | Predicted: Cardiovascular / Pulmonary | The most appropriate medical specialty in this case is:

**Cardiovascular / Pulmonary**

05:14:03 --->   row_id 3321 - Actual: General Medicine | Predicted: Nephrology | Nephrology

05:15:22 --->   row_id 3323 - Actual: General Medicine | Predicted: Endocrinology | Endocrinology

05:16:14 --->   row_id 3324 - Actual: General Medicine | Predicted: none | The correct medical specialty for the individual's condition is:

**Hematology - Oncology**

This conclusion is based on the consideration of essential thrombocythemia, a blood disorder that can cause neuropathy and other complications, making it within the scope of Hematology-Oncology.

05:17:16 --->   row_id 3325 - Actual: General Medicine | Predicted: Cardiovascular / Pulmonary | The correct medical specialty for this patient is:

**Cardiovascular / Pulmonary**

This choice is based on her history of heart conditions and the presentation of chest pain, which may indicate a cardiac issue despite previous negative tests. Her emotional stress could have contributed to a potential cardiac event, making ongoing monitoring by a cardiologist essential.

05:18:34 --->   row_id 3327 - Actual: General Medicine | Predicted: Gastroenterology | The correct medical specialty for this patient's situation is:

**Gastroenterology**

This specialty focuses on disorders of the gastrointestinal tract, including conditions like small bowel obstruction, making it the most appropriate choice given the patient's history and current symptoms.

05:19:16 --->   row_id 3328 - Actual: General Medicine | Predicted: Gastroenterology | **Gastroenterology**

The patient's primary condition is acute pancreatitis, which falls under the specialty of Gastroenterology. While other issues like infection and dehydration are being managed, they are secondary concerns given the admission for pancreatic inflammation.

05:19:45 --->   row_id 3329 - Actual: General Medicine | Predicted: none | The correct medical specialty is:

**Hematology - Oncology**

This specialty addresses both the ovarian cancer being treated with chemotherapy and the management of deep vein thrombosis (DVT), which are integral aspects of her current health concerns.

05:21:00 --->   row_id 3330 - Actual: General Medicine | Predicted: Rheumatology | **Rheumatology**

05:21:29 --->   row_id 3331 - Actual: General Medicine | Predicted: Cardiovascular / Pulmonary | The individual should be referred to **'Cardiovascular / Pulmonary'** due to the concerning symptoms of chest pain, anxiety, alcohol issues, and a history of digoxin toxicity affecting heart rhythm.

05:22:00 --->   row_id 3332 - Actual: General Medicine | Predicted: Gastroenterology | Gastroenterology

05:22:38 --->   row_id 3333 - Actual: General Medicine | Predicted: none | The patient's symptoms, including fatigue, joint pain, and gastrointestinal issues that improved after stopping supplements, suggest a possible connection to an autoimmune or chronic condition. While General Medicine is broad, the joint pain and potential autoimmune aspects point more specifically towards:

**Rheumatology**

This specialty focuses on conditions like arthritis and lupus, which can cause widespread symptoms including fatigue, joint pain, and gastrointestinal issues, aligning with the patient's presentation.

05:23:42 --->   row_id 3334 - Actual: General Medicine | Predicted: Cardiovascular / Pulmonary | The appropriate medical specialty for this patient is **Cardiovascular / Pulmonary**. 

This choice is based on the patient's chest pain following surgery, which raises concerns about potential complications such as pulmonary embolism. The planned evaluations (leg ultrasound and CT angiogram) align with assessing cardiovascular or pulmonary issues, particularly blood clots in the lungs. Given the patient's age and recent surgery, they are at higher risk for blood clots due to immobility, making this specialty the most relevant.

05:24:16 --->   row_id 3335 - Actual: General Medicine | Predicted: Rheumatology | The appropriate medical specialty for the described patient is **Rheumatology**.

05:24:52 --->   row_id 3336 - Actual: General Medicine | Predicted: Nephrology | The correct medical specialty for this patient is **Nephrology**. 

**Reasoning:**
- The patient has stage 4 chronic kidney disease (CKD) and diabetic nephropathy, which are central to her care.
- Her treatment adjustments, such as diuretics and stopping Micardis, are renal-related management strategies.
- While other conditions like gout and diabetes are significant, the primary focus is on managing CKD and its complications, making Nephrology the appropriate specialty.

05:25:36 --->   row_id 3337 - Actual: General Medicine | Predicted: Cardiovascular / Pulmonary | The correct medical specialty based on the individual's condition is:

**Cardiovascular / Pulmonary**

This choice is due to the significant cardiovascular (atrial fibrillation) and pulmonary (respiratory failure, sleep apnea) issues she is experiencing. These conditions require specialized care in this field, making it the most fitting answer from the provided list.

05:26:44 --->   row_id 3338 - Actual: General Medicine | Predicted: Cardiovascular / Pulmonary | The appropriate medical specialty for this patient is **Cardiovascular / Pulmonary**. This choice is based on her primary conditions of atherosclerotic heart disease, aortic valve replacement, coronary artery bypass surgery, and peripheral vascular disease, all of which fall under cardiovascular care. While she also has endocrine issues like diabetes and hypothyroidism, the central focus remains on her cardiac health post-surgery and ongoing management.

**Answer:** Cardiovascular / Pulmonary

05:27:43 --->   row_id 3339 - Actual: General Medicine | Predicted: Cardiovascular / Pulmonary | The appropriate medical specialty for this patient's condition is:

**Cardiovascular / Pulmonary**

This conclusion is based on the symptoms of orthopnea, peripheral edema, and wheezing, which are indicative of potential heart failure or pulmonary issues.

05:28:44 --->   row_id 3340 - Actual: General Medicine | Predicted: Gastroenterology | The correct medical specialty is **Gastroenterology**. This is because the patient's primary symptoms of severe abdominal pain, nausea, vomiting, and absence of bowel movements point to a gastrointestinal issue. While past conditions like granulomas might suggest an immune component, her current presentation is acute and localized to the abdomen, making Gastroenterology the most appropriate specialty for evaluation and management.

05:29:57 --->   row_id 3341 - Actual: General Medicine | Predicted: Nephrology | Nephrology

05:30:45 --->   row_id 3342 - Actual: General Medicine | Predicted: Cardiovascular / Pulmonary | The correct medical specialty based on the description is:

**Cardiovascular / Pulmonary**

This specialty focuses on heart and circulatory issues, which aligns with the user's atrial fibrillation, high blood pressure, and hyperlipidemia. Additionally, monitoring kidney function as part of cardiovascular care further supports this choice.

05:31:30 --->   row_id 3343 - Actual: General Medicine | Predicted: Endocrinology | Endocrinology

05:33:21 --->   row_id 3345 - Actual: General Medicine | Predicted: Gastroenterology | The correct medical specialty for this individual is:

**Gastroenterology**

**Explanation:**
The patient's chronic abdominal pain, unexplained weight loss, persistent loose stools, and an irregular liver mass point to gastrointestinal or liver-related issues. Given his history of H. pylori infection and treatment response, along with the presence of a liver mass, Gastroenterology is the appropriate specialty to further diagnose and manage these conditions.

05:34:12 --->   row_id 3346 - Actual: General Medicine | Predicted: Gastroenterology | Gastroenterology

05:35:47 --->   row_id 3347 - Actual: General Medicine | Predicted: Rheumatology | Based on the patient's presentation of chronic allergic rhinitis with new-onset systemic symptoms including fatigue, migratory joint pains, rusty urine, hemoptysis, shortness of breath, and nausea, the most appropriate medical specialty to consult is:

**Rheumatology**

This choice is made because her symptoms suggest a potential autoimmune condition affecting multiple systems, particularly given the migratory joint pain and systemic nature of her complaints.

05:36:07 --->   row_id 3348 - Actual: General Medicine | Predicted: Endocrinology | Endocrinology

05:37:08 --->   row_id 3349 - Actual: General Medicine | Predicted: Cardiovascular / Pulmonary | **Cardiovascular / Pulmonary**

05:37:51 --->   row_id 3350 - Actual: General Medicine | Predicted: Endocrinology | Endocrinology

05:38:30 --->   row_id 3351 - Actual: General Medicine | Predicted: Rheumatology | Rheumatology

05:40:29 --->   row_id 3354 - Actual: General Medicine | Predicted: Allergy / Immunology | The correct medical specialty in this situation is:

**Allergy / Immunology**

This specialty is appropriate because it focuses on immune system function, antibody responses, and vaccination status, which are central to the individual's monitoring following a needlestick exposure.

05:41:23 --->   row_id 3355 - Actual: General Medicine | Predicted: none | The appropriate medical specialty for this patient is **Hematology - Oncology**.

05:41:51 --->   row_id 3356 - Actual: General Medicine | Predicted: Gastroenterology | The correct medical specialty based on the symptoms described is:

**Gastroenterology**

This specialty focuses on diagnosing and treating disorders of the digestive system, including nausea, vomiting, diarrhea, and related fevers.

05:42:28 --->   row_id 3357 - Actual: General Medicine | Predicted: Allergy / Immunology | Allergy / Immunology

05:42:46 --->   row_id 3358 - Actual: General Medicine | Predicted: Allergy / Immunology | The appropriate medical specialty for addressing the little girl's allergy concerns is:

**Allergy / Immunology**

05:44:25 --->   row_id 3360 - Actual: General Medicine | Predicted: Cardiovascular / Pulmonary | The correct medical specialty for this individual is:

**Cardiovascular / Pulmonary**

This specialty addresses the primary symptoms related to heart failure, such as dyspnea, cough, and edema, making it the most appropriate choice given the patient's condition.

05:44:51 --->   row_id 3361 - Actual: General Medicine | Predicted: Allergy / Immunology | Allergy / Immunology

05:45:38 --->   row_id 3362 - Actual: General Medicine | Predicted: Allergy / Immunology | Allergy / Immunology

05:46:52 --->   row_id 3364 - Actual: General Medicine | Predicted: Allergy / Immunology | Allergy / Immunology

05:47:37 --->   row_id 3365 - Actual: General Medicine | Predicted: Cardiovascular / Pulmonary | The correct medical specialty based on the provided description is:

**Cardiovascular / Pulmonary**

This specialty is most relevant because of her history of premature birth with associated lung issues and current need for oxygen.

05:48:09 --->   row_id 3366 - Actual: General Medicine | Predicted: Allergy / Immunology | The correct medical specialty for the described symptoms is:

**Allergy / Immunology**

This specialty is appropriate due to the congestion issues potentially related to allergies or immune responses.

05:49:11 --->   row_id 3368 - Actual: General Medicine | Predicted: Allergy / Immunology | Allergy / Immunology

05:49:52 --->   row_id 3369 - Actual: General Medicine | Predicted: Cardiovascular / Pulmonary | The correct medical specialty for the one-year-old boy with a cough and congestion is:

**Cardiovascular / Pulmonary**

This specialty addresses respiratory issues like cough and congestion, especially when bacterial infections such as bronchitis or pneumonia are suspected. The use of Amoxicillin supports this diagnosis, making Cardiovascular/Pulmonary the most appropriate choice.

05:50:19 --->   row_id 3370 - Actual: General Medicine | Predicted: Rheumatology | **Rheumatology**

05:50:51 --->   row_id 3371 - Actual: General Medicine | Predicted: Cardiovascular / Pulmonary | The correct medical specialty in this case is: 

**Cardiovascular / Pulmonary**

This specialty addresses the heart and lung issues mentioned, such as high blood pressure, heart problems, and difficulty breathing. The planned stress test also aligns with evaluating cardiovascular health.

05:53:33 --->   row_id 3375 - Actual: General Medicine | Predicted: Endocrinology | Endocrinology

05:54:22 --->   row_id 3376 - Actual: General Medicine | Predicted: Allergy / Immunology | The patient's primary concerns involve worsening asthma and allergic rhinitis, including reactions to corn. These issues are managed by allergists who specialize in treating both allergies and asthma, especially when immunological triggers are involved. Therefore, the appropriate medical specialty is:

**Allergy / Immunology**

05:54:47 --->   row_id 3377 - Actual: General Medicine | Predicted: Nephrology | The correct medical specialty for this situation is:

**Nephrology**

05:55:29 --->   row_id 3378 - Actual: General Medicine | Predicted: Nephrology | Nephrology

05:58:34 --->   row_id 3383 - Actual: General Medicine | Predicted: Cardiovascular / Pulmonary | The correct medical specialty is **Cardiovascular / Pulmonary**.

**Explanation:**
- The patient presented with symptoms of high blood pressure (hypertension), tachycardia, and palpitations, which are directly managed by cardiovascular specialists.
- Metoprolol, a beta-blocker, was administered to address her heart rate and blood pressure issues, indicating a focus on cardiology.
- Although alcohol use was mentioned, it didn't necessitate another specialty but rather informed the treatment plan within cardiovascular care.

06:00:58 --->   row_id 3387 - Actual: General Medicine | Predicted: Endocrinology | Endocrinology

06:02:29 --->   row_id 3390 - Actual: General Medicine | Predicted: Cardiovascular / Pulmonary | **Cardiovascular / Pulmonary**

Step-by-step explanation:

1. **Medical History**: The patient has a history of bilateral lung transplants due to pulmonary fibrosis, which directly relates to pulmonary health.

2. **Medications**: He is on immunosuppressive drugs (Prograf, CellCept, prednisone) and Toprol-XL, indicating management of transplant-related issues and potential cardiovascular concerns.

3. **Specialty Relevance**: The ongoing care for lung transplants and monitoring of pulmonary function falls under Cardiovascular/Pulmonary medicine.

4. **Dog Bite Context**: While the wound is treated, managing immunosuppression and preventing infections post-transplant are critical areas handled by this specialty.

Thus, the appropriate medical specialty is **Cardiovascular / Pulmonary**.

06:06:09 --->   row_id 3395 - Actual: General Medicine | Predicted: none | The correct medical specialty based on the description is:

**Hematology - Oncology**

This specialty addresses anemia, which was a significant part of his treatment at HealthSouth.

06:06:47 --->   row_id 3396 - Actual: General Medicine | Predicted: Cardiovascular / Pulmonary | The correct medical specialty is **'Cardiovascular / Pulmonary'**.

This conclusion is based on the individual's recent procedure involving coronary arteries (LAD and RCA) and the need for follow-up with a cardiologist (Dr. XYZ), indicating a focus on cardiovascular health post-stent placement and management of ischemia-related heart issues.

06:07:17 --->   row_id 3397 - Actual: General Medicine | Predicted: none | The correct medical specialty in this case is:

**Hematology - Oncology**

06:07:51 --->   row_id 3398 - Actual: General Medicine | Predicted: none | The correct medical specialty is **'Hematology - Oncology'**.

06:08:20 --->   row_id 3399 - Actual: General Medicine | Predicted: none | The correct medical specialty is **Hematology - Oncology**. This is because the patient's condition involves a significant focus on coagulation disorders (DIC), which falls under hematology.

06:09:33 --->   row_id 3400 - Actual: General Medicine | Predicted: Gastroenterology | The correct medical specialty based on the scenario is:

**Gastroenterology**

This specialty addresses the primary reason for the ER visit, which was nausea, vomiting, and stomach pain. While other conditions were diagnosed, the initial presentation was gastrointestinal, making Gastroenterology the most relevant specialty for managing these symptoms.

06:10:06 --->   row_id 3401 - Actual: General Medicine | Predicted: Cardiovascular / Pulmonary | The patient should follow up with **'Cardiovascular / Pulmonary'** due to their COPD condition requiring ongoing monitoring and care.

06:11:22 --->   row_id 3403 - Actual: General Medicine | Predicted: Cardiovascular / Pulmonary | The correct medical specialty for this patient's situation is:

**Cardiovascular / Pulmonary**

This specialty addresses both her chronic atrial fibrillation and acute respiratory issues, including her treatment with pulmonary medications and the use of ventilator support.

06:11:50 --->   row_id 3404 - Actual: General Medicine | Predicted: Allergy / Immunology | **Allergy / Immunology**

06:14:43 --->   row_id 3408 - Actual: General Medicine | Predicted: Cardiovascular / Pulmonary | The correct medical specialty based on the described conditions and procedures is:

**Cardiovascular / Pulmonary**

This specialty is chosen because of the significant involvement with heart-related issues, including the pacemaker insertion for sick sinus syndrome and management of hypertension.

06:15:19 --->   row_id 3409 - Actual: General Medicine | Predicted: Cardiovascular / Pulmonary | The correct medical specialty is **'Cardiovascular / Pulmonary'**. This is because the primary diagnosis was pneumonia, a lung infection, which falls under pulmonary medicine. While other issues like liver function and back pain were addressed, they are secondary to the main focus on pneumonia treatment.

06:16:12 --->   row_id 3410 - Actual: General Medicine | Predicted: Cardiovascular / Pulmonary | The correct medical specialty is: **Cardiovascular / Pulmonary**

06:16:44 --->   row_id 3411 - Actual: General Medicine | Predicted: Gastroenterology | The correct medical specialty for this patient's condition is **Gastroenterology**.

06:17:10 --->   row_id 3412 - Actual: General Medicine | Predicted: Endocrinology | Endocrinology

06:18:17 --->   row_id 3414 - Actual: General Medicine | Predicted: Gastroenterology | Gastroenterology

06:18:41 --->   row_id 3415 - Actual: General Medicine | Predicted: Endocrinology | Endocrinology

06:19:24 --->   row_id 3416 - Actual: General Medicine | Predicted: Cardiovascular / Pulmonary | Cardiovascular / Pulmonary

06:21:46 --->   row_id 3419 - Actual: General Medicine | Predicted: Nephrology | The correct medical specialty is **Nephrology**.

**Step-by-Step Explanation:**

1. **Identify Key Health Issues:** The woman had a UTI, renal insufficiency, and digitalis toxicity.
2. **Determine the Specialty Related to Kidney Issues:** Renal insufficiency directly relates to kidney function, pointing towards Nephrology.
3. **Consider Medication Management:** Digitalis is metabolized by the kidneys; managing its levels involves nephrological expertise.
4. **Primary Cause of Hospitalization:** The UTI and kidney issues were likely the main reasons for her hospital stay and treatment.

**Answer:** Nephrology

06:22:20 --->   row_id 3420 - Actual: General Medicine | Predicted: Nephrology | Nephrology

06:23:58 --->   row_id 3422 - Actual: General Medicine | Predicted: none | The correct medical specialty for addressing the patient's mesothelioma and smoking cessation needs is:

**Hematology - Oncology**

This specialty focuses on the diagnosis and treatment of cancers, including mesothelioma, and can also provide support for smoking cessation as part of comprehensive cancer care.

06:24:46 --->   row_id 3423 - Actual: General Medicine | Predicted: Endocrinology | The correct medical specialty for this individual is:

**Endocrinology**

This is because the primary concern involves type 1 diabetes management, kidney damage from microalbuminuria, and high blood sugar levels (A1C), all of which fall under the expertise of an endocrinologist.

06:25:16 --->   row_id 3424 - Actual: General Medicine | Predicted: Cardiovascular / Pulmonary | The appropriate medical specialty for this individual, considering their cardiovascular risk factors and symptoms of fatigue, is:

**Cardiovascular / Pulmonary**

This choice aligns with addressing their heart-related concerns and managing their health risks.

06:26:43 --->   row_id 3426 - Actual: General Medicine | Predicted: Cardiovascular / Pulmonary | **Cardiovascular / Pulmonary**

06:27:23 --->   row_id 3427 - Actual: General Medicine | Predicted: Cardiovascular / Pulmonary | The correct medical specialty in this case is:

**Cardiovascular / Pulmonary**

This specialty addresses chronic lung diseases like COPD and acute conditions such as pneumonia, which are central to the patient's current health concerns. Additionally, the consideration of home oxygen therapy falls under pulmonary care, making this the most appropriate choice.

06:28:02 --->   row_id 3428 - Actual: General Medicine | Predicted: Gastroenterology | The correct medical specialty is:

**Gastroenterology**

This specialty focuses on disorders of the digestive system, including nausea, vomiting, weight loss due to poor appetite, and heartburn. These symptoms are indicative of potential gastrointestinal issues that a gastroenterologist would address.

06:29:06 --->   row_id 3429 - Actual: General Medicine | Predicted: Cardiovascular / Pulmonary | The correct medical specialty for this case is: **Cardiovascular / Pulmonary**. 

This choice aligns with the primary concern of syncope, potentially linked to high blood pressure or heart-related factors, even though no chest pain was reported. The specialty addresses cardiovascular issues that could cause fainting and evaluates possible underlying conditions contributing to the episode.

06:29:35 --->   row_id 3430 - Actual: General Medicine | Predicted: Cardiovascular / Pulmonary | The correct medical specialty based on the described symptoms is:

**Cardiovascular / Pulmonary**

This specialty addresses heart-related issues and breathing problems, which align with the chest pressure, dull ache, and trouble breathing experienced by the individual. The family history of heart disease also supports this focus.

06:30:46 --->   row_id 3432 - Actual: General Medicine | Predicted: Cardiovascular / Pulmonary | The correct medical specialty for this case is:

**Cardiovascular / Pulmonary**

This specialty focuses on conditions affecting the heart and lungs, which aligns with the baby's symptoms of respiratory distress and potential apnea.

06:31:22 --->   row_id 3433 - Actual: General Medicine | Predicted: Gastroenterology | Gastroenterology

06:32:07 --->   row_id 3434 - Actual: General Medicine | Predicted: Cardiovascular / Pulmonary | The most appropriate medical specialty for this situation is **Cardiovascular / Pulmonary**. Given the severe respiratory symptoms including difficulty breathing, high fever, and worsening congestion, a specialist in this area would be best suited to assess and treat potential respiratory infections or complications in a young infant.

06:32:39 --->   row_id 3435 - Actual: General Medicine | Predicted: Cardiovascular / Pulmonary | Cardiovascular / Pulmonary

06:34:14 --->   row_id 3437 - Actual: General Medicine | Predicted: none | Hematology - Oncology

06:34:40 --->   row_id 3438 - Actual: General Medicine | Predicted: Gastroenterology | Gastroenterology

06:35:09 --->   row_id 3439 - Actual: General Medicine | Predicted: none | Hematology - Oncology

06:36:34 --->   row_id 3442 - Actual: General Medicine | Predicted: none | The correct medical specialty is:

**Endocrinology**

**Step-by-Step Explanation:**
1. **Underlying Conditions:** The individual has diabetes and high cholesterol, both of which are managed by endocrinologists.
2. **Relevant Specialty:** Endocrinology specializes in disorders affecting the hormones and metabolic processes, including managing diabetes and cholesterol levels.
3. **Other Specialties Considered:** While other specialties like General Medicine might handle her overall care, they are not as specific to her chronic conditions as Endocrinology.

**Answer:**
Endocrinology

06:38:03 --->   row_id 3444 - Actual: General Medicine | Predicted: Cardiovascular / Pulmonary | The appropriate medical specialty for this individual is **Cardiovascular / Pulmonary**. 

This choice is based on the primary health issues described, including atrial fibrillation, aortic valve replacement due to a congenital bicuspid valve, and hyperlipidemia, all of which are within the scope of cardiology. The cardiovascular system is the main focus here, making Cardiovascular / Pulmonary the most fitting specialty from the provided list.

06:38:48 --->   row_id 3445 - Actual: General Medicine | Predicted: Cardiovascular / Pulmonary | The correct medical specialty is **Cardiovascular / Pulmonary**. This is because the individual has conditions affecting both their cardiovascular system (high blood pressure, treated with Coreg) and pulmonary system (chronic lung disease, asthma, use of inhalers and bronchodilators). The combination of these issues aligns with the scope of Cardiovascular / Pulmonary medicine.

06:39:33 --->   row_id 3446 - Actual: General Medicine | Predicted: none | The appropriate medical specialty in this case is:

**Hematology - Oncology**

This specialty focuses on the treatment of cancers and blood disorders, which aligns with the patient's metastatic prostate cancer and current management strategies.

06:40:09 --->   row_id 3447 - Actual: General Medicine | Predicted: Cardiovascular / Pulmonary | The medical specialty that best fits the patient's condition based on the provided information is:

**Cardiovascular / Pulmonary**

This specialty addresses both the heart and lung issues, which are central to the patient's presentation.

06:41:30 --->   row_id 3448 - Actual: General Medicine | Predicted: Endocrinology | The correct medical specialty for this patient's situation is:

**Endocrinology**

This specialty is relevant due to the patient's diabetes, which influences the management of his bacterial infection and osteomyelitis.

06:42:33 --->   row_id 3450 - Actual: General Medicine | Predicted: none | The correct medical specialty for this patient's condition is:

**Hematology - Oncology**

This specialty focuses on diagnosing and treating disorders of the blood, such as persistent anemia and potential bone marrow issues, making it the most appropriate choice given the patient's symptoms and treatment history.

06:43:35 --->   row_id 3451 - Actual: General Medicine | Predicted: none | The correct medical specialty in this scenario is **Hematology - Oncology**. 

**Explanation:**
- The primary concern is the presence of blood in the toilet without a clear cause, which points towards a potential bleeding disorder or anemia-related issue.
- Hematology - Oncology specializes in diagnosing and treating disorders related to blood and blood-forming tissues, including anemia and other conditions that could cause such symptoms.
- While General Medicine might handle the overall monitoring, the specific focus on blood issues aligns with Hematology - Oncology.

06:44:18 --->   row_id 3452 - Actual: General Medicine | Predicted: Gastroenterology | Gastroenterology

06:44:42 --->   row_id 3453 - Actual: General Medicine | Predicted: Cardiovascular / Pulmonary | The appropriate medical specialty for the described condition and treatment plan is:

**'Cardiovascular / Pulmonary'**

This specialty focuses on heart and lung health, which aligns with the cholesterol management, cardiovascular health monitoring through aspirin use and lab tests, as well as family history of heart and lung issues.

06:46:51 --->   row_id 3457 - Actual: General Medicine | Predicted: Gastroenterology | Gastroenterology

06:47:33 --->   row_id 3458 - Actual: Gastroenterology | Predicted: General Medicine | The medical specialty corresponding to the described umbilical hernia repair is:

**General Medicine**

This is because General Medicine encompasses the management of various conditions, including those requiring surgical intervention like hernias.

06:49:22 --->   row_id 3459 - Actual: General Medicine | Predicted: Gastroenterology | Gastroenterology

06:50:54 --->   row_id 3461 - Actual: General Medicine | Predicted: Gastroenterology | Gastroenterology

06:52:44 --->   row_id 3464 - Actual: Gastroenterology | Predicted: General Medicine | The correct medical specialty based on the description is:

**General Medicine**

This specialty involves the management of conditions requiring central line placement, making it the appropriate choice from the provided list.

06:53:47 --->   row_id 3466 - Actual: Gastroenterology | Predicted: Allergy / Immunology | The correct medical specialty based on the ultrasound description is:

**Allergy / Immunology**

This specialty is relevant due to the spleen enlargement and the patient's condition with AIDS, which affects immune function.

06:55:08 --->   row_id 3468 - Actual: Gastroenterology | Predicted: General Medicine | The correct medical specialty associated with fixing an umbilical hernia from the given list is:

**General Medicine**

06:59:24 --->   row_id 3477 - Actual: Gastroenterology | Predicted: Nephrology | The correct medical specialty is: **Nephrology**

07:02:03 --->   row_id 3481 - Actual: Gastroenterology | Predicted: Sleep Medicine | Sleep Medicine

07:05:09 --->   row_id 3486 - Actual: Gastroenterology | Predicted: none | The correct medical specialty based on the patient's condition is:

**Hematology - Oncology**

This specialty is chosen because it directly addresses both her anemia and colon cancer, which are central to her current treatment plan.

07:07:58 --->   row_id 3490 - Actual: Gastroenterology | Predicted: Cardiovascular / Pulmonary | **Answer:** 'Cardiovascular / Pulmonary'

07:09:10 --->   row_id 3493 - Actual: Gastroenterology | Predicted: General Medicine | The correct medical specialty is:

**General Medicine**

This specialty is chosen because General Medicine handles a broad range of patient concerns and is often the first point of contact when sensitive or personal medical information needs to be addressed responsibly.

07:09:37 --->   row_id 3494 - Actual: Gastroenterology | Predicted: General Medicine | The correct medical specialty for the described procedure is:

**General Medicine**

07:19:37 --->   row_id 3515 - Actual: Gastroenterology | Predicted: Cardiovascular / Pulmonary | Cardiovascular / Pulmonary

07:21:41 --->   row_id 3517 - Actual: Gastroenterology | Predicted: General Medicine | The correct medical specialty from the provided list that aligns with the procedure described is:

**General Medicine**

This is because General Medicine encompasses the management of acute conditions like appendicitis before surgical intervention, even though the procedure itself is performed by a surgeon.

07:22:22 --->   row_id 3518 - Actual: Gastroenterology | Predicted: General Medicine | The most appropriate medical specialty for this patient is:

**General Medicine**

This specialty is suitable because it provides comprehensive care for patients with multiple chronic conditions affecting various organ systems, including both gastrointestinal and pulmonary issues, as well as coordinating care across different specialists.

07:23:10 --->   row_id 3519 - Actual: Gastroenterology | Predicted: General Medicine | The correct medical specialty for the described condition is:

**General Medicine**

This conclusion is based on the surgical intervention and wound care described, which fall under the scope of a general physician managing such cases.

07:31:10 --->   row_id 3535 - Actual: Gastroenterology | Predicted: none | The appropriate medical specialty for this patient's situation is:

**Hematology - Oncology**

This specialty addresses her clotting issues and potential cancer concerns.

07:36:33 --->   row_id 3545 - Actual: Gastroenterology | Predicted: General Medicine | General Medicine

07:48:52 --->   row_id 3569 - Actual: Gastroenterology | Predicted: Cardiovascular / Pulmonary | The correct medical specialty for the patient's condition and surgery is:

**Cardiovascular / Pulmonary**

This is because the procedure described involves treating an abdominal aortic aneurysm, which falls under vascular surgery, a subspecialty within cardiovascular medicine.

08:02:32 --->   row_id 3598 - Actual: Gastroenterology | Predicted: Cardiovascular / Pulmonary | The correct medical specialty is **Cardiovascular / Pulmonary**.

08:05:26 --->   row_id 3603 - Actual: Gastroenterology | Predicted: General Medicine | General Medicine

08:06:10 --->   row_id 3604 - Actual: Gastroenterology | Predicted: General Medicine | **General Medicine**

The findings from the CT scan cover multiple systems within the abdomen, pelvis, and related areas. The issues identified, such as the liver cyst, hernia, atherosclerosis, phleboliths, and the bladder lump, span various organ systems but do not fall exclusively under any single specialty. General Medicine is well-suited to manage these diverse findings and coordinate further investigations or monitoring as needed.

08:06:36 --->   row_id 3605 - Actual: Gastroenterology | Predicted: Nephrology | The correct medical specialty for this case is **Nephrology**.

08:08:15 --->   row_id 3608 - Actual: Gastroenterology | Predicted: Cardiovascular / Pulmonary | Cardiovascular / Pulmonary

08:11:15 --->   row_id 3613 - Actual: Gastroenterology | Predicted: Nephrology | The correct medical specialty based on the report is:

**Nephrology**

This conclusion is drawn from the focus on kidney cysts identified in the abdomen and pelvis area.

08:30:11 --->   row_id 3651 - Actual: Gastroenterology | Predicted: General Medicine | The correct medical specialty for the given description is:

**General Medicine**

This specialty is appropriate because the scenario involves a general request for assistance without specific medical details, aligning with the broad scope of General Medicine.

08:34:33 --->   row_id 3659 - Actual: Gastroenterology | Predicted: none | Hematology - Oncology

08:39:09 --->   row_id 3667 - Actual: Gastroenterology | Predicted: General Medicine | General Medicine

08:48:10 --->   row_id 3681 - Actual: Gastroenterology | Predicted: Cardiovascular / Pulmonary | The correct medical specialty for the patient's condition is **'Cardiovascular / Pulmonary'**.

08:49:08 --->   row_id 3682 - Actual: Gastroenterology | Predicted: Endocrinology | Endocrinology

08:51:47 --->   row_id 3688 - Actual: Gastroenterology | Predicted: none | The correct medical specialty is: **General Medicine**. 

This conclusion is based on the procedure described being an acute care intervention that doesn't specifically fall under a specialized field like cardiovascular or gastroenterology but is managed within general medical practice.

08:53:13 --->   row_id 3788 - Actual: Endocrinology | Predicted: Cardiovascular / Pulmonary | The correct medical specialty is:

**Cardiovascular / Pulmonary**

This specialty focuses on heart and lung issues, which aligns with the patient's breathing difficulties and ventilator dependence.

08:53:50 --->   row_id 3789 - Actual: Endocrinology | Predicted: General Medicine | The correct medical specialty based on the provided information is:

**General Medicine**

This specialty was chosen because it is broad and often involves explaining various medical conditions in simpler terms, aligning with the user's offer to simplify complex medical descriptions.

08:54:57 --->   row_id 3790 - Actual: Endocrinology | Predicted: Rheumatology | The correct medical specialty from the list provided is:

**Rheumatology**

*Explanation: The patient's fibromyalgia falls under rheumatology, which focuses on chronic pain and fatigue. While other specialties are relevant to her conditions, the primary focus here is on her musculoskeletal symptoms.*

08:57:05 --->   row_id 3794 - Actual: Endocrinology | Predicted: General Medicine | The correct medical specialty from the list based on the provided description is:

**General Medicine**

08:58:29 --->   row_id 3797 - Actual: Endocrinology | Predicted: none | Hematology - Oncology

08:59:15 --->   row_id 3799 - Actual: Endocrinology | Predicted: none | Hematology - Oncology

08:59:53 --->   row_id 3801 - Actual: Endocrinology | Predicted: none | The correct medical specialty is:

**Hematology - Oncology**

This specialty is appropriate because it deals with cancers, including Hodgkin's disease, which was the concern in the case described.

09:14:47 --->   row_id 4635 - Actual: Cardiovascular / Pulmonary | Predicted: Nephrology | The correct medical specialty involved in this situation is:

**Nephrology**

This specialty pertains to conditions affecting the kidneys, including dialysis access and management.

09:15:54 --->   row_id 4637 - Actual: Cardiovascular / Pulmonary | Predicted: Nephrology | The medical procedure described involves an arteriovenous shunt in the forearm, which is typically related to dialysis access managed by Nephrologists. 

**Answer: Nephrology**

09:18:28 --->   row_id 4641 - Actual: Cardiovascular / Pulmonary | Predicted: General Medicine | The appropriate medical specialty in this context is:

**General Medicine**

This conclusion was reached by considering that General Medicine typically handles a broad range of cases and may decline assistance when specialized care is needed or outside their scope.

09:18:59 --->   row_id 4642 - Actual: Cardiovascular / Pulmonary | Predicted: Gastroenterology | The correct medical specialty based on the patient's description is:

**Gastroenterology**

This specialty focuses on disorders of the digestive system, including the esophagus and stomach, which are central to the procedures mentioned.

09:20:27 --->   row_id 4645 - Actual: Cardiovascular / Pulmonary | Predicted: none | The correct medical specialty from the list provided is:

**Hematology - Oncology**

09:20:59 --->   row_id 4646 - Actual: Cardiovascular / Pulmonary | Predicted: General Medicine | The correct medical specialty in this scenario is:

**General Medicine**

09:21:21 --->   row_id 4647 - Actual: Cardiovascular / Pulmonary | Predicted: Nephrology | The correct medical specialty is **Nephrology**.

09:23:20 --->   row_id 4651 - Actual: Cardiovascular / Pulmonary | Predicted: Nephrology | The medical specialty for the described procedure is **Nephrology**.

09:24:42 --->   row_id 4652 - Actual: Cardiovascular / Pulmonary | Predicted: none | The patient was referred to a thoracic surgery clinic due to swollen lymph nodes in the supraclavicular area on both sides. Given the potential for malignancy or structural chest issues, the most appropriate specialty from the provided list is:

**Hematology - Oncology**

This specialty is relevant because it deals with conditions affecting the blood and lymphatic system, including possible cancers or lymphomas that might present with swollen lymph nodes.

09:27:14 --->   row_id 4657 - Actual: Cardiovascular / Pulmonary | Predicted: General Medicine | General Medicine

09:35:54 --->   row_id 4673 - Actual: Cardiovascular / Pulmonary | Predicted: General Medicine | The correct medical specialty for this procedure is:

**General Medicine**

This is because varicose vein surgery, although surgical in nature, falls under the broader scope of patient care managed by General Medicine when considering treatment approaches and post-operative management.

09:39:26 --->   row_id 4680 - Actual: Cardiovascular / Pulmonary | Predicted: none | The correct medical specialty for this individual is:

**Cardiovascular / Pulmonary**

This choice aligns with his history of congenital heart defects and ongoing cardiac issues that require specialized management beyond general medicine.

09:43:22 --->   row_id 4687 - Actual: Cardiovascular / Pulmonary | Predicted: Allergy / Immunology | Allergy / Immunology

09:44:30 --->   row_id 4689 - Actual: Cardiovascular / Pulmonary | Predicted: none | The correct medical specialty in this case is **Sleep Medicine**. 

**Explanation:**
- The symptoms described—loud snoring, periods of stopped breathing during sleep, daytime dozing—are indicative of obstructive sleep apnea syndrome (OSAS).
- A sleep study is a standard diagnostic tool for sleep disorders, which is why Sleep Medicine is involved.
- While other specialties may be consulted (like Endocrinology for thyroid issues), the primary concern here is the sleep-related condition, making Sleep Medicine the appropriate specialty.

09:47:27 --->   row_id 4693 - Actual: Cardiovascular / Pulmonary | Predicted: none | The correct medical specialty based on the description is:

**Hematology - Oncology**

This specialty is often involved in managing patients who require regular infusions or treatments, such as those undergoing chemotherapy. The insertion of a Port-A-Cath device is commonly associated with this field when used for delivering cancer treatment medications over time.

09:48:00 --->   row_id 4694 - Actual: Cardiovascular / Pulmonary | Predicted: Rheumatology | The correct medical specialty is **Rheumatology**.

09:49:29 --->   row_id 4696 - Actual: Cardiovascular / Pulmonary | Predicted: none | Hematology - Oncology

09:50:30 --->   row_id 4698 - Actual: Cardiovascular / Pulmonary | Predicted: Endocrinology | Endocrinology

09:51:25 --->   row_id 4699 - Actual: Cardiovascular / Pulmonary | Predicted: Rheumatology | The correct medical specialty for this patient's situation is:

**Rheumatology**

This is because the patient has rheumatoid arthritis and is on immunosuppressive medications, requiring specialized management.

09:57:38 --->   row_id 4710 - Actual: Cardiovascular / Pulmonary | Predicted: General Medicine | General Medicine

10:09:57 --->   row_id 4734 - Actual: Cardiovascular / Pulmonary | Predicted: none | The correct medical specialty for this individual's situation is:

**Hematology - Oncology**

This specialty is directly involved in diagnosing and treating cancers like mesothelioma, which is a key concern for him. While his cardiovascular and pulmonary issues are managed by other specialists, the focus on determining the type of cancer aligns with Hematology-Oncology expertise.

10:10:51 --->   row_id 4735 - Actual: Cardiovascular / Pulmonary | Predicted: none | Hematology - Oncology

10:12:06 --->   row_id 4737 - Actual: Cardiovascular / Pulmonary | Predicted: none | The correct medical specialty for the described scenario is **Hematology - Oncology**. This specialty focuses on the treatment and management of cancers, including procedures like metastasectomies to remove cancerous growths in metastatic sites such as the lung.

10:13:27 --->   row_id 4739 - Actual: Cardiovascular / Pulmonary | Predicted: none | The correct medical specialty for this scenario is **Hematology - Oncology**.

**Step-by-Step Explanation:**

1. **Primary Condition:** The patient has metastatic non-small cell lung cancer, which falls under oncology.
2. **Complications:** The heart attack (ST-elevation MI) and strokes are complications related to the primary condition of lung cancer.
3. **Specialty Focus:** Hematology - Oncology specializes in treating cancers and conditions like metastasis, making it the appropriate specialty for managing this patient's primary disease.

**Answer:** 'Hematology - Oncology'

10:15:10 --->   row_id 4743 - Actual: Cardiovascular / Pulmonary | Predicted: none | Hematology - Oncology

10:15:58 --->   row_id 4744 - Actual: Cardiovascular / Pulmonary | Predicted: none | The correct medical specialty based on the individual's condition is:

**Hematology - Oncology**

This specialty directly addresses blood disorders such as acute lymphoblastic leukemia (ALL) and associated clotting issues like deep vein thrombosis.

10:16:38 --->   row_id 4745 - Actual: Cardiovascular / Pulmonary | Predicted: none | Hematology - Oncology

10:17:44 --->   row_id 4747 - Actual: Cardiovascular / Pulmonary | Predicted: none | The correct medical specialty is **Hematology - Oncology**.

10:18:18 --->   row_id 4748 - Actual: Cardiovascular / Pulmonary | Predicted: none | Hematology - Oncology

