06:15:52 --->   row_id 11 - Actual: Cardiovascular / Pulmonary | Predicted: none

06:15:53 --->   row_id 16 - Actual: Cardiovascular / Pulmonary | Predicted: Dermatology

06:15:54 --->   row_id 18 - Actual: Urology | Predicted: none

06:15:56 --->   row_id 26 - Actual: Urology | Predicted: none

06:15:58 --->   row_id 27 - Actual: Urology | Predicted: none

06:16:01 --->   row_id 29 - Actual: Urology | Predicted: none

06:16:04 --->   row_id 30 - Actual: Urology | Predicted: none

06:16:05 --->   row_id 31 - Actual: Urology | Predicted: none

06:16:07 --->   row_id 32 - Actual: Urology | Predicted: none

06:16:15 --->   row_id 33 - Actual: Urology | Predicted: none

06:16:24 --->   row_id 34 - Actual: Urology | Predicted: none

06:16:24 --->   row_id 35 - Actual: Urology | Predicted: none

06:16:26 --->   row_id 36 - Actual: Urology | Predicted: none

06:16:27 --->   row_id 37 - Actual: Urology | Predicted: none

06:16:28 --->   row_id 39 - Actual: Urology | Predicted: Dermatology

06:26:12 --->   row_id 40 - Actual: Urology | Predicted: Urology

06:26:18 --->   row_id 41 - Actual: Urology | Predicted: none

06:26:19 --->   row_id 42 - Actual: Urology | Predicted: none

06:26:19 --->   row_id 43 - Actual: Urology | Predicted: none

06:26:19 --->   row_id 46 - Actual: Urology | Predicted: none

06:26:20 --->   row_id 47 - Actual: Urology | Predicted: none

06:26:23 --->   row_id 48 - Actual: Urology | Predicted: none

06:36:08 --->   row_id 50 - Actual: Urology | Predicted: none

06:36:11 --->   row_id 53 - Actual: Urology | Predicted: Allergy / Immunology

06:36:11 --->   row_id 55 - Actual: Urology | Predicted: none

06:36:12 --->   row_id 56 - Actual: Urology | Predicted: none

06:36:15 --->   row_id 58 - Actual: Urology | Predicted: none

06:36:16 --->   row_id 59 - Actual: Urology | Predicted: none

06:36:18 --->   row_id 60 - Actual: Urology | Predicted: none

06:36:21 --->   row_id 62 - Actual: Urology | Predicted: Allergy / Immunology

06:36:23 --->   row_id 63 - Actual: Urology | Predicted: none

06:36:23 --->   row_id 64 - Actual: Urology | Predicted: none

06:36:24 --->   row_id 65 - Actual: Urology | Predicted: none

06:36:27 --->   row_id 66 - Actual: Urology | Predicted: none

06:36:27 --->   row_id 69 - Actual: Urology | Predicted: none

06:36:39 --->   row_id 70 - Actual: Urology | Predicted: none

06:36:42 --->   row_id 75 - Actual: Urology | Predicted: Rheumatology

06:36:55 --->   row_id 77 - Actual: Urology | Predicted: Sleep Medicine

06:36:57 --->   row_id 78 - Actual: Urology | Predicted: none

06:36:58 --->   row_id 81 - Actual: Urology | Predicted: none

06:36:59 --->   row_id 83 - Actual: Urology | Predicted: none

06:37:00 --->   row_id 85 - Actual: Urology | Predicted: none

06:37:02 --->   row_id 87 - Actual: Urology | Predicted: none

06:37:03 --->   row_id 90 - Actual: Urology | Predicted: Gastroenterology

06:37:03 --->   row_id 91 - Actual: Urology | Predicted: none

06:37:03 --->   row_id 92 - Actual: Urology | Predicted: none

06:37:06 --->   row_id 95 - Actual: Urology | Predicted: none

06:37:06 --->   row_id 96 - Actual: Urology | Predicted: none

06:37:11 --->   row_id 98 - Actual: Urology | Predicted: none

06:37:11 --->   row_id 99 - Actual: Urology | Predicted: none

06:37:14 --->   row_id 100 - Actual: Urology | Predicted: none

06:37:17 --->   row_id 101 - Actual: Urology | Predicted: none

06:37:24 --->   row_id 102 - Actual: Urology | Predicted: none

06:37:25 --->   row_id 103 - Actual: Urology | Predicted: none

06:37:27 --->   row_id 104 - Actual: Urology | Predicted: none

06:37:28 --->   row_id 105 - Actual: Urology | Predicted: none

06:37:29 --->   row_id 106 - Actual: Urology | Predicted: none

06:37:29 --->   row_id 107 - Actual: Urology | Predicted: none

06:37:32 --->   row_id 108 - Actual: Urology | Predicted: Orthopedic

06:37:35 --->   row_id 109 - Actual: Urology | Predicted: none

06:37:35 --->   row_id 110 - Actual: Urology | Predicted: none

06:37:35 --->   row_id 111 - Actual: Urology | Predicted: none

06:37:39 --->   row_id 112 - Actual: Urology | Predicted: none

06:37:40 --->   row_id 115 - Actual: Urology | Predicted: none

06:47:21 --->   row_id 117 - Actual: Urology | Predicted: none

06:47:22 --->   row_id 118 - Actual: Urology | Predicted: none

06:47:23 --->   row_id 124 - Actual: Urology | Predicted: none

06:47:23 --->   row_id 129 - Actual: Urology | Predicted: none

06:47:27 --->   row_id 130 - Actual: Urology | Predicted: none

06:47:30 --->   row_id 132 - Actual: Urology | Predicted: none

06:47:35 --->   row_id 135 - Actual: Urology | Predicted: none

06:47:41 --->   row_id 136 - Actual: Urology | Predicted: none

06:47:42 --->   row_id 137 - Actual: Urology | Predicted: none

06:47:46 --->   row_id 138 - Actual: Urology | Predicted: Urology

06:47:46 --->   row_id 139 - Actual: Urology | Predicted: none

06:47:48 --->   row_id 140 - Actual: Urology | Predicted: Gastroenterology

06:47:48 --->   row_id 142 - Actual: Urology | Predicted: none

06:47:51 --->   row_id 143 - Actual: Urology | Predicted: none

06:47:52 --->   row_id 144 - Actual: Urology | Predicted: none

06:47:53 --->   row_id 145 - Actual: Urology | Predicted: none

06:47:55 --->   row_id 146 - Actual: Urology | Predicted: none

06:47:56 --->   row_id 148 - Actual: Urology | Predicted: ENT - Otolaryngology

06:47:57 --->   row_id 149 - Actual: Urology | Predicted: none

06:47:59 --->   row_id 156 - Actual: Urology | Predicted: none

06:47:59 --->   row_id 157 - Actual: Urology | Predicted: none

06:48:00 --->   row_id 159 - Actual: Urology | Predicted: none

06:48:01 --->   row_id 163 - Actual: Urology | Predicted: none

06:48:04 --->   row_id 164 - Actual: Urology | Predicted: none

06:48:05 --->   row_id 167 - Actual: Urology | Predicted: Cardiovascular / Pulmonary

06:48:08 --->   row_id 168 - Actual: Urology | Predicted: none

06:48:08 --->   row_id 170 - Actual: Urology | Predicted: none

06:48:10 --->   row_id 171 - Actual: Urology | Predicted: none

06:48:10 --->   row_id 173 - Actual: Urology | Predicted: none

06:48:11 --->   row_id 175 - Actual: Urology | Predicted: none

06:48:11 --->   row_id 180 - Actual: Urology | Predicted: none

06:48:13 --->   row_id 1454 - Actual: Sleep Medicine | Predicted: none

06:48:17 --->   row_id 1457 - Actual: Sleep Medicine | Predicted: none

06:48:17 --->   row_id 1458 - Actual: Sleep Medicine | Predicted: none

06:48:18 --->   row_id 1459 - Actual: Sleep Medicine | Predicted: none

06:48:18 --->   row_id 1461 - Actual: Sleep Medicine | Predicted: none

06:48:19 --->   row_id 1463 - Actual: Sleep Medicine | Predicted: none

06:48:19 --->   row_id 1464 - Actual: Sleep Medicine | Predicted: none

06:48:21 --->   row_id 1465 - Actual: Sleep Medicine | Predicted: none

06:48:21 --->   row_id 1466 - Actual: Sleep Medicine | Predicted: none

06:48:22 --->   row_id 1467 - Actual: Sleep Medicine | Predicted: none

06:48:45 --->   row_id 1468 - Actual: Sleep Medicine | Predicted: none

06:48:46 --->   row_id 1469 - Actual: Sleep Medicine | Predicted: none

06:48:46 --->   row_id 1470 - Actual: Sleep Medicine | Predicted: none

06:48:49 --->   row_id 1472 - Actual: Sleep Medicine | Predicted: none

06:48:49 --->   row_id 1473 - Actual: Sleep Medicine | Predicted: none

06:48:50 --->   row_id 1474 - Actual: Sleep Medicine | Predicted: none

06:48:50 --->   row_id 1476 - Actual: Sleep Medicine | Predicted: none

06:48:51 --->   row_id 1477 - Actual: Rheumatology | Predicted: none

06:48:51 --->   row_id 1479 - Actual: Rheumatology | Predicted: none

06:48:52 --->   row_id 1480 - Actual: Rheumatology | Predicted: none

06:48:52 --->   row_id 1481 - Actual: Rheumatology | Predicted: none

06:58:33 --->   row_id 1482 - Actual: Rheumatology | Predicted: Allergy / Immunology

06:58:36 --->   row_id 1483 - Actual: Rheumatology | Predicted: none

06:58:37 --->   row_id 1484 - Actual: Rheumatology | Predicted: none

06:58:38 --->   row_id 1487 - Actual: Rheumatology | Predicted: none

06:58:39 --->   row_id 1757 - Actual: Psychiatry / Psychology | Predicted: none

06:58:40 --->   row_id 1759 - Actual: Psychiatry / Psychology | Predicted: none

06:58:52 --->   row_id 1762 - Actual: Psychiatry / Psychology | Predicted: none

06:58:55 --->   row_id 1765 - Actual: Psychiatry / Psychology | Predicted: none

06:58:57 --->   row_id 1766 - Actual: Psychiatry / Psychology | Predicted: none

06:59:08 --->   row_id 1769 - Actual: Psychiatry / Psychology | Predicted: none

06:59:08 --->   row_id 1770 - Actual: Psychiatry / Psychology | Predicted: none

06:59:08 --->   row_id 1773 - Actual: Psychiatry / Psychology | Predicted: none

06:59:09 --->   row_id 1774 - Actual: Psychiatry / Psychology | Predicted: none

06:59:11 --->   row_id 1776 - Actual: Psychiatry / Psychology | Predicted: none

06:59:14 --->   row_id 1777 - Actual: Psychiatry / Psychology | Predicted: none

06:59:16 --->   row_id 1780 - Actual: Psychiatry / Psychology | Predicted: none

06:59:22 --->   row_id 1781 - Actual: Psychiatry / Psychology | Predicted: none

06:59:25 --->   row_id 1782 - Actual: Psychiatry / Psychology | Predicted: none

06:59:26 --->   row_id 1789 - Actual: Psychiatry / Psychology | Predicted: none

06:59:26 --->   row_id 1791 - Actual: Psychiatry / Psychology | Predicted: none

06:59:44 --->   row_id 1792 - Actual: Psychiatry / Psychology | Predicted: none

06:59:46 --->   row_id 1794 - Actual: Psychiatry / Psychology | Predicted: Allergy / Immunology

06:59:46 --->   row_id 1795 - Actual: Psychiatry / Psychology | Predicted: none

06:59:49 --->   row_id 1796 - Actual: Psychiatry / Psychology | Predicted: none

07:00:01 --->   row_id 1797 - Actual: Psychiatry / Psychology | Predicted: none

07:00:01 --->   row_id 1798 - Actual: Psychiatry / Psychology | Predicted: none

07:00:01 --->   row_id 1799 - Actual: Psychiatry / Psychology | Predicted: none

07:00:03 --->   row_id 1800 - Actual: Psychiatry / Psychology | Predicted: none

07:00:04 --->   row_id 1801 - Actual: Psychiatry / Psychology | Predicted: none

07:00:08 --->   row_id 1805 - Actual: Psychiatry / Psychology | Predicted: none

07:00:11 --->   row_id 1806 - Actual: Psychiatry / Psychology | Predicted: none

07:00:12 --->   row_id 1807 - Actual: Psychiatry / Psychology | Predicted: none

07:00:13 --->   row_id 1808 - Actual: Psychiatry / Psychology | Predicted: none

07:00:16 --->   row_id 1812 - Actual: Psychiatry / Psychology | Predicted: Ophthalmology

07:00:16 --->   row_id 1814 - Actual: Psychiatry / Psychology | Predicted: none

07:00:17 --->   row_id 1818 - Actual: Psychiatry / Psychology | Predicted: Allergy / Immunology

07:00:17 --->   row_id 2008 - Actual: Orthopedic | Predicted: none

07:00:18 --->   row_id 2011 - Actual: Orthopedic | Predicted: none

07:10:04 --->   row_id 2013 - Actual: Orthopedic | Predicted: none

07:10:05 --->   row_id 2018 - Actual: Orthopedic | Predicted: none

07:10:07 --->   row_id 2019 - Actual: Orthopedic | Predicted: none

07:10:09 --->   row_id 2020 - Actual: Orthopedic | Predicted: none

07:10:11 --->   row_id 2021 - Actual: Orthopedic | Predicted: none

07:10:12 --->   row_id 2022 - Actual: Orthopedic | Predicted: none

07:10:13 --->   row_id 2024 - Actual: Orthopedic | Predicted: none

07:10:13 --->   row_id 2025 - Actual: Orthopedic | Predicted: none

07:10:15 --->   row_id 2027 - Actual: Orthopedic | Predicted: Allergy / Immunology

07:10:20 --->   row_id 2031 - Actual: Orthopedic | Predicted: none

07:20:04 --->   row_id 2034 - Actual: Orthopedic | Predicted: none

07:20:07 --->   row_id 2038 - Actual: Orthopedic | Predicted: none

07:20:09 --->   row_id 2041 - Actual: Orthopedic | Predicted: Allergy / Immunology

07:20:11 --->   row_id 2044 - Actual: Orthopedic | Predicted: none

07:20:13 --->   row_id 2045 - Actual: Orthopedic | Predicted: none

07:20:14 --->   row_id 2046 - Actual: Orthopedic | Predicted: Dermatology

07:20:21 --->   row_id 2047 - Actual: Orthopedic | Predicted: none

07:20:23 --->   row_id 2048 - Actual: Orthopedic | Predicted: none

07:20:25 --->   row_id 2050 - Actual: Orthopedic | Predicted: none

07:20:26 --->   row_id 2052 - Actual: Orthopedic | Predicted: none

07:20:42 --->   row_id 2055 - Actual: Orthopedic | Predicted: none

07:20:44 --->   row_id 2057 - Actual: Orthopedic | Predicted: none

07:20:44 --->   row_id 2058 - Actual: Orthopedic | Predicted: none

07:30:27 --->   row_id 2059 - Actual: Orthopedic | Predicted: none

07:30:29 --->   row_id 2060 - Actual: Orthopedic | Predicted: none

07:40:09 --->   row_id 2061 - Actual: Orthopedic | Predicted: none

07:40:10 --->   row_id 2062 - Actual: Orthopedic | Predicted: none

07:40:10 --->   row_id 2063 - Actual: Orthopedic | Predicted: none

07:40:11 --->   row_id 2066 - Actual: Orthopedic | Predicted: Orthopedic

07:40:12 --->   row_id 2067 - Actual: Orthopedic | Predicted: none

07:40:15 --->   row_id 2068 - Actual: Orthopedic | Predicted: none

07:49:56 --->   row_id 2069 - Actual: Orthopedic | Predicted: none

07:49:57 --->   row_id 2071 - Actual: Orthopedic | Predicted: none

07:49:58 --->   row_id 2072 - Actual: Orthopedic | Predicted: none

07:50:00 --->   row_id 2075 - Actual: Orthopedic | Predicted: none

07:50:01 --->   row_id 2076 - Actual: Orthopedic | Predicted: none

07:50:01 --->   row_id 2077 - Actual: Orthopedic | Predicted: none

07:50:03 --->   row_id 2078 - Actual: Orthopedic | Predicted: none

07:50:04 --->   row_id 2079 - Actual: Orthopedic | Predicted: none

07:59:48 --->   row_id 2080 - Actual: Orthopedic | Predicted: none

07:59:49 --->   row_id 2082 - Actual: Orthopedic | Predicted: Allergy / Immunology

07:59:50 --->   row_id 2086 - Actual: Orthopedic | Predicted: none

07:59:51 --->   row_id 2087 - Actual: Orthopedic | Predicted: Gastroenterology

08:09:32 --->   row_id 2089 - Actual: Orthopedic | Predicted: none

08:09:35 --->   row_id 2090 - Actual: Orthopedic | Predicted: none

08:09:36 --->   row_id 2091 - Actual: Orthopedic | Predicted: none

08:09:47 --->   row_id 2092 - Actual: Orthopedic | Predicted: none

08:09:48 --->   row_id 2094 - Actual: Orthopedic | Predicted: none

08:19:31 --->   row_id 2095 - Actual: Orthopedic | Predicted: none

08:19:31 --->   row_id 2096 - Actual: Orthopedic | Predicted: none

08:19:34 --->   row_id 2097 - Actual: Orthopedic | Predicted: none

08:19:37 --->   row_id 2098 - Actual: Orthopedic | Predicted: none

08:19:38 --->   row_id 2099 - Actual: Orthopedic | Predicted: none

08:19:42 --->   row_id 2100 - Actual: Orthopedic | Predicted: none

08:19:43 --->   row_id 2101 - Actual: Orthopedic | Predicted: none

08:19:46 --->   row_id 2102 - Actual: Orthopedic | Predicted: none

08:20:03 --->   row_id 2105 - Actual: Orthopedic | Predicted: none

08:20:07 --->   row_id 2106 - Actual: Orthopedic | Predicted: none

08:20:08 --->   row_id 2107 - Actual: Orthopedic | Predicted: none

08:20:08 --->   row_id 2108 - Actual: Orthopedic | Predicted: none

08:20:18 --->   row_id 2109 - Actual: Orthopedic | Predicted: none

08:20:20 --->   row_id 2110 - Actual: Orthopedic | Predicted: none

08:20:22 --->   row_id 2111 - Actual: Orthopedic | Predicted: none

08:20:24 --->   row_id 2113 - Actual: Orthopedic | Predicted: none

08:20:25 --->   row_id 2114 - Actual: Orthopedic | Predicted: none

08:20:26 --->   row_id 2117 - Actual: Orthopedic | Predicted: none

08:20:36 --->   row_id 2118 - Actual: Orthopedic | Predicted: Allergy / Immunology

08:20:40 --->   row_id 2120 - Actual: Orthopedic | Predicted: none

08:20:42 --->   row_id 2123 - Actual: Orthopedic | Predicted: none

08:20:42 --->   row_id 2124 - Actual: Orthopedic | Predicted: none

08:20:42 --->   row_id 2125 - Actual: Orthopedic | Predicted: none

08:20:43 --->   row_id 2126 - Actual: Orthopedic | Predicted: none

08:20:44 --->   row_id 2128 - Actual: Orthopedic | Predicted: none

08:30:27 --->   row_id 2129 - Actual: Orthopedic | Predicted: none

08:30:28 --->   row_id 2132 - Actual: Orthopedic | Predicted: none

08:30:29 --->   row_id 2136 - Actual: Orthopedic | Predicted: none

08:30:29 --->   row_id 2137 - Actual: Orthopedic | Predicted: none

08:30:30 --->   row_id 2140 - Actual: Orthopedic | Predicted: none

08:30:31 --->   row_id 2146 - Actual: Orthopedic | Predicted: none

08:30:34 --->   row_id 2149 - Actual: Orthopedic | Predicted: none

08:30:38 --->   row_id 2150 - Actual: Orthopedic | Predicted: Allergy / Immunology

08:30:39 --->   row_id 2157 - Actual: Orthopedic | Predicted: none

08:30:42 --->   row_id 2158 - Actual: Orthopedic | Predicted: none

08:30:45 --->   row_id 2159 - Actual: Orthopedic | Predicted: none

08:30:46 --->   row_id 2160 - Actual: Orthopedic | Predicted: none

08:30:58 --->   row_id 2161 - Actual: Orthopedic | Predicted: none

08:31:09 --->   row_id 2162 - Actual: Orthopedic | Predicted: none

08:31:09 --->   row_id 2163 - Actual: Orthopedic | Predicted: none

08:31:12 --->   row_id 2164 - Actual: Orthopedic | Predicted: none

08:31:13 --->   row_id 2165 - Actual: Orthopedic | Predicted: Allergy / Immunology

08:31:13 --->   row_id 2166 - Actual: Orthopedic | Predicted: none

08:31:16 --->   row_id 2167 - Actual: Orthopedic | Predicted: none

08:31:17 --->   row_id 2168 - Actual: Orthopedic | Predicted: none

08:31:17 --->   row_id 2169 - Actual: Orthopedic | Predicted: none

08:31:18 --->   row_id 2170 - Actual: Orthopedic | Predicted: none

08:31:27 --->   row_id 2174 - Actual: Orthopedic | Predicted: none

08:31:29 --->   row_id 2175 - Actual: Orthopedic | Predicted: none

08:31:32 --->   row_id 2176 - Actual: Orthopedic | Predicted: Orthopedic

08:31:32 --->   row_id 2177 - Actual: Orthopedic | Predicted: none

08:31:35 --->   row_id 2178 - Actual: Orthopedic | Predicted: none

08:31:46 --->   row_id 2179 - Actual: Orthopedic | Predicted: none

08:31:48 --->   row_id 2180 - Actual: Orthopedic | Predicted: none

08:31:56 --->   row_id 2181 - Actual: Orthopedic | Predicted: none

08:31:57 --->   row_id 2182 - Actual: Orthopedic | Predicted: Dermatology

08:31:58 --->   row_id 2183 - Actual: Orthopedic | Predicted: none

08:31:59 --->   row_id 2184 - Actual: Orthopedic | Predicted: none

08:32:01 --->   row_id 2186 - Actual: Orthopedic | Predicted: none

08:32:03 --->   row_id 2187 - Actual: Orthopedic | Predicted: none

08:32:05 --->   row_id 2188 - Actual: Orthopedic | Predicted: none

08:32:06 --->   row_id 2193 - Actual: Orthopedic | Predicted: none

08:41:48 --->   row_id 2194 - Actual: Orthopedic | Predicted: none

08:41:51 --->   row_id 2196 - Actual: Orthopedic | Predicted: none

08:41:54 --->   row_id 2198 - Actual: Orthopedic | Predicted: Orthopedic

08:41:55 --->   row_id 2199 - Actual: Orthopedic | Predicted: Rheumatology

08:41:55 --->   row_id 2200 - Actual: Orthopedic | Predicted: none

08:41:56 --->   row_id 2201 - Actual: Orthopedic | Predicted: none

08:41:56 --->   row_id 2202 - Actual: Orthopedic | Predicted: none

08:51:41 --->   row_id 2203 - Actual: Orthopedic | Predicted: none

08:51:42 --->   row_id 2204 - Actual: Orthopedic | Predicted: none

08:51:42 --->   row_id 2205 - Actual: Orthopedic | Predicted: none

08:51:43 --->   row_id 2206 - Actual: Orthopedic | Predicted: none

08:51:44 --->   row_id 2207 - Actual: Orthopedic | Predicted: none

08:51:45 --->   row_id 2209 - Actual: Orthopedic | Predicted: none

08:51:47 --->   row_id 2210 - Actual: Orthopedic | Predicted: none

08:52:00 --->   row_id 2211 - Actual: Orthopedic | Predicted: none

08:52:01 --->   row_id 2212 - Actual: Orthopedic | Predicted: none

08:52:02 --->   row_id 2213 - Actual: Orthopedic | Predicted: none

08:52:04 --->   row_id 2214 - Actual: Orthopedic | Predicted: Orthopedic

08:52:05 --->   row_id 2216 - Actual: Orthopedic | Predicted: none

08:52:06 --->   row_id 2218 - Actual: Orthopedic | Predicted: none

08:52:19 --->   row_id 2223 - Actual: Orthopedic | Predicted: none

08:52:20 --->   row_id 2225 - Actual: Orthopedic | Predicted: none

08:52:22 --->   row_id 2231 - Actual: Orthopedic | Predicted: none

08:52:25 --->   row_id 2232 - Actual: Orthopedic | Predicted: none

08:52:25 --->   row_id 2234 - Actual: Orthopedic | Predicted: none

08:52:28 --->   row_id 2235 - Actual: Orthopedic | Predicted: Urology

08:52:29 --->   row_id 2237 - Actual: Orthopedic | Predicted: none

08:52:30 --->   row_id 2238 - Actual: Orthopedic | Predicted: none

08:52:37 --->   row_id 2239 - Actual: Orthopedic | Predicted: Allergy / Immunology

08:52:37 --->   row_id 2240 - Actual: Orthopedic | Predicted: none

08:52:38 --->   row_id 2241 - Actual: Orthopedic | Predicted: none

08:52:40 --->   row_id 2242 - Actual: Orthopedic | Predicted: none

08:52:45 --->   row_id 2244 - Actual: Orthopedic | Predicted: none

08:52:53 --->   row_id 2245 - Actual: Orthopedic | Predicted: Orthopedic

08:52:54 --->   row_id 2246 - Actual: Orthopedic | Predicted: none

08:52:55 --->   row_id 2248 - Actual: Orthopedic | Predicted: none

08:52:56 --->   row_id 2250 - Actual: Orthopedic | Predicted: none

08:52:57 --->   row_id 2251 - Actual: Orthopedic | Predicted: none

08:52:57 --->   row_id 2252 - Actual: Orthopedic | Predicted: Ophthalmology

08:53:00 --->   row_id 2254 - Actual: Orthopedic | Predicted: none

08:53:14 --->   row_id 2256 - Actual: Orthopedic | Predicted: none

08:53:17 --->   row_id 2259 - Actual: Orthopedic | Predicted: none

08:53:17 --->   row_id 2261 - Actual: Orthopedic | Predicted: none

08:53:18 --->   row_id 2262 - Actual: Orthopedic | Predicted: none

08:53:24 --->   row_id 2263 - Actual: Orthopedic | Predicted: none

08:53:26 --->   row_id 2265 - Actual: Orthopedic | Predicted: none

08:53:28 --->   row_id 2266 - Actual: Orthopedic | Predicted: none

08:53:28 --->   row_id 2267 - Actual: Orthopedic | Predicted: none

08:53:28 --->   row_id 2268 - Actual: Orthopedic | Predicted: none

08:53:30 --->   row_id 2269 - Actual: Orthopedic | Predicted: none

08:53:31 --->   row_id 2271 - Actual: Orthopedic | Predicted: none

08:53:31 --->   row_id 2272 - Actual: Orthopedic | Predicted: none

08:53:33 --->   row_id 2273 - Actual: Orthopedic | Predicted: Endocrinology

08:53:33 --->   row_id 2274 - Actual: Orthopedic | Predicted: none

08:53:34 --->   row_id 2275 - Actual: Orthopedic | Predicted: none

08:53:34 --->   row_id 2276 - Actual: Orthopedic | Predicted: none

08:53:35 --->   row_id 2278 - Actual: Orthopedic | Predicted: none

08:53:35 --->   row_id 2279 - Actual: Orthopedic | Predicted: none

08:53:36 --->   row_id 2281 - Actual: Orthopedic | Predicted: none

08:53:37 --->   row_id 2282 - Actual: Orthopedic | Predicted: none

08:53:37 --->   row_id 2284 - Actual: Orthopedic | Predicted: none

08:53:39 --->   row_id 2287 - Actual: Orthopedic | Predicted: none

08:53:39 --->   row_id 2289 - Actual: Orthopedic | Predicted: none

08:53:40 --->   row_id 2291 - Actual: Orthopedic | Predicted: none

08:53:53 --->   row_id 2293 - Actual: Orthopedic | Predicted: none

08:54:13 --->   row_id 2294 - Actual: Orthopedic | Predicted: none

08:54:13 --->   row_id 2295 - Actual: Orthopedic | Predicted: none

08:54:14 --->   row_id 2296 - Actual: Orthopedic | Predicted: none

08:54:14 --->   row_id 2298 - Actual: Orthopedic | Predicted: none

08:54:15 --->   row_id 2299 - Actual: Orthopedic | Predicted: none

08:54:17 --->   row_id 2300 - Actual: Orthopedic | Predicted: none

08:54:17 --->   row_id 2301 - Actual: Orthopedic | Predicted: none

08:54:18 --->   row_id 2302 - Actual: Orthopedic | Predicted: none

08:54:21 --->   row_id 2303 - Actual: Orthopedic | Predicted: none

08:54:21 --->   row_id 2304 - Actual: Orthopedic | Predicted: none

08:54:26 --->   row_id 2305 - Actual: Orthopedic | Predicted: none

08:54:27 --->   row_id 2306 - Actual: Orthopedic | Predicted: none

08:54:31 --->   row_id 2307 - Actual: Orthopedic | Predicted: none

08:54:31 --->   row_id 2308 - Actual: Orthopedic | Predicted: none

08:54:32 --->   row_id 2309 - Actual: Orthopedic | Predicted: none

08:54:39 --->   row_id 2310 - Actual: Orthopedic | Predicted: none

08:54:40 --->   row_id 2312 - Actual: Orthopedic | Predicted: Ophthalmology

08:54:42 --->   row_id 2313 - Actual: Orthopedic | Predicted: none

08:54:43 --->   row_id 2316 - Actual: Orthopedic | Predicted: none

08:54:43 --->   row_id 2317 - Actual: Orthopedic | Predicted: none

08:54:45 --->   row_id 2318 - Actual: Orthopedic | Predicted: none

08:54:47 --->   row_id 2319 - Actual: Orthopedic | Predicted: none

08:54:49 --->   row_id 2320 - Actual: Orthopedic | Predicted: none

08:54:50 --->   row_id 2321 - Actual: Orthopedic | Predicted: none

08:54:50 --->   row_id 2323 - Actual: Orthopedic | Predicted: none

08:54:53 --->   row_id 2324 - Actual: Orthopedic | Predicted: none

08:54:56 --->   row_id 2325 - Actual: Orthopedic | Predicted: none

08:54:57 --->   row_id 2326 - Actual: Orthopedic | Predicted: none

08:54:58 --->   row_id 2329 - Actual: Orthopedic | Predicted: none

08:55:00 --->   row_id 2330 - Actual: Orthopedic | Predicted: none

08:55:01 --->   row_id 2331 - Actual: Orthopedic | Predicted: none

08:55:04 --->   row_id 2332 - Actual: Orthopedic | Predicted: none

08:55:06 --->   row_id 2333 - Actual: Orthopedic | Predicted: none

08:55:07 --->   row_id 2334 - Actual: Orthopedic | Predicted: none

08:55:09 --->   row_id 2335 - Actual: Orthopedic | Predicted: none

08:55:12 --->   row_id 2336 - Actual: Orthopedic | Predicted: Cardiovascular / Pulmonary

08:55:15 --->   row_id 2338 - Actual: Orthopedic | Predicted: none

08:55:15 --->   row_id 2339 - Actual: Orthopedic | Predicted: none

08:55:16 --->   row_id 2340 - Actual: Orthopedic | Predicted: none

08:55:17 --->   row_id 2341 - Actual: Orthopedic | Predicted: none

08:55:18 --->   row_id 2342 - Actual: Orthopedic | Predicted: none

08:55:18 --->   row_id 2343 - Actual: Orthopedic | Predicted: none

08:55:20 --->   row_id 2344 - Actual: Orthopedic | Predicted: none

08:55:21 --->   row_id 2345 - Actual: Orthopedic | Predicted: none

08:55:22 --->   row_id 2346 - Actual: Orthopedic | Predicted: none

08:55:23 --->   row_id 2347 - Actual: Orthopedic | Predicted: none

08:55:24 --->   row_id 2348 - Actual: Orthopedic | Predicted: none

09:05:08 --->   row_id 2349 - Actual: Orthopedic | Predicted: none

09:05:09 --->   row_id 2350 - Actual: Orthopedic | Predicted: Orthopedic

09:05:12 --->   row_id 2351 - Actual: Orthopedic | Predicted: none

09:05:13 --->   row_id 2352 - Actual: Orthopedic | Predicted: none

09:05:13 --->   row_id 2353 - Actual: Orthopedic | Predicted: none

09:05:14 --->   row_id 2354 - Actual: Orthopedic | Predicted: none

09:05:17 --->   row_id 2355 - Actual: Orthopedic | Predicted: none

09:05:17 --->   row_id 2356 - Actual: Orthopedic | Predicted: none

09:05:18 --->   row_id 2357 - Actual: Orthopedic | Predicted: Rheumatology

09:05:21 --->   row_id 2358 - Actual: Orthopedic | Predicted: none

09:05:34 --->   row_id 2360 - Actual: Orthopedic | Predicted: none

09:05:36 --->   row_id 2361 - Actual: Orthopedic | Predicted: none

09:05:36 --->   row_id 2362 - Actual: Orthopedic | Predicted: none

09:05:37 --->   row_id 2363 - Actual: Orthopedic | Predicted: none

09:05:38 --->   row_id 2367 - Actual: Orthopedic | Predicted: none

09:15:19 --->   row_id 2368 - Actual: Ophthalmology | Predicted: none

09:15:20 --->   row_id 2371 - Actual: Ophthalmology | Predicted: none

09:15:21 --->   row_id 2373 - Actual: Ophthalmology | Predicted: Allergy / Immunology

09:15:23 --->   row_id 2378 - Actual: Ophthalmology | Predicted: none

09:15:25 --->   row_id 2380 - Actual: Ophthalmology | Predicted: none

09:15:26 --->   row_id 2387 - Actual: Ophthalmology | Predicted: none

09:15:28 --->   row_id 2388 - Actual: Ophthalmology | Predicted: none

09:15:29 --->   row_id 2389 - Actual: Ophthalmology | Predicted: none

09:15:31 --->   row_id 2390 - Actual: Ophthalmology | Predicted: none

09:15:31 --->   row_id 2391 - Actual: Ophthalmology | Predicted: none

09:15:34 --->   row_id 2395 - Actual: Ophthalmology | Predicted: none

09:15:34 --->   row_id 2396 - Actual: Ophthalmology | Predicted: none

09:15:35 --->   row_id 2399 - Actual: Ophthalmology | Predicted: none

09:15:35 --->   row_id 2402 - Actual: Ophthalmology | Predicted: none

09:15:38 --->   row_id 2405 - Actual: Ophthalmology | Predicted: none

09:15:39 --->   row_id 2408 - Actual: Ophthalmology | Predicted: none

09:15:39 --->   row_id 2409 - Actual: Ophthalmology | Predicted: none

09:15:40 --->   row_id 2414 - Actual: Ophthalmology | Predicted: none

09:15:43 --->   row_id 2421 - Actual: Ophthalmology | Predicted: none

09:15:44 --->   row_id 2424 - Actual: Ophthalmology | Predicted: none

09:15:44 --->   row_id 2425 - Actual: Ophthalmology | Predicted: none

09:15:45 --->   row_id 2426 - Actual: Ophthalmology | Predicted: none

09:16:00 --->   row_id 2427 - Actual: Ophthalmology | Predicted: none

09:16:02 --->   row_id 2429 - Actual: Ophthalmology | Predicted: Allergy / Immunology

09:16:03 --->   row_id 2430 - Actual: Ophthalmology | Predicted: none

09:16:03 --->   row_id 2436 - Actual: Ophthalmology | Predicted: none

09:16:04 --->   row_id 2438 - Actual: Ophthalmology | Predicted: none

09:16:05 --->   row_id 2440 - Actual: Ophthalmology | Predicted: Ophthalmology

09:16:06 --->   row_id 2441 - Actual: Ophthalmology | Predicted: none

09:16:06 --->   row_id 2442 - Actual: Ophthalmology | Predicted: none

09:16:07 --->   row_id 2445 - Actual: Ophthalmology | Predicted: none

09:16:08 --->   row_id 2447 - Actual: Ophthalmology | Predicted: none

09:16:11 --->   row_id 2448 - Actual: Ophthalmology | Predicted: none

09:16:11 --->   row_id 2449 - Actual: Ophthalmology | Predicted: none

09:16:11 --->   row_id 3455 - Actual: Gastroenterology | Predicted: none

09:16:13 --->   row_id 3456 - Actual: Gastroenterology | Predicted: none

09:16:15 --->   row_id 3458 - Actual: Gastroenterology | Predicted: none

09:16:18 --->   row_id 3462 - Actual: Gastroenterology | Predicted: none

09:16:21 --->   row_id 3464 - Actual: Gastroenterology | Predicted: none

09:16:21 --->   row_id 3467 - Actual: Gastroenterology | Predicted: none

09:16:22 --->   row_id 3468 - Actual: Gastroenterology | Predicted: none

09:16:38 --->   row_id 3470 - Actual: Gastroenterology | Predicted: none

09:16:38 --->   row_id 3471 - Actual: Gastroenterology | Predicted: none

09:16:39 --->   row_id 3474 - Actual: Gastroenterology | Predicted: none

09:16:40 --->   row_id 3479 - Actual: Gastroenterology | Predicted: none

09:16:41 --->   row_id 3480 - Actual: Gastroenterology | Predicted: none

09:16:42 --->   row_id 3481 - Actual: Gastroenterology | Predicted: none

09:16:44 --->   row_id 3482 - Actual: Gastroenterology | Predicted: none

09:26:32 --->   row_id 3483 - Actual: Gastroenterology | Predicted: Sleep Medicine

09:26:33 --->   row_id 3484 - Actual: Gastroenterology | Predicted: none

09:26:33 --->   row_id 3485 - Actual: Gastroenterology | Predicted: none

09:36:20 --->   row_id 3486 - Actual: Gastroenterology | Predicted: none

09:36:23 --->   row_id 3487 - Actual: Gastroenterology | Predicted: none

09:36:26 --->   row_id 3488 - Actual: Gastroenterology | Predicted: none

09:36:27 --->   row_id 3489 - Actual: Gastroenterology | Predicted: none

09:36:29 --->   row_id 3490 - Actual: Gastroenterology | Predicted: Allergy / Immunology

09:36:29 --->   row_id 3491 - Actual: Gastroenterology | Predicted: none

09:36:38 --->   row_id 3492 - Actual: Gastroenterology | Predicted: none

09:36:41 --->   row_id 3493 - Actual: Gastroenterology | Predicted: Allergy / Immunology

09:36:42 --->   row_id 3494 - Actual: Gastroenterology | Predicted: none

09:36:42 --->   row_id 3495 - Actual: Gastroenterology | Predicted: none

09:36:43 --->   row_id 3496 - Actual: Gastroenterology | Predicted: none

09:36:44 --->   row_id 3497 - Actual: Gastroenterology | Predicted: none

09:36:45 --->   row_id 3498 - Actual: Gastroenterology | Predicted: none

09:36:46 --->   row_id 3499 - Actual: Gastroenterology | Predicted: none

09:36:47 --->   row_id 3500 - Actual: Gastroenterology | Predicted: Allergy / Immunology

09:36:50 --->   row_id 3501 - Actual: Gastroenterology | Predicted: none

09:36:52 --->   row_id 3502 - Actual: Gastroenterology | Predicted: none

09:36:53 --->   row_id 3503 - Actual: Gastroenterology | Predicted: none

09:36:54 --->   row_id 3504 - Actual: Gastroenterology | Predicted: none

09:36:54 --->   row_id 3505 - Actual: Gastroenterology | Predicted: none

09:36:55 --->   row_id 3507 - Actual: Gastroenterology | Predicted: none

09:36:57 --->   row_id 3510 - Actual: Gastroenterology | Predicted: none

09:36:57 --->   row_id 3512 - Actual: Gastroenterology | Predicted: none

09:36:58 --->   row_id 3513 - Actual: Gastroenterology | Predicted: none

09:36:59 --->   row_id 3515 - Actual: Gastroenterology | Predicted: none

09:37:01 --->   row_id 3516 - Actual: Gastroenterology | Predicted: Gastroenterology

09:37:03 --->   row_id 3518 - Actual: Gastroenterology | Predicted: none

09:37:04 --->   row_id 3520 - Actual: Gastroenterology | Predicted: none

09:37:05 --->   row_id 3521 - Actual: Gastroenterology | Predicted: none

09:37:05 --->   row_id 3522 - Actual: Gastroenterology | Predicted: none

09:37:08 --->   row_id 3523 - Actual: Gastroenterology | Predicted: none

09:37:08 --->   row_id 3526 - Actual: Gastroenterology | Predicted: none

09:37:10 --->   row_id 3527 - Actual: Gastroenterology | Predicted: none

09:37:11 --->   row_id 3529 - Actual: Gastroenterology | Predicted: Gastroenterology

09:37:17 --->   row_id 3530 - Actual: Gastroenterology | Predicted: none

09:37:17 --->   row_id 3531 - Actual: Gastroenterology | Predicted: none

09:46:59 --->   row_id 3532 - Actual: Gastroenterology | Predicted: none

09:47:00 --->   row_id 3533 - Actual: Gastroenterology | Predicted: none

09:47:05 --->   row_id 3534 - Actual: Gastroenterology | Predicted: none

09:47:18 --->   row_id 3538 - Actual: Gastroenterology | Predicted: none

09:47:20 --->   row_id 3539 - Actual: Gastroenterology | Predicted: none

09:47:22 --->   row_id 3540 - Actual: Gastroenterology | Predicted: none

09:47:25 --->   row_id 3541 - Actual: Gastroenterology | Predicted: none

09:47:37 --->   row_id 3543 - Actual: Gastroenterology | Predicted: Rheumatology

09:47:39 --->   row_id 3545 - Actual: Gastroenterology | Predicted: none

09:47:53 --->   row_id 3546 - Actual: Gastroenterology | Predicted: none

09:47:54 --->   row_id 3547 - Actual: Gastroenterology | Predicted: none

09:47:55 --->   row_id 3548 - Actual: Gastroenterology | Predicted: none

09:47:58 --->   row_id 3550 - Actual: Gastroenterology | Predicted: none

09:47:59 --->   row_id 3551 - Actual: Gastroenterology | Predicted: none

09:47:59 --->   row_id 3552 - Actual: Gastroenterology | Predicted: none

09:48:00 --->   row_id 3553 - Actual: Gastroenterology | Predicted: none

09:57:43 --->   row_id 3554 - Actual: Gastroenterology | Predicted: none

10:07:27 --->   row_id 3555 - Actual: Gastroenterology | Predicted: none

10:07:28 --->   row_id 3557 - Actual: Gastroenterology | Predicted: none

10:07:28 --->   row_id 3559 - Actual: Gastroenterology | Predicted: none

10:07:31 --->   row_id 3560 - Actual: Gastroenterology | Predicted: none

10:07:34 --->   row_id 3561 - Actual: Gastroenterology | Predicted: none

10:07:34 --->   row_id 3564 - Actual: Gastroenterology | Predicted: Sleep Medicine

10:07:39 --->   row_id 3565 - Actual: Gastroenterology | Predicted: none

10:07:42 --->   row_id 3566 - Actual: Gastroenterology | Predicted: none

10:07:46 --->   row_id 3568 - Actual: Gastroenterology | Predicted: none

10:17:27 --->   row_id 3569 - Actual: Gastroenterology | Predicted: none

10:17:28 --->   row_id 3571 - Actual: Gastroenterology | Predicted: none

10:17:28 --->   row_id 3577 - Actual: Gastroenterology | Predicted: none

10:17:29 --->   row_id 3580 - Actual: Gastroenterology | Predicted: none

10:17:29 --->   row_id 3581 - Actual: Gastroenterology | Predicted: none

10:17:31 --->   row_id 3584 - Actual: Gastroenterology | Predicted: none

10:17:32 --->   row_id 3585 - Actual: Gastroenterology | Predicted: none

10:17:37 --->   row_id 3590 - Actual: Gastroenterology | Predicted: none

10:17:38 --->   row_id 3592 - Actual: Gastroenterology | Predicted: none

10:17:41 --->   row_id 3596 - Actual: Gastroenterology | Predicted: Cardiovascular / Pulmonary

10:17:43 --->   row_id 3597 - Actual: Gastroenterology | Predicted: none

10:17:46 --->   row_id 3598 - Actual: Gastroenterology | Predicted: none

10:17:53 --->   row_id 3599 - Actual: Gastroenterology | Predicted: none

10:17:55 --->   row_id 3600 - Actual: Gastroenterology | Predicted: none

10:17:56 --->   row_id 3601 - Actual: Gastroenterology | Predicted: none

10:17:56 --->   row_id 3602 - Actual: Gastroenterology | Predicted: none

10:17:57 --->   row_id 3603 - Actual: Gastroenterology | Predicted: none

10:17:58 --->   row_id 3607 - Actual: Gastroenterology | Predicted: none

10:17:59 --->   row_id 3611 - Actual: Gastroenterology | Predicted: none

10:18:02 --->   row_id 3612 - Actual: Gastroenterology | Predicted: none

10:18:04 --->   row_id 3613 - Actual: Gastroenterology | Predicted: Rheumatology

10:18:07 --->   row_id 3614 - Actual: Gastroenterology | Predicted: Allergy / Immunology

10:18:09 --->   row_id 3616 - Actual: Gastroenterology | Predicted: none

10:18:12 --->   row_id 3618 - Actual: Gastroenterology | Predicted: none

10:18:13 --->   row_id 3619 - Actual: Gastroenterology | Predicted: none

10:18:13 --->   row_id 3623 - Actual: Gastroenterology | Predicted: none

10:18:14 --->   row_id 3627 - Actual: Gastroenterology | Predicted: none

10:18:15 --->   row_id 3633 - Actual: Gastroenterology | Predicted: none

10:18:16 --->   row_id 3635 - Actual: Gastroenterology | Predicted: none

10:18:16 --->   row_id 3636 - Actual: Gastroenterology | Predicted: none

10:18:17 --->   row_id 3641 - Actual: Gastroenterology | Predicted: none

10:18:18 --->   row_id 3642 - Actual: Gastroenterology | Predicted: Cardiovascular / Pulmonary

10:18:20 --->   row_id 3643 - Actual: Gastroenterology | Predicted: ENT - Otolaryngology

10:18:40 --->   row_id 3644 - Actual: Gastroenterology | Predicted: none

10:18:50 --->   row_id 3645 - Actual: Gastroenterology | Predicted: none

10:18:51 --->   row_id 3646 - Actual: Gastroenterology | Predicted: none

10:18:52 --->   row_id 3647 - Actual: Gastroenterology | Predicted: Gastroenterology

10:18:55 --->   row_id 3648 - Actual: Gastroenterology | Predicted: none

10:18:55 --->   row_id 3649 - Actual: Gastroenterology | Predicted: none

10:18:58 --->   row_id 3651 - Actual: Gastroenterology | Predicted: none

10:19:01 --->   row_id 3653 - Actual: Gastroenterology | Predicted: none

10:19:01 --->   row_id 3654 - Actual: Gastroenterology | Predicted: none

10:19:03 --->   row_id 3655 - Actual: Gastroenterology | Predicted: none

10:19:04 --->   row_id 3656 - Actual: Gastroenterology | Predicted: none

10:19:07 --->   row_id 3659 - Actual: Gastroenterology | Predicted: none

10:19:09 --->   row_id 3661 - Actual: Gastroenterology | Predicted: none

